<?xml version="1.0" encoding="UTF-8"?>
<TestRun id="d377efd9-ec79-440b-a28e-47769e4061e2" name="Kumaran_Venkataraman@MYSHEC51628L 2011-06-12 12:16:19" runUser="ITLINFOSYS\Kumaran_Venkataraman" xmlns="http://microsoft.com/schemas/VisualStudio/TeamTest/2010">
  <TestSettings name="Local" id="5734b058-9c95-45c5-97c6-71e8d52a6fdb">
    <Description>These are default test settings for a local test run.</Description>
    <Deployment enabled="false" runDeploymentRoot="Kumaran_Venkataraman_MYSHEC51628L 2011-06-12 12_16_19">
      <DeploymentItem filename="C:\Users\Kumaran_Venkataraman\Desktop\GameOfLife\GameOfLife\bin\Debug\GameOfLife.exe" />
    </Deployment>
    <Execution>
      <TestTypeSpecific />
      <AgentRule name="Execution Agents">
      </AgentRule>
    </Execution>
  </TestSettings>
  <Times creation="2011-06-12T12:16:19.5436241+05:30" queuing="2011-06-12T12:16:22.0017647+05:30" start="2011-06-12T12:16:22.1137711+05:30" finish="2011-06-12T12:16:37.0496254+05:30" />
  <ResultSummary outcome="Error">
    <Counters total="22" executed="1" error="0" failed="0" timeout="0" aborted="1" inconclusive="0" passedButRunAborted="0" notRunnable="0" notExecuted="21" disconnected="0" warning="0" passed="0" completed="0" inProgress="0" pending="0" />
    <RunInfos>
      <RunInfo computerName="MYSHEC51628L" outcome="Warning" timestamp="2011-06-12T12:16:20.9107023+05:30">
        <Text>Deployment is currently disabled. The deployment item 'GameOfLife.exe' on test 'GameOfLifeTest.GridTest.IsNewColumnNeededAtRightTest' was not deployed.</Text>
      </RunInfo>
      <RunInfo computerName="MYSHEC51628L" outcome="Error" timestamp="2011-06-12T12:16:37.0466252+05:30">
        <Text>Test host process exited unexpectedly.</Text>
      </RunInfo>
    </RunInfos>
  </ResultSummary>
  <TestDefinitions>
    <UnitTest name="IsNewColumnNeededAtRightTest" storage="c:\users\kumaran_venkataraman\desktop\gameoflife\gameoflifetest\bin\debug\gameoflifetest.dll" id="dee993b8-67a3-f4e3-ae75-726789bfb67e">
      <DeploymentItems>
        <DeploymentItem filename="GameOfLife.exe" />
      </DeploymentItems>
      <Execution id="f7b55ccd-9200-4b09-87a7-05ac0b472513" />
      <TestMethod codeBase="C:/Users/Kumaran_Venkataraman/Desktop/GameOfLife/GameOfLifeTest/bin/Debug/GameOfLifeTest.DLL" adapterTypeName="Microsoft.VisualStudio.TestTools.TestTypes.Unit.UnitTestAdapter, Microsoft.VisualStudio.QualityTools.Tips.UnitTest.Adapter, Version=10.0.0.0, Culture=neutral, PublicKeyToken=b03f5f7f11d50a3a" className="GameOfLifeTest.GridTest, GameOfLifeTest, Version=1.0.0.0, Culture=neutral, PublicKeyToken=null" name="IsNewColumnNeededAtRightTest" />
    </UnitTest>
    <UnitTest name="ToStringTest5" storage="c:\users\kumaran_venkataraman\desktop\gameoflife\gameoflifetest\bin\debug\gameoflifetest.dll" id="2658872e-3e03-e7fe-ed96-53b63ff4c738">
      <Execution id="11761965-09c3-46ed-a930-1e880038215d" />
      <TestMethod codeBase="C:/Users/Kumaran_Venkataraman/Desktop/GameOfLife/GameOfLifeTest/bin/Debug/GameOfLifeTest.DLL" adapterTypeName="Microsoft.VisualStudio.TestTools.TestTypes.Unit.UnitTestAdapter, Microsoft.VisualStudio.QualityTools.Tips.UnitTest.Adapter, Version=10.0.0.0, Culture=neutral, PublicKeyToken=b03f5f7f11d50a3a" className="GameOfLifeTest.GridTest, GameOfLifeTest, Version=1.0.0.0, Culture=neutral, PublicKeyToken=null" name="ToStringTest5" />
    </UnitTest>
    <UnitTest name="IsAliveTest" storage="c:\users\kumaran_venkataraman\desktop\gameoflife\gameoflifetest\bin\debug\gameoflifetest.dll" id="63c8518e-2439-ebd2-e4e0-6f94830146f5">
      <Execution id="54ab7200-cdbd-41c9-a41d-4779a6bf2484" />
      <TestMethod codeBase="C:/Users/Kumaran_Venkataraman/Desktop/GameOfLife/GameOfLifeTest/bin/Debug/GameOfLifeTest.DLL" adapterTypeName="Microsoft.VisualStudio.TestTools.TestTypes.Unit.UnitTestAdapter, Microsoft.VisualStudio.QualityTools.Tips.UnitTest.Adapter, Version=10.0.0.0, Culture=neutral, PublicKeyToken=b03f5f7f11d50a3a" className="GameOfLifeTest.CellTest, GameOfLifeTest, Version=1.0.0.0, Culture=neutral, PublicKeyToken=null" name="IsAliveTest" />
    </UnitTest>
    <UnitTest name="GridConstructorTest1" storage="c:\users\kumaran_venkataraman\desktop\gameoflife\gameoflifetest\bin\debug\gameoflifetest.dll" id="fc035a48-e9e4-82dd-f1d2-c8aff44b15b0">
      <Execution id="352d74f6-dd9b-425c-ae15-67bebe8263bd" />
      <TestMethod codeBase="C:/Users/Kumaran_Venkataraman/Desktop/GameOfLife/GameOfLifeTest/bin/Debug/GameOfLifeTest.DLL" adapterTypeName="Microsoft.VisualStudio.TestTools.TestTypes.Unit.UnitTestAdapter, Microsoft.VisualStudio.QualityTools.Tips.UnitTest.Adapter, Version=10.0.0.0, Culture=neutral, PublicKeyToken=b03f5f7f11d50a3a" className="GameOfLifeTest.GridTest, GameOfLifeTest, Version=1.0.0.0, Culture=neutral, PublicKeyToken=null" name="GridConstructorTest1" />
    </UnitTest>
    <UnitTest name="ToStringTest1" storage="c:\users\kumaran_venkataraman\desktop\gameoflife\gameoflifetest\bin\debug\gameoflifetest.dll" id="f8d721a4-0f11-8174-bc5b-485fc41a33c5">
      <Execution id="6e83b55f-b472-48bd-b97f-ca8719cac9bf" />
      <TestMethod codeBase="C:/Users/Kumaran_Venkataraman/Desktop/GameOfLife/GameOfLifeTest/bin/Debug/GameOfLifeTest.DLL" adapterTypeName="Microsoft.VisualStudio.TestTools.TestTypes.Unit.UnitTestAdapter, Microsoft.VisualStudio.QualityTools.Tips.UnitTest.Adapter, Version=10.0.0.0, Culture=neutral, PublicKeyToken=b03f5f7f11d50a3a" className="GameOfLifeTest.GridTest, GameOfLifeTest, Version=1.0.0.0, Culture=neutral, PublicKeyToken=null" name="ToStringTest1" />
    </UnitTest>
    <UnitTest name="IsNewRowNeededTest" storage="c:\users\kumaran_venkataraman\desktop\gameoflife\gameoflifetest\bin\debug\gameoflifetest.dll" id="0a17ab39-6946-b5c3-5bdd-daa86e51c740">
      <Execution id="1d360097-3de6-4730-b0f3-0e287668b6b1" />
      <TestMethod codeBase="C:/Users/Kumaran_Venkataraman/Desktop/GameOfLife/GameOfLifeTest/bin/Debug/GameOfLifeTest.DLL" adapterTypeName="Microsoft.VisualStudio.TestTools.TestTypes.Unit.UnitTestAdapter, Microsoft.VisualStudio.QualityTools.Tips.UnitTest.Adapter, Version=10.0.0.0, Culture=neutral, PublicKeyToken=b03f5f7f11d50a3a" className="GameOfLifeTest.RowTest, GameOfLifeTest, Version=1.0.0.0, Culture=neutral, PublicKeyToken=null" name="IsNewRowNeededTest" />
    </UnitTest>
    <UnitTest name="GetColumnCountTest1" storage="c:\users\kumaran_venkataraman\desktop\gameoflife\gameoflifetest\bin\debug\gameoflifetest.dll" id="432f37a5-9508-df5f-9c22-f80ebe5efcc0">
      <Execution id="ba1c2171-b887-471c-a4b2-ffc8b3d8bf40" />
      <TestMethod codeBase="C:/Users/Kumaran_Venkataraman/Desktop/GameOfLife/GameOfLifeTest/bin/Debug/GameOfLifeTest.DLL" adapterTypeName="Microsoft.VisualStudio.TestTools.TestTypes.Unit.UnitTestAdapter, Microsoft.VisualStudio.QualityTools.Tips.UnitTest.Adapter, Version=10.0.0.0, Culture=neutral, PublicKeyToken=b03f5f7f11d50a3a" className="GameOfLifeTest.RowTest, GameOfLifeTest, Version=1.0.0.0, Culture=neutral, PublicKeyToken=null" name="GetColumnCountTest1" />
    </UnitTest>
    <UnitTest name="GetColumnCountTest" storage="c:\users\kumaran_venkataraman\desktop\gameoflife\gameoflifetest\bin\debug\gameoflifetest.dll" id="beae48f1-8b10-deea-96c9-33953c80edf1">
      <Execution id="31fd329a-ebb0-4af9-9366-18563d489949" />
      <TestMethod codeBase="C:/Users/Kumaran_Venkataraman/Desktop/GameOfLife/GameOfLifeTest/bin/Debug/GameOfLifeTest.DLL" adapterTypeName="Microsoft.VisualStudio.TestTools.TestTypes.Unit.UnitTestAdapter, Microsoft.VisualStudio.QualityTools.Tips.UnitTest.Adapter, Version=10.0.0.0, Culture=neutral, PublicKeyToken=b03f5f7f11d50a3a" className="GameOfLifeTest.RowTest, GameOfLifeTest, Version=1.0.0.0, Culture=neutral, PublicKeyToken=null" name="GetColumnCountTest" />
    </UnitTest>
    <UnitTest name="IsNewColumnNeededAtLeftTest" storage="c:\users\kumaran_venkataraman\desktop\gameoflife\gameoflifetest\bin\debug\gameoflifetest.dll" id="3444a78d-6ed0-77bc-f380-8049bbaa388d">
      <DeploymentItems>
        <DeploymentItem filename="GameOfLife.exe" />
      </DeploymentItems>
      <Execution id="a1ce8d3d-f880-4a33-a819-c38be4df07ad" />
      <TestMethod codeBase="C:/Users/Kumaran_Venkataraman/Desktop/GameOfLife/GameOfLifeTest/bin/Debug/GameOfLifeTest.DLL" adapterTypeName="Microsoft.VisualStudio.TestTools.TestTypes.Unit.UnitTestAdapter, Microsoft.VisualStudio.QualityTools.Tips.UnitTest.Adapter, Version=10.0.0.0, Culture=neutral, PublicKeyToken=b03f5f7f11d50a3a" className="GameOfLifeTest.GridTest, GameOfLifeTest, Version=1.0.0.0, Culture=neutral, PublicKeyToken=null" name="IsNewColumnNeededAtLeftTest" />
    </UnitTest>
    <UnitTest name="IsAliveTest2" storage="c:\users\kumaran_venkataraman\desktop\gameoflife\gameoflifetest\bin\debug\gameoflifetest.dll" id="29c44247-3ad8-d615-778b-c1ec6adcbfa0">
      <Execution id="deb3a841-cd31-4078-af3f-8f7266998461" />
      <TestMethod codeBase="C:/Users/Kumaran_Venkataraman/Desktop/GameOfLife/GameOfLifeTest/bin/Debug/GameOfLifeTest.DLL" adapterTypeName="Microsoft.VisualStudio.TestTools.TestTypes.Unit.UnitTestAdapter, Microsoft.VisualStudio.QualityTools.Tips.UnitTest.Adapter, Version=10.0.0.0, Culture=neutral, PublicKeyToken=b03f5f7f11d50a3a" className="GameOfLifeTest.CellTest, GameOfLifeTest, Version=1.0.0.0, Culture=neutral, PublicKeyToken=null" name="IsAliveTest2" />
    </UnitTest>
    <UnitTest name="RowConstructorTest" storage="c:\users\kumaran_venkataraman\desktop\gameoflife\gameoflifetest\bin\debug\gameoflifetest.dll" id="e0a2cea7-fed0-6f35-625a-1cbe1a6564e4">
      <Execution id="1cae6250-6a67-437d-8822-f806a461e0eb" />
      <TestMethod codeBase="C:/Users/Kumaran_Venkataraman/Desktop/GameOfLife/GameOfLifeTest/bin/Debug/GameOfLifeTest.DLL" adapterTypeName="Microsoft.VisualStudio.TestTools.TestTypes.Unit.UnitTestAdapter, Microsoft.VisualStudio.QualityTools.Tips.UnitTest.Adapter, Version=10.0.0.0, Culture=neutral, PublicKeyToken=b03f5f7f11d50a3a" className="GameOfLifeTest.RowTest, GameOfLifeTest, Version=1.0.0.0, Culture=neutral, PublicKeyToken=null" name="RowConstructorTest" />
    </UnitTest>
    <UnitTest name="ToStringTest" storage="c:\users\kumaran_venkataraman\desktop\gameoflife\gameoflifetest\bin\debug\gameoflifetest.dll" id="4e67a92b-ae19-d9e5-0299-f763dfc4b6d8">
      <Execution id="001c1260-fcd1-4bad-a60e-dc1d07b5b958" />
      <TestMethod codeBase="C:/Users/Kumaran_Venkataraman/Desktop/GameOfLife/GameOfLifeTest/bin/Debug/GameOfLifeTest.DLL" adapterTypeName="Microsoft.VisualStudio.TestTools.TestTypes.Unit.UnitTestAdapter, Microsoft.VisualStudio.QualityTools.Tips.UnitTest.Adapter, Version=10.0.0.0, Culture=neutral, PublicKeyToken=b03f5f7f11d50a3a" className="GameOfLifeTest.CellTest, GameOfLifeTest, Version=1.0.0.0, Culture=neutral, PublicKeyToken=null" name="ToStringTest" />
    </UnitTest>
    <UnitTest name="CellConstructorTest" storage="c:\users\kumaran_venkataraman\desktop\gameoflife\gameoflifetest\bin\debug\gameoflifetest.dll" id="a8c10fb5-c137-e6c1-92f7-8f1fb4c59deb">
      <Execution id="5df3ccb6-01fa-4f58-97fa-c5f36acabf93" />
      <TestMethod codeBase="C:/Users/Kumaran_Venkataraman/Desktop/GameOfLife/GameOfLifeTest/bin/Debug/GameOfLifeTest.DLL" adapterTypeName="Microsoft.VisualStudio.TestTools.TestTypes.Unit.UnitTestAdapter, Microsoft.VisualStudio.QualityTools.Tips.UnitTest.Adapter, Version=10.0.0.0, Culture=neutral, PublicKeyToken=b03f5f7f11d50a3a" className="GameOfLifeTest.CellTest, GameOfLifeTest, Version=1.0.0.0, Culture=neutral, PublicKeyToken=null" name="CellConstructorTest" />
    </UnitTest>
    <UnitTest name="ToStringTest3" storage="c:\users\kumaran_venkataraman\desktop\gameoflife\gameoflifetest\bin\debug\gameoflifetest.dll" id="1d33b44e-569c-2798-5327-5449e017a583">
      <Execution id="33e4ea3c-9bbe-4a72-a956-0ba2fb7d62ed" />
      <TestMethod codeBase="C:/Users/Kumaran_Venkataraman/Desktop/GameOfLife/GameOfLifeTest/bin/Debug/GameOfLifeTest.DLL" adapterTypeName="Microsoft.VisualStudio.TestTools.TestTypes.Unit.UnitTestAdapter, Microsoft.VisualStudio.QualityTools.Tips.UnitTest.Adapter, Version=10.0.0.0, Culture=neutral, PublicKeyToken=b03f5f7f11d50a3a" className="GameOfLifeTest.GridTest, GameOfLifeTest, Version=1.0.0.0, Culture=neutral, PublicKeyToken=null" name="ToStringTest3" />
    </UnitTest>
    <UnitTest name="IsNewColumnNeededAtLeftTest1" storage="c:\users\kumaran_venkataraman\desktop\gameoflife\gameoflifetest\bin\debug\gameoflifetest.dll" id="ac032d1b-affc-94c0-c9e0-91dc39a52878">
      <DeploymentItems>
        <DeploymentItem filename="GameOfLife.exe" />
      </DeploymentItems>
      <Execution id="2eb2a4a4-cbbc-49f4-bccf-c6ed65671847" />
      <TestMethod codeBase="C:/Users/Kumaran_Venkataraman/Desktop/GameOfLife/GameOfLifeTest/bin/Debug/GameOfLifeTest.DLL" adapterTypeName="Microsoft.VisualStudio.TestTools.TestTypes.Unit.UnitTestAdapter, Microsoft.VisualStudio.QualityTools.Tips.UnitTest.Adapter, Version=10.0.0.0, Culture=neutral, PublicKeyToken=b03f5f7f11d50a3a" className="GameOfLifeTest.GridTest, GameOfLifeTest, Version=1.0.0.0, Culture=neutral, PublicKeyToken=null" name="IsNewColumnNeededAtLeftTest1" />
    </UnitTest>
    <UnitTest name="ToStringTest2" storage="c:\users\kumaran_venkataraman\desktop\gameoflife\gameoflifetest\bin\debug\gameoflifetest.dll" id="b8ff4e9a-2465-67cd-8dbd-8b9e678b7f10">
      <Execution id="1672dec6-6a6b-496f-a641-7b5b58b072c6" />
      <TestMethod codeBase="C:/Users/Kumaran_Venkataraman/Desktop/GameOfLife/GameOfLifeTest/bin/Debug/GameOfLifeTest.DLL" adapterTypeName="Microsoft.VisualStudio.TestTools.TestTypes.Unit.UnitTestAdapter, Microsoft.VisualStudio.QualityTools.Tips.UnitTest.Adapter, Version=10.0.0.0, Culture=neutral, PublicKeyToken=b03f5f7f11d50a3a" className="GameOfLifeTest.GridTest, GameOfLifeTest, Version=1.0.0.0, Culture=neutral, PublicKeyToken=null" name="ToStringTest2" />
    </UnitTest>
    <UnitTest name="ToStringTest6" storage="c:\users\kumaran_venkataraman\desktop\gameoflife\gameoflifetest\bin\debug\gameoflifetest.dll" id="ca373f64-4752-067d-da01-80ebd5e1c37e">
      <Execution id="70e423a4-6502-4448-a98d-c521e8e8f7f7" />
      <TestMethod codeBase="C:/Users/Kumaran_Venkataraman/Desktop/GameOfLife/GameOfLifeTest/bin/Debug/GameOfLifeTest.DLL" adapterTypeName="Microsoft.VisualStudio.TestTools.TestTypes.Unit.UnitTestAdapter, Microsoft.VisualStudio.QualityTools.Tips.UnitTest.Adapter, Version=10.0.0.0, Culture=neutral, PublicKeyToken=b03f5f7f11d50a3a" className="GameOfLifeTest.GridTest, GameOfLifeTest, Version=1.0.0.0, Culture=neutral, PublicKeyToken=null" name="ToStringTest6" />
    </UnitTest>
    <UnitTest name="ToStringTest" storage="c:\users\kumaran_venkataraman\desktop\gameoflife\gameoflifetest\bin\debug\gameoflifetest.dll" id="6b4f5743-f93c-e414-be2f-c2f2fce3a5c2">
      <Execution id="9624e4b8-d931-464d-be7a-48adc1a00ec5" />
      <TestMethod codeBase="C:/Users/Kumaran_Venkataraman/Desktop/GameOfLife/GameOfLifeTest/bin/Debug/GameOfLifeTest.DLL" adapterTypeName="Microsoft.VisualStudio.TestTools.TestTypes.Unit.UnitTestAdapter, Microsoft.VisualStudio.QualityTools.Tips.UnitTest.Adapter, Version=10.0.0.0, Culture=neutral, PublicKeyToken=b03f5f7f11d50a3a" className="GameOfLifeTest.RowTest, GameOfLifeTest, Version=1.0.0.0, Culture=neutral, PublicKeyToken=null" name="ToStringTest" />
    </UnitTest>
    <UnitTest name="IsNewRowNeededTest1" storage="c:\users\kumaran_venkataraman\desktop\gameoflife\gameoflifetest\bin\debug\gameoflifetest.dll" id="7074d83c-bec0-987d-6d75-c3da324212d2">
      <Execution id="601e80f4-f16e-4a62-8ad4-97fb54db99dd" />
      <TestMethod codeBase="C:/Users/Kumaran_Venkataraman/Desktop/GameOfLife/GameOfLifeTest/bin/Debug/GameOfLifeTest.DLL" adapterTypeName="Microsoft.VisualStudio.TestTools.TestTypes.Unit.UnitTestAdapter, Microsoft.VisualStudio.QualityTools.Tips.UnitTest.Adapter, Version=10.0.0.0, Culture=neutral, PublicKeyToken=b03f5f7f11d50a3a" className="GameOfLifeTest.RowTest, GameOfLifeTest, Version=1.0.0.0, Culture=neutral, PublicKeyToken=null" name="IsNewRowNeededTest1" />
    </UnitTest>
    <UnitTest name="ToStringTest4" storage="c:\users\kumaran_venkataraman\desktop\gameoflife\gameoflifetest\bin\debug\gameoflifetest.dll" id="df48ed7f-e6c8-b9d2-e542-4837559b246d">
      <Execution id="49be53d1-6e42-40aa-8ec4-a0945b4d5b00" />
      <TestMethod codeBase="C:/Users/Kumaran_Venkataraman/Desktop/GameOfLife/GameOfLifeTest/bin/Debug/GameOfLifeTest.DLL" adapterTypeName="Microsoft.VisualStudio.TestTools.TestTypes.Unit.UnitTestAdapter, Microsoft.VisualStudio.QualityTools.Tips.UnitTest.Adapter, Version=10.0.0.0, Culture=neutral, PublicKeyToken=b03f5f7f11d50a3a" className="GameOfLifeTest.GridTest, GameOfLifeTest, Version=1.0.0.0, Culture=neutral, PublicKeyToken=null" name="ToStringTest4" />
    </UnitTest>
    <UnitTest name="ToStringTest7" storage="c:\users\kumaran_venkataraman\desktop\gameoflife\gameoflifetest\bin\debug\gameoflifetest.dll" id="acf86805-7912-ae76-5e60-498d52ead98f">
      <Execution id="eec25d88-160a-43e4-9be1-8195d5444a2c" />
      <TestMethod codeBase="C:/Users/Kumaran_Venkataraman/Desktop/GameOfLife/GameOfLifeTest/bin/Debug/GameOfLifeTest.DLL" adapterTypeName="Microsoft.VisualStudio.TestTools.TestTypes.Unit.UnitTestAdapter, Microsoft.VisualStudio.QualityTools.Tips.UnitTest.Adapter, Version=10.0.0.0, Culture=neutral, PublicKeyToken=b03f5f7f11d50a3a" className="GameOfLifeTest.GridTest, GameOfLifeTest, Version=1.0.0.0, Culture=neutral, PublicKeyToken=null" name="ToStringTest7" />
    </UnitTest>
    <UnitTest name="IsNewColumnNeededAtRightTest1" storage="c:\users\kumaran_venkataraman\desktop\gameoflife\gameoflifetest\bin\debug\gameoflifetest.dll" id="b23fc4bb-6bc1-4a97-081e-2ab90d1dbb11">
      <DeploymentItems>
        <DeploymentItem filename="GameOfLife.exe" />
      </DeploymentItems>
      <Execution id="6440728e-f2e3-4b7e-92d3-261f94f78d27" />
      <TestMethod codeBase="C:/Users/Kumaran_Venkataraman/Desktop/GameOfLife/GameOfLifeTest/bin/Debug/GameOfLifeTest.DLL" adapterTypeName="Microsoft.VisualStudio.TestTools.TestTypes.Unit.UnitTestAdapter, Microsoft.VisualStudio.QualityTools.Tips.UnitTest.Adapter, Version=10.0.0.0, Culture=neutral, PublicKeyToken=b03f5f7f11d50a3a" className="GameOfLifeTest.GridTest, GameOfLifeTest, Version=1.0.0.0, Culture=neutral, PublicKeyToken=null" name="IsNewColumnNeededAtRightTest1" />
    </UnitTest>
  </TestDefinitions>
  <TestLists>
    <TestList name="Results Not in a List" id="8c84fa94-04c1-424b-9868-57a2d4851a1d" />
    <TestList name="All Loaded Results" id="19431567-8539-422a-85d7-44ee4e166bda" />
  </TestLists>
  <TestEntries>
    <TestEntry testId="f8d721a4-0f11-8174-bc5b-485fc41a33c5" executionId="6e83b55f-b472-48bd-b97f-ca8719cac9bf" testListId="8c84fa94-04c1-424b-9868-57a2d4851a1d" />
    <TestEntry testId="b8ff4e9a-2465-67cd-8dbd-8b9e678b7f10" executionId="1672dec6-6a6b-496f-a641-7b5b58b072c6" testListId="8c84fa94-04c1-424b-9868-57a2d4851a1d" />
    <TestEntry testId="1d33b44e-569c-2798-5327-5449e017a583" executionId="33e4ea3c-9bbe-4a72-a956-0ba2fb7d62ed" testListId="8c84fa94-04c1-424b-9868-57a2d4851a1d" />
    <TestEntry testId="df48ed7f-e6c8-b9d2-e542-4837559b246d" executionId="49be53d1-6e42-40aa-8ec4-a0945b4d5b00" testListId="8c84fa94-04c1-424b-9868-57a2d4851a1d" />
    <TestEntry testId="2658872e-3e03-e7fe-ed96-53b63ff4c738" executionId="11761965-09c3-46ed-a930-1e880038215d" testListId="8c84fa94-04c1-424b-9868-57a2d4851a1d" />
    <TestEntry testId="ca373f64-4752-067d-da01-80ebd5e1c37e" executionId="70e423a4-6502-4448-a98d-c521e8e8f7f7" testListId="8c84fa94-04c1-424b-9868-57a2d4851a1d" />
    <TestEntry testId="acf86805-7912-ae76-5e60-498d52ead98f" executionId="eec25d88-160a-43e4-9be1-8195d5444a2c" testListId="8c84fa94-04c1-424b-9868-57a2d4851a1d" />
    <TestEntry testId="dee993b8-67a3-f4e3-ae75-726789bfb67e" executionId="f7b55ccd-9200-4b09-87a7-05ac0b472513" testListId="8c84fa94-04c1-424b-9868-57a2d4851a1d" />
    <TestEntry testId="b23fc4bb-6bc1-4a97-081e-2ab90d1dbb11" executionId="6440728e-f2e3-4b7e-92d3-261f94f78d27" testListId="8c84fa94-04c1-424b-9868-57a2d4851a1d" />
    <TestEntry testId="3444a78d-6ed0-77bc-f380-8049bbaa388d" executionId="a1ce8d3d-f880-4a33-a819-c38be4df07ad" testListId="8c84fa94-04c1-424b-9868-57a2d4851a1d" />
    <TestEntry testId="ac032d1b-affc-94c0-c9e0-91dc39a52878" executionId="2eb2a4a4-cbbc-49f4-bccf-c6ed65671847" testListId="8c84fa94-04c1-424b-9868-57a2d4851a1d" />
    <TestEntry testId="fc035a48-e9e4-82dd-f1d2-c8aff44b15b0" executionId="352d74f6-dd9b-425c-ae15-67bebe8263bd" testListId="8c84fa94-04c1-424b-9868-57a2d4851a1d" />
    <TestEntry testId="6b4f5743-f93c-e414-be2f-c2f2fce3a5c2" executionId="9624e4b8-d931-464d-be7a-48adc1a00ec5" testListId="8c84fa94-04c1-424b-9868-57a2d4851a1d" />
    <TestEntry testId="e0a2cea7-fed0-6f35-625a-1cbe1a6564e4" executionId="1cae6250-6a67-437d-8822-f806a461e0eb" testListId="8c84fa94-04c1-424b-9868-57a2d4851a1d" />
    <TestEntry testId="beae48f1-8b10-deea-96c9-33953c80edf1" executionId="31fd329a-ebb0-4af9-9366-18563d489949" testListId="8c84fa94-04c1-424b-9868-57a2d4851a1d" />
    <TestEntry testId="432f37a5-9508-df5f-9c22-f80ebe5efcc0" executionId="ba1c2171-b887-471c-a4b2-ffc8b3d8bf40" testListId="8c84fa94-04c1-424b-9868-57a2d4851a1d" />
    <TestEntry testId="0a17ab39-6946-b5c3-5bdd-daa86e51c740" executionId="1d360097-3de6-4730-b0f3-0e287668b6b1" testListId="8c84fa94-04c1-424b-9868-57a2d4851a1d" />
    <TestEntry testId="7074d83c-bec0-987d-6d75-c3da324212d2" executionId="601e80f4-f16e-4a62-8ad4-97fb54db99dd" testListId="8c84fa94-04c1-424b-9868-57a2d4851a1d" />
    <TestEntry testId="a8c10fb5-c137-e6c1-92f7-8f1fb4c59deb" executionId="5df3ccb6-01fa-4f58-97fa-c5f36acabf93" testListId="8c84fa94-04c1-424b-9868-57a2d4851a1d" />
    <TestEntry testId="63c8518e-2439-ebd2-e4e0-6f94830146f5" executionId="54ab7200-cdbd-41c9-a41d-4779a6bf2484" testListId="8c84fa94-04c1-424b-9868-57a2d4851a1d" />
    <TestEntry testId="29c44247-3ad8-d615-778b-c1ec6adcbfa0" executionId="deb3a841-cd31-4078-af3f-8f7266998461" testListId="8c84fa94-04c1-424b-9868-57a2d4851a1d" />
    <TestEntry testId="4e67a92b-ae19-d9e5-0299-f763dfc4b6d8" executionId="001c1260-fcd1-4bad-a60e-dc1d07b5b958" testListId="8c84fa94-04c1-424b-9868-57a2d4851a1d" />
  </TestEntries>
  <Results>
    <UnitTestResult executionId="6e83b55f-b472-48bd-b97f-ca8719cac9bf" testId="f8d721a4-0f11-8174-bc5b-485fc41a33c5" testName="ToStringTest1" computerName="MYSHEC51628L" duration="00:00:14.8468492" startTime="2011-06-12T12:16:22.2007761+05:30" endTime="2011-06-12T12:16:37.0476253+05:30" testType="13cdc9d9-ddb5-4fa4-a97d-d965ccfc6d4b" outcome="Aborted" testListId="8c84fa94-04c1-424b-9868-57a2d4851a1d" relativeResultsDirectory="6e83b55f-b472-48bd-b97f-ca8719cac9bf">
    </UnitTestResult>
    <UnitTestResult executionId="1672dec6-6a6b-496f-a641-7b5b58b072c6" testId="b8ff4e9a-2465-67cd-8dbd-8b9e678b7f10" testName="ToStringTest2" computerName="MYSHEC51628L" testType="13cdc9d9-ddb5-4fa4-a97d-d965ccfc6d4b" outcome="NotExecuted" testListId="8c84fa94-04c1-424b-9868-57a2d4851a1d" relativeResultsDirectory="1672dec6-6a6b-496f-a641-7b5b58b072c6">
    </UnitTestResult>
    <UnitTestResult executionId="33e4ea3c-9bbe-4a72-a956-0ba2fb7d62ed" testId="1d33b44e-569c-2798-5327-5449e017a583" testName="ToStringTest3" computerName="MYSHEC51628L" testType="13cdc9d9-ddb5-4fa4-a97d-d965ccfc6d4b" outcome="NotExecuted" testListId="8c84fa94-04c1-424b-9868-57a2d4851a1d" relativeResultsDirectory="33e4ea3c-9bbe-4a72-a956-0ba2fb7d62ed">
    </UnitTestResult>
    <UnitTestResult executionId="49be53d1-6e42-40aa-8ec4-a0945b4d5b00" testId="df48ed7f-e6c8-b9d2-e542-4837559b246d" testName="ToStringTest4" computerName="MYSHEC51628L" testType="13cdc9d9-ddb5-4fa4-a97d-d965ccfc6d4b" outcome="NotExecuted" testListId="8c84fa94-04c1-424b-9868-57a2d4851a1d" relativeResultsDirectory="49be53d1-6e42-40aa-8ec4-a0945b4d5b00">
    </UnitTestResult>
    <UnitTestResult executionId="11761965-09c3-46ed-a930-1e880038215d" testId="2658872e-3e03-e7fe-ed96-53b63ff4c738" testName="ToStringTest5" computerName="MYSHEC51628L" testType="13cdc9d9-ddb5-4fa4-a97d-d965ccfc6d4b" outcome="NotExecuted" testListId="8c84fa94-04c1-424b-9868-57a2d4851a1d" relativeResultsDirectory="11761965-09c3-46ed-a930-1e880038215d">
    </UnitTestResult>
    <UnitTestResult executionId="70e423a4-6502-4448-a98d-c521e8e8f7f7" testId="ca373f64-4752-067d-da01-80ebd5e1c37e" testName="ToStringTest6" computerName="MYSHEC51628L" testType="13cdc9d9-ddb5-4fa4-a97d-d965ccfc6d4b" outcome="NotExecuted" testListId="8c84fa94-04c1-424b-9868-57a2d4851a1d" relativeResultsDirectory="70e423a4-6502-4448-a98d-c521e8e8f7f7">
    </UnitTestResult>
    <UnitTestResult executionId="eec25d88-160a-43e4-9be1-8195d5444a2c" testId="acf86805-7912-ae76-5e60-498d52ead98f" testName="ToStringTest7" computerName="MYSHEC51628L" testType="13cdc9d9-ddb5-4fa4-a97d-d965ccfc6d4b" outcome="NotExecuted" testListId="8c84fa94-04c1-424b-9868-57a2d4851a1d" relativeResultsDirectory="eec25d88-160a-43e4-9be1-8195d5444a2c">
    </UnitTestResult>
    <UnitTestResult executionId="f7b55ccd-9200-4b09-87a7-05ac0b472513" testId="dee993b8-67a3-f4e3-ae75-726789bfb67e" testName="IsNewColumnNeededAtRightTest" computerName="MYSHEC51628L" testType="13cdc9d9-ddb5-4fa4-a97d-d965ccfc6d4b" outcome="NotExecuted" testListId="8c84fa94-04c1-424b-9868-57a2d4851a1d" relativeResultsDirectory="f7b55ccd-9200-4b09-87a7-05ac0b472513">
    </UnitTestResult>
    <UnitTestResult executionId="6440728e-f2e3-4b7e-92d3-261f94f78d27" testId="b23fc4bb-6bc1-4a97-081e-2ab90d1dbb11" testName="IsNewColumnNeededAtRightTest1" computerName="MYSHEC51628L" testType="13cdc9d9-ddb5-4fa4-a97d-d965ccfc6d4b" outcome="NotExecuted" testListId="8c84fa94-04c1-424b-9868-57a2d4851a1d" relativeResultsDirectory="6440728e-f2e3-4b7e-92d3-261f94f78d27">
    </UnitTestResult>
    <UnitTestResult executionId="a1ce8d3d-f880-4a33-a819-c38be4df07ad" testId="3444a78d-6ed0-77bc-f380-8049bbaa388d" testName="IsNewColumnNeededAtLeftTest" computerName="MYSHEC51628L" testType="13cdc9d9-ddb5-4fa4-a97d-d965ccfc6d4b" outcome="NotExecuted" testListId="8c84fa94-04c1-424b-9868-57a2d4851a1d" relativeResultsDirectory="a1ce8d3d-f880-4a33-a819-c38be4df07ad">
    </UnitTestResult>
    <UnitTestResult executionId="2eb2a4a4-cbbc-49f4-bccf-c6ed65671847" testId="ac032d1b-affc-94c0-c9e0-91dc39a52878" testName="IsNewColumnNeededAtLeftTest1" computerName="MYSHEC51628L" testType="13cdc9d9-ddb5-4fa4-a97d-d965ccfc6d4b" outcome="NotExecuted" testListId="8c84fa94-04c1-424b-9868-57a2d4851a1d" relativeResultsDirectory="2eb2a4a4-cbbc-49f4-bccf-c6ed65671847">
    </UnitTestResult>
    <UnitTestResult executionId="352d74f6-dd9b-425c-ae15-67bebe8263bd" testId="fc035a48-e9e4-82dd-f1d2-c8aff44b15b0" testName="GridConstructorTest1" computerName="MYSHEC51628L" testType="13cdc9d9-ddb5-4fa4-a97d-d965ccfc6d4b" outcome="NotExecuted" testListId="8c84fa94-04c1-424b-9868-57a2d4851a1d" relativeResultsDirectory="352d74f6-dd9b-425c-ae15-67bebe8263bd">
    </UnitTestResult>
    <UnitTestResult executionId="9624e4b8-d931-464d-be7a-48adc1a00ec5" testId="6b4f5743-f93c-e414-be2f-c2f2fce3a5c2" testName="ToStringTest" computerName="MYSHEC51628L" testType="13cdc9d9-ddb5-4fa4-a97d-d965ccfc6d4b" outcome="NotExecuted" testListId="8c84fa94-04c1-424b-9868-57a2d4851a1d" relativeResultsDirectory="9624e4b8-d931-464d-be7a-48adc1a00ec5">
    </UnitTestResult>
    <UnitTestResult executionId="1cae6250-6a67-437d-8822-f806a461e0eb" testId="e0a2cea7-fed0-6f35-625a-1cbe1a6564e4" testName="RowConstructorTest" computerName="MYSHEC51628L" testType="13cdc9d9-ddb5-4fa4-a97d-d965ccfc6d4b" outcome="NotExecuted" testListId="8c84fa94-04c1-424b-9868-57a2d4851a1d" relativeResultsDirectory="1cae6250-6a67-437d-8822-f806a461e0eb">
    </UnitTestResult>
    <UnitTestResult executionId="31fd329a-ebb0-4af9-9366-18563d489949" testId="beae48f1-8b10-deea-96c9-33953c80edf1" testName="GetColumnCountTest" computerName="MYSHEC51628L" testType="13cdc9d9-ddb5-4fa4-a97d-d965ccfc6d4b" outcome="NotExecuted" testListId="8c84fa94-04c1-424b-9868-57a2d4851a1d" relativeResultsDirectory="31fd329a-ebb0-4af9-9366-18563d489949">
    </UnitTestResult>
    <UnitTestResult executionId="ba1c2171-b887-471c-a4b2-ffc8b3d8bf40" testId="432f37a5-9508-df5f-9c22-f80ebe5efcc0" testName="GetColumnCountTest1" computerName="MYSHEC51628L" testType="13cdc9d9-ddb5-4fa4-a97d-d965ccfc6d4b" outcome="NotExecuted" testListId="8c84fa94-04c1-424b-9868-57a2d4851a1d" relativeResultsDirectory="ba1c2171-b887-471c-a4b2-ffc8b3d8bf40">
    </UnitTestResult>
    <UnitTestResult executionId="1d360097-3de6-4730-b0f3-0e287668b6b1" testId="0a17ab39-6946-b5c3-5bdd-daa86e51c740" testName="IsNewRowNeededTest" computerName="MYSHEC51628L" testType="13cdc9d9-ddb5-4fa4-a97d-d965ccfc6d4b" outcome="NotExecuted" testListId="8c84fa94-04c1-424b-9868-57a2d4851a1d" relativeResultsDirectory="1d360097-3de6-4730-b0f3-0e287668b6b1">
    </UnitTestResult>
    <UnitTestResult executionId="601e80f4-f16e-4a62-8ad4-97fb54db99dd" testId="7074d83c-bec0-987d-6d75-c3da324212d2" testName="IsNewRowNeededTest1" computerName="MYSHEC51628L" testType="13cdc9d9-ddb5-4fa4-a97d-d965ccfc6d4b" outcome="NotExecuted" testListId="8c84fa94-04c1-424b-9868-57a2d4851a1d" relativeResultsDirectory="601e80f4-f16e-4a62-8ad4-97fb54db99dd">
    </UnitTestResult>
    <UnitTestResult executionId="5df3ccb6-01fa-4f58-97fa-c5f36acabf93" testId="a8c10fb5-c137-e6c1-92f7-8f1fb4c59deb" testName="CellConstructorTest" computerName="MYSHEC51628L" testType="13cdc9d9-ddb5-4fa4-a97d-d965ccfc6d4b" outcome="NotExecuted" testListId="8c84fa94-04c1-424b-9868-57a2d4851a1d" relativeResultsDirectory="5df3ccb6-01fa-4f58-97fa-c5f36acabf93">
    </UnitTestResult>
    <UnitTestResult executionId="54ab7200-cdbd-41c9-a41d-4779a6bf2484" testId="63c8518e-2439-ebd2-e4e0-6f94830146f5" testName="IsAliveTest" computerName="MYSHEC51628L" testType="13cdc9d9-ddb5-4fa4-a97d-d965ccfc6d4b" outcome="NotExecuted" testListId="8c84fa94-04c1-424b-9868-57a2d4851a1d" relativeResultsDirectory="54ab7200-cdbd-41c9-a41d-4779a6bf2484">
    </UnitTestResult>
    <UnitTestResult executionId="deb3a841-cd31-4078-af3f-8f7266998461" testId="29c44247-3ad8-d615-778b-c1ec6adcbfa0" testName="IsAliveTest2" computerName="MYSHEC51628L" testType="13cdc9d9-ddb5-4fa4-a97d-d965ccfc6d4b" outcome="NotExecuted" testListId="8c84fa94-04c1-424b-9868-57a2d4851a1d" relativeResultsDirectory="deb3a841-cd31-4078-af3f-8f7266998461">
    </UnitTestResult>
    <UnitTestResult executionId="001c1260-fcd1-4bad-a60e-dc1d07b5b958" testId="4e67a92b-ae19-d9e5-0299-f763dfc4b6d8" testName="ToStringTest" computerName="MYSHEC51628L" testType="13cdc9d9-ddb5-4fa4-a97d-d965ccfc6d4b" outcome="NotExecuted" testListId="8c84fa94-04c1-424b-9868-57a2d4851a1d" relativeResultsDirectory="001c1260-fcd1-4bad-a60e-dc1d07b5b958">
    </UnitTestResult>
  </Results>
</TestRun>