<?xml version="1.0" encoding="UTF-8"?>
<TestRun id="414da022-47f9-4ee8-b619-2e10e9cf13af" name="Kumaran_Venkataraman@MYSHEC51628L 2011-06-12 12:17:08" runUser="ITLINFOSYS\Kumaran_Venkataraman" xmlns="http://microsoft.com/schemas/VisualStudio/TeamTest/2010">
  <TestSettings name="Local" id="5734b058-9c95-45c5-97c6-71e8d52a6fdb">
    <Description>These are default test settings for a local test run.</Description>
    <Deployment enabled="false" runDeploymentRoot="Kumaran_Venkataraman_MYSHEC51628L 2011-06-12 12_17_08">
      <DeploymentItem filename="C:\Users\Kumaran_Venkataraman\Desktop\GameOfLife\GameOfLife\bin\Debug\GameOfLife.exe" />
    </Deployment>
    <Execution>
      <TestTypeSpecific />
      <AgentRule name="Execution Agents">
      </AgentRule>
    </Execution>
  </TestSettings>
  <Times creation="2011-06-12T12:17:08.5684282+05:30" queuing="2011-06-12T12:17:10.5285403+05:30" start="2011-06-12T12:17:10.6545475+05:30" finish="2011-06-12T12:17:12.1926355+05:30" />
  <ResultSummary outcome="Warning">
    <Counters total="22" executed="22" passed="22" error="0" failed="0" timeout="0" aborted="0" inconclusive="0" passedButRunAborted="0" notRunnable="0" notExecuted="0" disconnected="0" warning="0" completed="0" inProgress="0" pending="0" />
    <RunInfos>
      <RunInfo computerName="MYSHEC51628L" outcome="Warning" timestamp="2011-06-12T12:17:09.3724742+05:30">
        <Text>Deployment is currently disabled. The deployment item 'GameOfLife.exe' on test 'GameOfLifeTest.GridTest.IsNewColumnNeededAtRightTest' was not deployed.</Text>
      </RunInfo>
    </RunInfos>
  </ResultSummary>
  <TestDefinitions>
    <UnitTest name="IsNewColumnNeededAtRightTest" storage="c:\users\kumaran_venkataraman\desktop\gameoflife\gameoflifetest\bin\debug\gameoflifetest.dll" id="dee993b8-67a3-f4e3-ae75-726789bfb67e">
      <DeploymentItems>
        <DeploymentItem filename="GameOfLife.exe" />
      </DeploymentItems>
      <Execution id="49f7cbd1-bbd0-40fd-b13e-b989a410c2b5" />
      <TestMethod codeBase="C:/Users/Kumaran_Venkataraman/Desktop/GameOfLife/GameOfLifeTest/bin/Debug/GameOfLifeTest.DLL" adapterTypeName="Microsoft.VisualStudio.TestTools.TestTypes.Unit.UnitTestAdapter, Microsoft.VisualStudio.QualityTools.Tips.UnitTest.Adapter, Version=10.0.0.0, Culture=neutral, PublicKeyToken=b03f5f7f11d50a3a" className="GameOfLifeTest.GridTest, GameOfLifeTest, Version=1.0.0.0, Culture=neutral, PublicKeyToken=null" name="IsNewColumnNeededAtRightTest" />
    </UnitTest>
    <UnitTest name="ToStringTest5" storage="c:\users\kumaran_venkataraman\desktop\gameoflife\gameoflifetest\bin\debug\gameoflifetest.dll" id="2658872e-3e03-e7fe-ed96-53b63ff4c738">
      <Execution id="77d45ac8-00f9-4a74-a40a-6ce05aa15c4d" />
      <TestMethod codeBase="C:/Users/Kumaran_Venkataraman/Desktop/GameOfLife/GameOfLifeTest/bin/Debug/GameOfLifeTest.DLL" adapterTypeName="Microsoft.VisualStudio.TestTools.TestTypes.Unit.UnitTestAdapter, Microsoft.VisualStudio.QualityTools.Tips.UnitTest.Adapter, Version=10.0.0.0, Culture=neutral, PublicKeyToken=b03f5f7f11d50a3a" className="GameOfLifeTest.GridTest, GameOfLifeTest, Version=1.0.0.0, Culture=neutral, PublicKeyToken=null" name="ToStringTest5" />
    </UnitTest>
    <UnitTest name="IsAliveTest" storage="c:\users\kumaran_venkataraman\desktop\gameoflife\gameoflifetest\bin\debug\gameoflifetest.dll" id="63c8518e-2439-ebd2-e4e0-6f94830146f5">
      <Execution id="6bdb2669-bbd1-4d9a-b45a-88e696c9cf4b" />
      <TestMethod codeBase="C:/Users/Kumaran_Venkataraman/Desktop/GameOfLife/GameOfLifeTest/bin/Debug/GameOfLifeTest.DLL" adapterTypeName="Microsoft.VisualStudio.TestTools.TestTypes.Unit.UnitTestAdapter, Microsoft.VisualStudio.QualityTools.Tips.UnitTest.Adapter, Version=10.0.0.0, Culture=neutral, PublicKeyToken=b03f5f7f11d50a3a" className="GameOfLifeTest.CellTest, GameOfLifeTest, Version=1.0.0.0, Culture=neutral, PublicKeyToken=null" name="IsAliveTest" />
    </UnitTest>
    <UnitTest name="GridConstructorTest1" storage="c:\users\kumaran_venkataraman\desktop\gameoflife\gameoflifetest\bin\debug\gameoflifetest.dll" id="fc035a48-e9e4-82dd-f1d2-c8aff44b15b0">
      <Execution id="e7d7561d-fac9-4229-bec7-a367aca02a35" />
      <TestMethod codeBase="C:/Users/Kumaran_Venkataraman/Desktop/GameOfLife/GameOfLifeTest/bin/Debug/GameOfLifeTest.DLL" adapterTypeName="Microsoft.VisualStudio.TestTools.TestTypes.Unit.UnitTestAdapter, Microsoft.VisualStudio.QualityTools.Tips.UnitTest.Adapter, Version=10.0.0.0, Culture=neutral, PublicKeyToken=b03f5f7f11d50a3a" className="GameOfLifeTest.GridTest, GameOfLifeTest, Version=1.0.0.0, Culture=neutral, PublicKeyToken=null" name="GridConstructorTest1" />
    </UnitTest>
    <UnitTest name="ToStringTest1" storage="c:\users\kumaran_venkataraman\desktop\gameoflife\gameoflifetest\bin\debug\gameoflifetest.dll" id="f8d721a4-0f11-8174-bc5b-485fc41a33c5">
      <Execution id="6bf50370-d57c-45de-b498-95c6e1460dc2" />
      <TestMethod codeBase="C:/Users/Kumaran_Venkataraman/Desktop/GameOfLife/GameOfLifeTest/bin/Debug/GameOfLifeTest.DLL" adapterTypeName="Microsoft.VisualStudio.TestTools.TestTypes.Unit.UnitTestAdapter, Microsoft.VisualStudio.QualityTools.Tips.UnitTest.Adapter, Version=10.0.0.0, Culture=neutral, PublicKeyToken=b03f5f7f11d50a3a" className="GameOfLifeTest.GridTest, GameOfLifeTest, Version=1.0.0.0, Culture=neutral, PublicKeyToken=null" name="ToStringTest1" />
    </UnitTest>
    <UnitTest name="IsNewRowNeededTest" storage="c:\users\kumaran_venkataraman\desktop\gameoflife\gameoflifetest\bin\debug\gameoflifetest.dll" id="0a17ab39-6946-b5c3-5bdd-daa86e51c740">
      <Execution id="ba365793-23c1-4f18-af60-e34c98a7f74a" />
      <TestMethod codeBase="C:/Users/Kumaran_Venkataraman/Desktop/GameOfLife/GameOfLifeTest/bin/Debug/GameOfLifeTest.DLL" adapterTypeName="Microsoft.VisualStudio.TestTools.TestTypes.Unit.UnitTestAdapter, Microsoft.VisualStudio.QualityTools.Tips.UnitTest.Adapter, Version=10.0.0.0, Culture=neutral, PublicKeyToken=b03f5f7f11d50a3a" className="GameOfLifeTest.RowTest, GameOfLifeTest, Version=1.0.0.0, Culture=neutral, PublicKeyToken=null" name="IsNewRowNeededTest" />
    </UnitTest>
    <UnitTest name="GetColumnCountTest1" storage="c:\users\kumaran_venkataraman\desktop\gameoflife\gameoflifetest\bin\debug\gameoflifetest.dll" id="432f37a5-9508-df5f-9c22-f80ebe5efcc0">
      <Execution id="1cf71255-0c05-4305-ae10-6aaf71cb7349" />
      <TestMethod codeBase="C:/Users/Kumaran_Venkataraman/Desktop/GameOfLife/GameOfLifeTest/bin/Debug/GameOfLifeTest.DLL" adapterTypeName="Microsoft.VisualStudio.TestTools.TestTypes.Unit.UnitTestAdapter, Microsoft.VisualStudio.QualityTools.Tips.UnitTest.Adapter, Version=10.0.0.0, Culture=neutral, PublicKeyToken=b03f5f7f11d50a3a" className="GameOfLifeTest.RowTest, GameOfLifeTest, Version=1.0.0.0, Culture=neutral, PublicKeyToken=null" name="GetColumnCountTest1" />
    </UnitTest>
    <UnitTest name="GetColumnCountTest" storage="c:\users\kumaran_venkataraman\desktop\gameoflife\gameoflifetest\bin\debug\gameoflifetest.dll" id="beae48f1-8b10-deea-96c9-33953c80edf1">
      <Execution id="310ce3df-8912-454b-83b6-38316116925d" />
      <TestMethod codeBase="C:/Users/Kumaran_Venkataraman/Desktop/GameOfLife/GameOfLifeTest/bin/Debug/GameOfLifeTest.DLL" adapterTypeName="Microsoft.VisualStudio.TestTools.TestTypes.Unit.UnitTestAdapter, Microsoft.VisualStudio.QualityTools.Tips.UnitTest.Adapter, Version=10.0.0.0, Culture=neutral, PublicKeyToken=b03f5f7f11d50a3a" className="GameOfLifeTest.RowTest, GameOfLifeTest, Version=1.0.0.0, Culture=neutral, PublicKeyToken=null" name="GetColumnCountTest" />
    </UnitTest>
    <UnitTest name="IsNewColumnNeededAtLeftTest" storage="c:\users\kumaran_venkataraman\desktop\gameoflife\gameoflifetest\bin\debug\gameoflifetest.dll" id="3444a78d-6ed0-77bc-f380-8049bbaa388d">
      <DeploymentItems>
        <DeploymentItem filename="GameOfLife.exe" />
      </DeploymentItems>
      <Execution id="9c26b007-e701-4ef2-9126-ca2e69e18643" />
      <TestMethod codeBase="C:/Users/Kumaran_Venkataraman/Desktop/GameOfLife/GameOfLifeTest/bin/Debug/GameOfLifeTest.DLL" adapterTypeName="Microsoft.VisualStudio.TestTools.TestTypes.Unit.UnitTestAdapter, Microsoft.VisualStudio.QualityTools.Tips.UnitTest.Adapter, Version=10.0.0.0, Culture=neutral, PublicKeyToken=b03f5f7f11d50a3a" className="GameOfLifeTest.GridTest, GameOfLifeTest, Version=1.0.0.0, Culture=neutral, PublicKeyToken=null" name="IsNewColumnNeededAtLeftTest" />
    </UnitTest>
    <UnitTest name="IsAliveTest2" storage="c:\users\kumaran_venkataraman\desktop\gameoflife\gameoflifetest\bin\debug\gameoflifetest.dll" id="29c44247-3ad8-d615-778b-c1ec6adcbfa0">
      <Execution id="7fb1ae17-397b-4266-9077-0bf0235d7456" />
      <TestMethod codeBase="C:/Users/Kumaran_Venkataraman/Desktop/GameOfLife/GameOfLifeTest/bin/Debug/GameOfLifeTest.DLL" adapterTypeName="Microsoft.VisualStudio.TestTools.TestTypes.Unit.UnitTestAdapter, Microsoft.VisualStudio.QualityTools.Tips.UnitTest.Adapter, Version=10.0.0.0, Culture=neutral, PublicKeyToken=b03f5f7f11d50a3a" className="GameOfLifeTest.CellTest, GameOfLifeTest, Version=1.0.0.0, Culture=neutral, PublicKeyToken=null" name="IsAliveTest2" />
    </UnitTest>
    <UnitTest name="RowConstructorTest" storage="c:\users\kumaran_venkataraman\desktop\gameoflife\gameoflifetest\bin\debug\gameoflifetest.dll" id="e0a2cea7-fed0-6f35-625a-1cbe1a6564e4">
      <Execution id="66e8698c-9685-4c77-8f72-cf5e30badf24" />
      <TestMethod codeBase="C:/Users/Kumaran_Venkataraman/Desktop/GameOfLife/GameOfLifeTest/bin/Debug/GameOfLifeTest.DLL" adapterTypeName="Microsoft.VisualStudio.TestTools.TestTypes.Unit.UnitTestAdapter, Microsoft.VisualStudio.QualityTools.Tips.UnitTest.Adapter, Version=10.0.0.0, Culture=neutral, PublicKeyToken=b03f5f7f11d50a3a" className="GameOfLifeTest.RowTest, GameOfLifeTest, Version=1.0.0.0, Culture=neutral, PublicKeyToken=null" name="RowConstructorTest" />
    </UnitTest>
    <UnitTest name="ToStringTest" storage="c:\users\kumaran_venkataraman\desktop\gameoflife\gameoflifetest\bin\debug\gameoflifetest.dll" id="4e67a92b-ae19-d9e5-0299-f763dfc4b6d8">
      <Execution id="56e42aa9-fc05-4b52-a8c5-26bcbd35ef4c" />
      <TestMethod codeBase="C:/Users/Kumaran_Venkataraman/Desktop/GameOfLife/GameOfLifeTest/bin/Debug/GameOfLifeTest.DLL" adapterTypeName="Microsoft.VisualStudio.TestTools.TestTypes.Unit.UnitTestAdapter, Microsoft.VisualStudio.QualityTools.Tips.UnitTest.Adapter, Version=10.0.0.0, Culture=neutral, PublicKeyToken=b03f5f7f11d50a3a" className="GameOfLifeTest.CellTest, GameOfLifeTest, Version=1.0.0.0, Culture=neutral, PublicKeyToken=null" name="ToStringTest" />
    </UnitTest>
    <UnitTest name="CellConstructorTest" storage="c:\users\kumaran_venkataraman\desktop\gameoflife\gameoflifetest\bin\debug\gameoflifetest.dll" id="a8c10fb5-c137-e6c1-92f7-8f1fb4c59deb">
      <Execution id="5987355c-769c-4b24-b0b3-79cfe9c57c7b" />
      <TestMethod codeBase="C:/Users/Kumaran_Venkataraman/Desktop/GameOfLife/GameOfLifeTest/bin/Debug/GameOfLifeTest.DLL" adapterTypeName="Microsoft.VisualStudio.TestTools.TestTypes.Unit.UnitTestAdapter, Microsoft.VisualStudio.QualityTools.Tips.UnitTest.Adapter, Version=10.0.0.0, Culture=neutral, PublicKeyToken=b03f5f7f11d50a3a" className="GameOfLifeTest.CellTest, GameOfLifeTest, Version=1.0.0.0, Culture=neutral, PublicKeyToken=null" name="CellConstructorTest" />
    </UnitTest>
    <UnitTest name="ToStringTest3" storage="c:\users\kumaran_venkataraman\desktop\gameoflife\gameoflifetest\bin\debug\gameoflifetest.dll" id="1d33b44e-569c-2798-5327-5449e017a583">
      <Execution id="17f4ca11-6afe-4e15-99ec-359c2b398d4e" />
      <TestMethod codeBase="C:/Users/Kumaran_Venkataraman/Desktop/GameOfLife/GameOfLifeTest/bin/Debug/GameOfLifeTest.DLL" adapterTypeName="Microsoft.VisualStudio.TestTools.TestTypes.Unit.UnitTestAdapter, Microsoft.VisualStudio.QualityTools.Tips.UnitTest.Adapter, Version=10.0.0.0, Culture=neutral, PublicKeyToken=b03f5f7f11d50a3a" className="GameOfLifeTest.GridTest, GameOfLifeTest, Version=1.0.0.0, Culture=neutral, PublicKeyToken=null" name="ToStringTest3" />
    </UnitTest>
    <UnitTest name="IsNewColumnNeededAtLeftTest1" storage="c:\users\kumaran_venkataraman\desktop\gameoflife\gameoflifetest\bin\debug\gameoflifetest.dll" id="ac032d1b-affc-94c0-c9e0-91dc39a52878">
      <DeploymentItems>
        <DeploymentItem filename="GameOfLife.exe" />
      </DeploymentItems>
      <Execution id="96d15d1e-f7a9-448c-b960-770c85f006d4" />
      <TestMethod codeBase="C:/Users/Kumaran_Venkataraman/Desktop/GameOfLife/GameOfLifeTest/bin/Debug/GameOfLifeTest.DLL" adapterTypeName="Microsoft.VisualStudio.TestTools.TestTypes.Unit.UnitTestAdapter, Microsoft.VisualStudio.QualityTools.Tips.UnitTest.Adapter, Version=10.0.0.0, Culture=neutral, PublicKeyToken=b03f5f7f11d50a3a" className="GameOfLifeTest.GridTest, GameOfLifeTest, Version=1.0.0.0, Culture=neutral, PublicKeyToken=null" name="IsNewColumnNeededAtLeftTest1" />
    </UnitTest>
    <UnitTest name="ToStringTest2" storage="c:\users\kumaran_venkataraman\desktop\gameoflife\gameoflifetest\bin\debug\gameoflifetest.dll" id="b8ff4e9a-2465-67cd-8dbd-8b9e678b7f10">
      <Execution id="22b0f938-b09d-4060-ae1d-889f8de1ab8b" />
      <TestMethod codeBase="C:/Users/Kumaran_Venkataraman/Desktop/GameOfLife/GameOfLifeTest/bin/Debug/GameOfLifeTest.DLL" adapterTypeName="Microsoft.VisualStudio.TestTools.TestTypes.Unit.UnitTestAdapter, Microsoft.VisualStudio.QualityTools.Tips.UnitTest.Adapter, Version=10.0.0.0, Culture=neutral, PublicKeyToken=b03f5f7f11d50a3a" className="GameOfLifeTest.GridTest, GameOfLifeTest, Version=1.0.0.0, Culture=neutral, PublicKeyToken=null" name="ToStringTest2" />
    </UnitTest>
    <UnitTest name="ToStringTest6" storage="c:\users\kumaran_venkataraman\desktop\gameoflife\gameoflifetest\bin\debug\gameoflifetest.dll" id="ca373f64-4752-067d-da01-80ebd5e1c37e">
      <Execution id="9e374fd7-644f-4d70-a757-493e8b24e037" />
      <TestMethod codeBase="C:/Users/Kumaran_Venkataraman/Desktop/GameOfLife/GameOfLifeTest/bin/Debug/GameOfLifeTest.DLL" adapterTypeName="Microsoft.VisualStudio.TestTools.TestTypes.Unit.UnitTestAdapter, Microsoft.VisualStudio.QualityTools.Tips.UnitTest.Adapter, Version=10.0.0.0, Culture=neutral, PublicKeyToken=b03f5f7f11d50a3a" className="GameOfLifeTest.GridTest, GameOfLifeTest, Version=1.0.0.0, Culture=neutral, PublicKeyToken=null" name="ToStringTest6" />
    </UnitTest>
    <UnitTest name="ToStringTest" storage="c:\users\kumaran_venkataraman\desktop\gameoflife\gameoflifetest\bin\debug\gameoflifetest.dll" id="6b4f5743-f93c-e414-be2f-c2f2fce3a5c2">
      <Execution id="f3399f46-9f24-4132-8059-4ff727f14e0a" />
      <TestMethod codeBase="C:/Users/Kumaran_Venkataraman/Desktop/GameOfLife/GameOfLifeTest/bin/Debug/GameOfLifeTest.DLL" adapterTypeName="Microsoft.VisualStudio.TestTools.TestTypes.Unit.UnitTestAdapter, Microsoft.VisualStudio.QualityTools.Tips.UnitTest.Adapter, Version=10.0.0.0, Culture=neutral, PublicKeyToken=b03f5f7f11d50a3a" className="GameOfLifeTest.RowTest, GameOfLifeTest, Version=1.0.0.0, Culture=neutral, PublicKeyToken=null" name="ToStringTest" />
    </UnitTest>
    <UnitTest name="IsNewRowNeededTest1" storage="c:\users\kumaran_venkataraman\desktop\gameoflife\gameoflifetest\bin\debug\gameoflifetest.dll" id="7074d83c-bec0-987d-6d75-c3da324212d2">
      <Execution id="aa938d3b-177a-428e-b389-05b85457f9c3" />
      <TestMethod codeBase="C:/Users/Kumaran_Venkataraman/Desktop/GameOfLife/GameOfLifeTest/bin/Debug/GameOfLifeTest.DLL" adapterTypeName="Microsoft.VisualStudio.TestTools.TestTypes.Unit.UnitTestAdapter, Microsoft.VisualStudio.QualityTools.Tips.UnitTest.Adapter, Version=10.0.0.0, Culture=neutral, PublicKeyToken=b03f5f7f11d50a3a" className="GameOfLifeTest.RowTest, GameOfLifeTest, Version=1.0.0.0, Culture=neutral, PublicKeyToken=null" name="IsNewRowNeededTest1" />
    </UnitTest>
    <UnitTest name="ToStringTest4" storage="c:\users\kumaran_venkataraman\desktop\gameoflife\gameoflifetest\bin\debug\gameoflifetest.dll" id="df48ed7f-e6c8-b9d2-e542-4837559b246d">
      <Execution id="c2cd7723-4f9b-4598-b440-05b62db3e83f" />
      <TestMethod codeBase="C:/Users/Kumaran_Venkataraman/Desktop/GameOfLife/GameOfLifeTest/bin/Debug/GameOfLifeTest.DLL" adapterTypeName="Microsoft.VisualStudio.TestTools.TestTypes.Unit.UnitTestAdapter, Microsoft.VisualStudio.QualityTools.Tips.UnitTest.Adapter, Version=10.0.0.0, Culture=neutral, PublicKeyToken=b03f5f7f11d50a3a" className="GameOfLifeTest.GridTest, GameOfLifeTest, Version=1.0.0.0, Culture=neutral, PublicKeyToken=null" name="ToStringTest4" />
    </UnitTest>
    <UnitTest name="ToStringTest7" storage="c:\users\kumaran_venkataraman\desktop\gameoflife\gameoflifetest\bin\debug\gameoflifetest.dll" id="acf86805-7912-ae76-5e60-498d52ead98f">
      <Execution id="e65e4e84-373b-43e6-9b57-8025e3b93afe" />
      <TestMethod codeBase="C:/Users/Kumaran_Venkataraman/Desktop/GameOfLife/GameOfLifeTest/bin/Debug/GameOfLifeTest.DLL" adapterTypeName="Microsoft.VisualStudio.TestTools.TestTypes.Unit.UnitTestAdapter, Microsoft.VisualStudio.QualityTools.Tips.UnitTest.Adapter, Version=10.0.0.0, Culture=neutral, PublicKeyToken=b03f5f7f11d50a3a" className="GameOfLifeTest.GridTest, GameOfLifeTest, Version=1.0.0.0, Culture=neutral, PublicKeyToken=null" name="ToStringTest7" />
    </UnitTest>
    <UnitTest name="IsNewColumnNeededAtRightTest1" storage="c:\users\kumaran_venkataraman\desktop\gameoflife\gameoflifetest\bin\debug\gameoflifetest.dll" id="b23fc4bb-6bc1-4a97-081e-2ab90d1dbb11">
      <DeploymentItems>
        <DeploymentItem filename="GameOfLife.exe" />
      </DeploymentItems>
      <Execution id="ecde8aea-0ea0-4daa-9ac0-3576669d8597" />
      <TestMethod codeBase="C:/Users/Kumaran_Venkataraman/Desktop/GameOfLife/GameOfLifeTest/bin/Debug/GameOfLifeTest.DLL" adapterTypeName="Microsoft.VisualStudio.TestTools.TestTypes.Unit.UnitTestAdapter, Microsoft.VisualStudio.QualityTools.Tips.UnitTest.Adapter, Version=10.0.0.0, Culture=neutral, PublicKeyToken=b03f5f7f11d50a3a" className="GameOfLifeTest.GridTest, GameOfLifeTest, Version=1.0.0.0, Culture=neutral, PublicKeyToken=null" name="IsNewColumnNeededAtRightTest1" />
    </UnitTest>
  </TestDefinitions>
  <TestLists>
    <TestList name="Results Not in a List" id="8c84fa94-04c1-424b-9868-57a2d4851a1d" />
    <TestList name="All Loaded Results" id="19431567-8539-422a-85d7-44ee4e166bda" />
  </TestLists>
  <TestEntries>
    <TestEntry testId="f8d721a4-0f11-8174-bc5b-485fc41a33c5" executionId="6bf50370-d57c-45de-b498-95c6e1460dc2" testListId="8c84fa94-04c1-424b-9868-57a2d4851a1d" />
    <TestEntry testId="b8ff4e9a-2465-67cd-8dbd-8b9e678b7f10" executionId="22b0f938-b09d-4060-ae1d-889f8de1ab8b" testListId="8c84fa94-04c1-424b-9868-57a2d4851a1d" />
    <TestEntry testId="1d33b44e-569c-2798-5327-5449e017a583" executionId="17f4ca11-6afe-4e15-99ec-359c2b398d4e" testListId="8c84fa94-04c1-424b-9868-57a2d4851a1d" />
    <TestEntry testId="df48ed7f-e6c8-b9d2-e542-4837559b246d" executionId="c2cd7723-4f9b-4598-b440-05b62db3e83f" testListId="8c84fa94-04c1-424b-9868-57a2d4851a1d" />
    <TestEntry testId="2658872e-3e03-e7fe-ed96-53b63ff4c738" executionId="77d45ac8-00f9-4a74-a40a-6ce05aa15c4d" testListId="8c84fa94-04c1-424b-9868-57a2d4851a1d" />
    <TestEntry testId="ca373f64-4752-067d-da01-80ebd5e1c37e" executionId="9e374fd7-644f-4d70-a757-493e8b24e037" testListId="8c84fa94-04c1-424b-9868-57a2d4851a1d" />
    <TestEntry testId="acf86805-7912-ae76-5e60-498d52ead98f" executionId="e65e4e84-373b-43e6-9b57-8025e3b93afe" testListId="8c84fa94-04c1-424b-9868-57a2d4851a1d" />
    <TestEntry testId="dee993b8-67a3-f4e3-ae75-726789bfb67e" executionId="49f7cbd1-bbd0-40fd-b13e-b989a410c2b5" testListId="8c84fa94-04c1-424b-9868-57a2d4851a1d" />
    <TestEntry testId="b23fc4bb-6bc1-4a97-081e-2ab90d1dbb11" executionId="ecde8aea-0ea0-4daa-9ac0-3576669d8597" testListId="8c84fa94-04c1-424b-9868-57a2d4851a1d" />
    <TestEntry testId="3444a78d-6ed0-77bc-f380-8049bbaa388d" executionId="9c26b007-e701-4ef2-9126-ca2e69e18643" testListId="8c84fa94-04c1-424b-9868-57a2d4851a1d" />
    <TestEntry testId="ac032d1b-affc-94c0-c9e0-91dc39a52878" executionId="96d15d1e-f7a9-448c-b960-770c85f006d4" testListId="8c84fa94-04c1-424b-9868-57a2d4851a1d" />
    <TestEntry testId="fc035a48-e9e4-82dd-f1d2-c8aff44b15b0" executionId="e7d7561d-fac9-4229-bec7-a367aca02a35" testListId="8c84fa94-04c1-424b-9868-57a2d4851a1d" />
    <TestEntry testId="6b4f5743-f93c-e414-be2f-c2f2fce3a5c2" executionId="f3399f46-9f24-4132-8059-4ff727f14e0a" testListId="8c84fa94-04c1-424b-9868-57a2d4851a1d" />
    <TestEntry testId="e0a2cea7-fed0-6f35-625a-1cbe1a6564e4" executionId="66e8698c-9685-4c77-8f72-cf5e30badf24" testListId="8c84fa94-04c1-424b-9868-57a2d4851a1d" />
    <TestEntry testId="beae48f1-8b10-deea-96c9-33953c80edf1" executionId="310ce3df-8912-454b-83b6-38316116925d" testListId="8c84fa94-04c1-424b-9868-57a2d4851a1d" />
    <TestEntry testId="432f37a5-9508-df5f-9c22-f80ebe5efcc0" executionId="1cf71255-0c05-4305-ae10-6aaf71cb7349" testListId="8c84fa94-04c1-424b-9868-57a2d4851a1d" />
    <TestEntry testId="0a17ab39-6946-b5c3-5bdd-daa86e51c740" executionId="ba365793-23c1-4f18-af60-e34c98a7f74a" testListId="8c84fa94-04c1-424b-9868-57a2d4851a1d" />
    <TestEntry testId="7074d83c-bec0-987d-6d75-c3da324212d2" executionId="aa938d3b-177a-428e-b389-05b85457f9c3" testListId="8c84fa94-04c1-424b-9868-57a2d4851a1d" />
    <TestEntry testId="a8c10fb5-c137-e6c1-92f7-8f1fb4c59deb" executionId="5987355c-769c-4b24-b0b3-79cfe9c57c7b" testListId="8c84fa94-04c1-424b-9868-57a2d4851a1d" />
    <TestEntry testId="63c8518e-2439-ebd2-e4e0-6f94830146f5" executionId="6bdb2669-bbd1-4d9a-b45a-88e696c9cf4b" testListId="8c84fa94-04c1-424b-9868-57a2d4851a1d" />
    <TestEntry testId="29c44247-3ad8-d615-778b-c1ec6adcbfa0" executionId="7fb1ae17-397b-4266-9077-0bf0235d7456" testListId="8c84fa94-04c1-424b-9868-57a2d4851a1d" />
    <TestEntry testId="4e67a92b-ae19-d9e5-0299-f763dfc4b6d8" executionId="56e42aa9-fc05-4b52-a8c5-26bcbd35ef4c" testListId="8c84fa94-04c1-424b-9868-57a2d4851a1d" />
  </TestEntries>
  <Results>
    <UnitTestResult executionId="6bf50370-d57c-45de-b498-95c6e1460dc2" testId="f8d721a4-0f11-8174-bc5b-485fc41a33c5" testName="ToStringTest1" computerName="MYSHEC51628L" duration="00:00:00.0350604" startTime="2011-06-12T12:17:10.7395524+05:30" endTime="2011-06-12T12:17:11.5485986+05:30" testType="13cdc9d9-ddb5-4fa4-a97d-d965ccfc6d4b" outcome="Passed" testListId="8c84fa94-04c1-424b-9868-57a2d4851a1d" relativeResultsDirectory="6bf50370-d57c-45de-b498-95c6e1460dc2">
    </UnitTestResult>
    <UnitTestResult executionId="22b0f938-b09d-4060-ae1d-889f8de1ab8b" testId="b8ff4e9a-2465-67cd-8dbd-8b9e678b7f10" testName="ToStringTest2" computerName="MYSHEC51628L" duration="00:00:00.0003598" startTime="2011-06-12T12:17:11.5625994+05:30" endTime="2011-06-12T12:17:11.5816005+05:30" testType="13cdc9d9-ddb5-4fa4-a97d-d965ccfc6d4b" outcome="Passed" testListId="8c84fa94-04c1-424b-9868-57a2d4851a1d" relativeResultsDirectory="22b0f938-b09d-4060-ae1d-889f8de1ab8b">
    </UnitTestResult>
    <UnitTestResult executionId="17f4ca11-6afe-4e15-99ec-359c2b398d4e" testId="1d33b44e-569c-2798-5327-5449e017a583" testName="ToStringTest3" computerName="MYSHEC51628L" duration="00:00:00.0003500" startTime="2011-06-12T12:17:11.5946013+05:30" endTime="2011-06-12T12:17:11.6066019+05:30" testType="13cdc9d9-ddb5-4fa4-a97d-d965ccfc6d4b" outcome="Passed" testListId="8c84fa94-04c1-424b-9868-57a2d4851a1d" relativeResultsDirectory="17f4ca11-6afe-4e15-99ec-359c2b398d4e">
    </UnitTestResult>
    <UnitTestResult executionId="c2cd7723-4f9b-4598-b440-05b62db3e83f" testId="df48ed7f-e6c8-b9d2-e542-4837559b246d" testName="ToStringTest4" computerName="MYSHEC51628L" duration="00:00:00.0009562" startTime="2011-06-12T12:17:11.6146024+05:30" endTime="2011-06-12T12:17:11.6276031+05:30" testType="13cdc9d9-ddb5-4fa4-a97d-d965ccfc6d4b" outcome="Passed" testListId="8c84fa94-04c1-424b-9868-57a2d4851a1d" relativeResultsDirectory="c2cd7723-4f9b-4598-b440-05b62db3e83f">
    </UnitTestResult>
    <UnitTestResult executionId="77d45ac8-00f9-4a74-a40a-6ce05aa15c4d" testId="2658872e-3e03-e7fe-ed96-53b63ff4c738" testName="ToStringTest5" computerName="MYSHEC51628L" duration="00:00:00.0011343" startTime="2011-06-12T12:17:11.6366037+05:30" endTime="2011-06-12T12:17:11.6496044+05:30" testType="13cdc9d9-ddb5-4fa4-a97d-d965ccfc6d4b" outcome="Passed" testListId="8c84fa94-04c1-424b-9868-57a2d4851a1d" relativeResultsDirectory="77d45ac8-00f9-4a74-a40a-6ce05aa15c4d">
    </UnitTestResult>
    <UnitTestResult executionId="9e374fd7-644f-4d70-a757-493e8b24e037" testId="ca373f64-4752-067d-da01-80ebd5e1c37e" testName="ToStringTest6" computerName="MYSHEC51628L" duration="00:00:00.0003921" startTime="2011-06-12T12:17:11.6566048+05:30" endTime="2011-06-12T12:17:11.6726057+05:30" testType="13cdc9d9-ddb5-4fa4-a97d-d965ccfc6d4b" outcome="Passed" testListId="8c84fa94-04c1-424b-9868-57a2d4851a1d" relativeResultsDirectory="9e374fd7-644f-4d70-a757-493e8b24e037">
    </UnitTestResult>
    <UnitTestResult executionId="e65e4e84-373b-43e6-9b57-8025e3b93afe" testId="acf86805-7912-ae76-5e60-498d52ead98f" testName="ToStringTest7" computerName="MYSHEC51628L" duration="00:00:00.0003490" startTime="2011-06-12T12:17:11.6826063+05:30" endTime="2011-06-12T12:17:11.6946070+05:30" testType="13cdc9d9-ddb5-4fa4-a97d-d965ccfc6d4b" outcome="Passed" testListId="8c84fa94-04c1-424b-9868-57a2d4851a1d" relativeResultsDirectory="e65e4e84-373b-43e6-9b57-8025e3b93afe">
    </UnitTestResult>
    <UnitTestResult executionId="49f7cbd1-bbd0-40fd-b13e-b989a410c2b5" testId="dee993b8-67a3-f4e3-ae75-726789bfb67e" testName="IsNewColumnNeededAtRightTest" computerName="MYSHEC51628L" duration="00:00:00.0256486" startTime="2011-06-12T12:17:11.7046076+05:30" endTime="2011-06-12T12:17:11.7426097+05:30" testType="13cdc9d9-ddb5-4fa4-a97d-d965ccfc6d4b" outcome="Passed" testListId="8c84fa94-04c1-424b-9868-57a2d4851a1d" relativeResultsDirectory="49f7cbd1-bbd0-40fd-b13e-b989a410c2b5">
    </UnitTestResult>
    <UnitTestResult executionId="ecde8aea-0ea0-4daa-9ac0-3576669d8597" testId="b23fc4bb-6bc1-4a97-081e-2ab90d1dbb11" testName="IsNewColumnNeededAtRightTest1" computerName="MYSHEC51628L" duration="00:00:00.0005184" startTime="2011-06-12T12:17:11.7516102+05:30" endTime="2011-06-12T12:17:11.7646110+05:30" testType="13cdc9d9-ddb5-4fa4-a97d-d965ccfc6d4b" outcome="Passed" testListId="8c84fa94-04c1-424b-9868-57a2d4851a1d" relativeResultsDirectory="ecde8aea-0ea0-4daa-9ac0-3576669d8597">
    </UnitTestResult>
    <UnitTestResult executionId="9c26b007-e701-4ef2-9126-ca2e69e18643" testId="3444a78d-6ed0-77bc-f380-8049bbaa388d" testName="IsNewColumnNeededAtLeftTest" computerName="MYSHEC51628L" duration="00:00:00.0008155" startTime="2011-06-12T12:17:11.7726114+05:30" endTime="2011-06-12T12:17:11.7906125+05:30" testType="13cdc9d9-ddb5-4fa4-a97d-d965ccfc6d4b" outcome="Passed" testListId="8c84fa94-04c1-424b-9868-57a2d4851a1d" relativeResultsDirectory="9c26b007-e701-4ef2-9126-ca2e69e18643">
    </UnitTestResult>
    <UnitTestResult executionId="96d15d1e-f7a9-448c-b960-770c85f006d4" testId="ac032d1b-affc-94c0-c9e0-91dc39a52878" testName="IsNewColumnNeededAtLeftTest1" computerName="MYSHEC51628L" duration="00:00:00.0005153" startTime="2011-06-12T12:17:11.8016131+05:30" endTime="2011-06-12T12:17:11.8136138+05:30" testType="13cdc9d9-ddb5-4fa4-a97d-d965ccfc6d4b" outcome="Passed" testListId="8c84fa94-04c1-424b-9868-57a2d4851a1d" relativeResultsDirectory="96d15d1e-f7a9-448c-b960-770c85f006d4">
    </UnitTestResult>
    <UnitTestResult executionId="e7d7561d-fac9-4229-bec7-a367aca02a35" testId="fc035a48-e9e4-82dd-f1d2-c8aff44b15b0" testName="GridConstructorTest1" computerName="MYSHEC51628L" duration="00:00:00.0003223" startTime="2011-06-12T12:17:11.8256145+05:30" endTime="2011-06-12T12:17:11.8396153+05:30" testType="13cdc9d9-ddb5-4fa4-a97d-d965ccfc6d4b" outcome="Passed" testListId="8c84fa94-04c1-424b-9868-57a2d4851a1d" relativeResultsDirectory="e7d7561d-fac9-4229-bec7-a367aca02a35">
    </UnitTestResult>
    <UnitTestResult executionId="f3399f46-9f24-4132-8059-4ff727f14e0a" testId="6b4f5743-f93c-e414-be2f-c2f2fce3a5c2" testName="ToStringTest" computerName="MYSHEC51628L" duration="00:00:00.0005548" startTime="2011-06-12T12:17:11.8476157+05:30" endTime="2011-06-12T12:17:11.8666168+05:30" testType="13cdc9d9-ddb5-4fa4-a97d-d965ccfc6d4b" outcome="Passed" testListId="8c84fa94-04c1-424b-9868-57a2d4851a1d" relativeResultsDirectory="f3399f46-9f24-4132-8059-4ff727f14e0a">
    </UnitTestResult>
    <UnitTestResult executionId="66e8698c-9685-4c77-8f72-cf5e30badf24" testId="e0a2cea7-fed0-6f35-625a-1cbe1a6564e4" testName="RowConstructorTest" computerName="MYSHEC51628L" duration="00:00:00.0003202" startTime="2011-06-12T12:17:11.8776174+05:30" endTime="2011-06-12T12:17:11.8896181+05:30" testType="13cdc9d9-ddb5-4fa4-a97d-d965ccfc6d4b" outcome="Passed" testListId="8c84fa94-04c1-424b-9868-57a2d4851a1d" relativeResultsDirectory="66e8698c-9685-4c77-8f72-cf5e30badf24">
    </UnitTestResult>
    <UnitTestResult executionId="310ce3df-8912-454b-83b6-38316116925d" testId="beae48f1-8b10-deea-96c9-33953c80edf1" testName="GetColumnCountTest" computerName="MYSHEC51628L" duration="00:00:00.0013576" startTime="2011-06-12T12:17:11.8976186+05:30" endTime="2011-06-12T12:17:11.9116194+05:30" testType="13cdc9d9-ddb5-4fa4-a97d-d965ccfc6d4b" outcome="Passed" testListId="8c84fa94-04c1-424b-9868-57a2d4851a1d" relativeResultsDirectory="310ce3df-8912-454b-83b6-38316116925d">
    </UnitTestResult>
    <UnitTestResult executionId="1cf71255-0c05-4305-ae10-6aaf71cb7349" testId="432f37a5-9508-df5f-9c22-f80ebe5efcc0" testName="GetColumnCountTest1" computerName="MYSHEC51628L" duration="00:00:00.0003300" startTime="2011-06-12T12:17:11.9206199+05:30" endTime="2011-06-12T12:17:11.9336207+05:30" testType="13cdc9d9-ddb5-4fa4-a97d-d965ccfc6d4b" outcome="Passed" testListId="8c84fa94-04c1-424b-9868-57a2d4851a1d" relativeResultsDirectory="1cf71255-0c05-4305-ae10-6aaf71cb7349">
    </UnitTestResult>
    <UnitTestResult executionId="ba365793-23c1-4f18-af60-e34c98a7f74a" testId="0a17ab39-6946-b5c3-5bdd-daa86e51c740" testName="IsNewRowNeededTest" computerName="MYSHEC51628L" duration="00:00:00.0003454" startTime="2011-06-12T12:17:11.9406211+05:30" endTime="2011-06-12T12:17:11.9586221+05:30" testType="13cdc9d9-ddb5-4fa4-a97d-d965ccfc6d4b" outcome="Passed" testListId="8c84fa94-04c1-424b-9868-57a2d4851a1d" relativeResultsDirectory="ba365793-23c1-4f18-af60-e34c98a7f74a">
    </UnitTestResult>
    <UnitTestResult executionId="aa938d3b-177a-428e-b389-05b85457f9c3" testId="7074d83c-bec0-987d-6d75-c3da324212d2" testName="IsNewRowNeededTest1" computerName="MYSHEC51628L" duration="00:00:00.0003603" startTime="2011-06-12T12:17:11.9716228+05:30" endTime="2011-06-12T12:17:11.9866237+05:30" testType="13cdc9d9-ddb5-4fa4-a97d-d965ccfc6d4b" outcome="Passed" testListId="8c84fa94-04c1-424b-9868-57a2d4851a1d" relativeResultsDirectory="aa938d3b-177a-428e-b389-05b85457f9c3">
    </UnitTestResult>
    <UnitTestResult executionId="5987355c-769c-4b24-b0b3-79cfe9c57c7b" testId="a8c10fb5-c137-e6c1-92f7-8f1fb4c59deb" testName="CellConstructorTest" computerName="MYSHEC51628L" duration="00:00:00.0005815" startTime="2011-06-12T12:17:12.0066248+05:30" endTime="2011-06-12T12:17:12.0436269+05:30" testType="13cdc9d9-ddb5-4fa4-a97d-d965ccfc6d4b" outcome="Passed" testListId="8c84fa94-04c1-424b-9868-57a2d4851a1d" relativeResultsDirectory="5987355c-769c-4b24-b0b3-79cfe9c57c7b">
    </UnitTestResult>
    <UnitTestResult executionId="6bdb2669-bbd1-4d9a-b45a-88e696c9cf4b" testId="63c8518e-2439-ebd2-e4e0-6f94830146f5" testName="IsAliveTest" computerName="MYSHEC51628L" duration="00:00:00.0003151" startTime="2011-06-12T12:17:12.0556276+05:30" endTime="2011-06-12T12:17:12.0676283+05:30" testType="13cdc9d9-ddb5-4fa4-a97d-d965ccfc6d4b" outcome="Passed" testListId="8c84fa94-04c1-424b-9868-57a2d4851a1d" relativeResultsDirectory="6bdb2669-bbd1-4d9a-b45a-88e696c9cf4b">
    </UnitTestResult>
    <UnitTestResult executionId="7fb1ae17-397b-4266-9077-0bf0235d7456" testId="29c44247-3ad8-d615-778b-c1ec6adcbfa0" testName="IsAliveTest2" computerName="MYSHEC51628L" duration="00:00:00.0003418" startTime="2011-06-12T12:17:12.0766288+05:30" endTime="2011-06-12T12:17:12.0906296+05:30" testType="13cdc9d9-ddb5-4fa4-a97d-d965ccfc6d4b" outcome="Passed" testListId="8c84fa94-04c1-424b-9868-57a2d4851a1d" relativeResultsDirectory="7fb1ae17-397b-4266-9077-0bf0235d7456">
    </UnitTestResult>
    <UnitTestResult executionId="56e42aa9-fc05-4b52-a8c5-26bcbd35ef4c" testId="4e67a92b-ae19-d9e5-0299-f763dfc4b6d8" testName="ToStringTest" computerName="MYSHEC51628L" duration="00:00:00.0003136" startTime="2011-06-12T12:17:12.1006302+05:30" endTime="2011-06-12T12:17:12.1136309+05:30" testType="13cdc9d9-ddb5-4fa4-a97d-d965ccfc6d4b" outcome="Passed" testListId="8c84fa94-04c1-424b-9868-57a2d4851a1d" relativeResultsDirectory="56e42aa9-fc05-4b52-a8c5-26bcbd35ef4c">
    </UnitTestResult>
  </Results>
</TestRun>