<?xml version="1.0" encoding="UTF-8"?>
<TestRun id="d827bc73-1560-4f73-83a7-8a5eeab04ec4" name="Kumaran_Venkataraman@MYSHEC51628L 2011-06-11 22:44:31" runUser="ITLINFOSYS\Kumaran_Venkataraman" xmlns="http://microsoft.com/schemas/VisualStudio/TeamTest/2010">
  <TestSettings name="Local" id="5734b058-9c95-45c5-97c6-71e8d52a6fdb">
    <Description>These are default test settings for a local test run.</Description>
    <Deployment enabled="false" runDeploymentRoot="Kumaran_Venkataraman_MYSHEC51628L 2011-06-11 22_44_31">
      <DeploymentItem filename="C:\Users\Kumaran_Venkataraman\Desktop\GameOfLife\GameOfLife\bin\Debug\GameOfLife.exe" />
    </Deployment>
    <Execution>
      <TestTypeSpecific />
      <AgentRule name="Execution Agents">
      </AgentRule>
    </Execution>
  </TestSettings>
  <Times creation="2011-06-11T22:44:31.4476042+05:30" queuing="2011-06-11T22:44:37.3469416+05:30" start="2011-06-11T22:44:37.4999504+05:30" finish="2011-06-11T22:44:57.5260958+05:30" />
  <ResultSummary outcome="Error">
    <Counters total="17" executed="15" passed="14" error="0" failed="0" timeout="0" aborted="1" inconclusive="0" passedButRunAborted="0" notRunnable="0" notExecuted="2" disconnected="0" warning="0" completed="0" inProgress="0" pending="0" />
    <RunInfos>
      <RunInfo computerName="MYSHEC51628L" outcome="Warning" timestamp="2011-06-11T22:44:35.8268547+05:30">
        <Text>Deployment is currently disabled. The deployment item 'GameOfLife.exe' on test 'GameOfLifeTest.GridTest.IsNewColumnNeededAtRightTest' was not deployed.</Text>
      </RunInfo>
      <RunInfo computerName="MYSHEC51628L" outcome="Error" timestamp="2011-06-11T22:44:57.5200955+05:30">
        <Text>Test host process exited unexpectedly.</Text>
      </RunInfo>
    </RunInfos>
  </ResultSummary>
  <TestDefinitions>
    <UnitTest name="IsNewColumnNeededAtRightTest" storage="c:\users\kumaran_venkataraman\desktop\gameoflife\gameoflifetest\bin\debug\gameoflifetest.dll" id="dee993b8-67a3-f4e3-ae75-726789bfb67e">
      <DeploymentItems>
        <DeploymentItem filename="GameOfLife.exe" />
      </DeploymentItems>
      <Execution id="37c18368-25a3-4149-892a-1f3ada775b55" />
      <TestMethod codeBase="C:/Users/Kumaran_Venkataraman/Desktop/GameOfLife/GameOfLifeTest/bin/Debug/GameOfLifeTest.DLL" adapterTypeName="Microsoft.VisualStudio.TestTools.TestTypes.Unit.UnitTestAdapter, Microsoft.VisualStudio.QualityTools.Tips.UnitTest.Adapter, Version=10.0.0.0, Culture=neutral, PublicKeyToken=b03f5f7f11d50a3a" className="GameOfLifeTest.GridTest, GameOfLifeTest, Version=1.0.0.0, Culture=neutral, PublicKeyToken=null" name="IsNewColumnNeededAtRightTest" />
    </UnitTest>
    <UnitTest name="GridConstructorTest1" storage="c:\users\kumaran_venkataraman\desktop\gameoflife\gameoflifetest\bin\debug\gameoflifetest.dll" id="fc035a48-e9e4-82dd-f1d2-c8aff44b15b0">
      <Execution id="52c71c5c-964b-4eeb-98e8-c4186094fbce" />
      <TestMethod codeBase="C:/Users/Kumaran_Venkataraman/Desktop/GameOfLife/GameOfLifeTest/bin/Debug/GameOfLifeTest.DLL" adapterTypeName="Microsoft.VisualStudio.TestTools.TestTypes.Unit.UnitTestAdapter, Microsoft.VisualStudio.QualityTools.Tips.UnitTest.Adapter, Version=10.0.0.0, Culture=neutral, PublicKeyToken=b03f5f7f11d50a3a" className="GameOfLifeTest.GridTest, GameOfLifeTest, Version=1.0.0.0, Culture=neutral, PublicKeyToken=null" name="GridConstructorTest1" />
    </UnitTest>
    <UnitTest name="IsAliveTest" storage="c:\users\kumaran_venkataraman\desktop\gameoflife\gameoflifetest\bin\debug\gameoflifetest.dll" id="63c8518e-2439-ebd2-e4e0-6f94830146f5">
      <Execution id="a201502c-3ccb-4809-918e-671205bbca33" />
      <TestMethod codeBase="C:/Users/Kumaran_Venkataraman/Desktop/GameOfLife/GameOfLifeTest/bin/Debug/GameOfLifeTest.DLL" adapterTypeName="Microsoft.VisualStudio.TestTools.TestTypes.Unit.UnitTestAdapter, Microsoft.VisualStudio.QualityTools.Tips.UnitTest.Adapter, Version=10.0.0.0, Culture=neutral, PublicKeyToken=b03f5f7f11d50a3a" className="GameOfLifeTest.CellTest, GameOfLifeTest, Version=1.0.0.0, Culture=neutral, PublicKeyToken=null" name="IsAliveTest" />
    </UnitTest>
    <UnitTest name="CellConstructorTest" storage="c:\users\kumaran_venkataraman\desktop\gameoflife\gameoflifetest\bin\debug\gameoflifetest.dll" id="a8c10fb5-c137-e6c1-92f7-8f1fb4c59deb">
      <Execution id="644cfa84-010b-4bd4-97b6-f8c5203a86fc" />
      <TestMethod codeBase="C:/Users/Kumaran_Venkataraman/Desktop/GameOfLife/GameOfLifeTest/bin/Debug/GameOfLifeTest.DLL" adapterTypeName="Microsoft.VisualStudio.TestTools.TestTypes.Unit.UnitTestAdapter, Microsoft.VisualStudio.QualityTools.Tips.UnitTest.Adapter, Version=10.0.0.0, Culture=neutral, PublicKeyToken=b03f5f7f11d50a3a" className="GameOfLifeTest.CellTest, GameOfLifeTest, Version=1.0.0.0, Culture=neutral, PublicKeyToken=null" name="CellConstructorTest" />
    </UnitTest>
    <UnitTest name="ToStringTest1" storage="c:\users\kumaran_venkataraman\desktop\gameoflife\gameoflifetest\bin\debug\gameoflifetest.dll" id="f8d721a4-0f11-8174-bc5b-485fc41a33c5">
      <Execution id="5e96e652-4d80-4e59-a33d-d61651697527" />
      <TestMethod codeBase="C:/Users/Kumaran_Venkataraman/Desktop/GameOfLife/GameOfLifeTest/bin/Debug/GameOfLifeTest.DLL" adapterTypeName="Microsoft.VisualStudio.TestTools.TestTypes.Unit.UnitTestAdapter, Microsoft.VisualStudio.QualityTools.Tips.UnitTest.Adapter, Version=10.0.0.0, Culture=neutral, PublicKeyToken=b03f5f7f11d50a3a" className="GameOfLifeTest.GridTest, GameOfLifeTest, Version=1.0.0.0, Culture=neutral, PublicKeyToken=null" name="ToStringTest1" />
    </UnitTest>
    <UnitTest name="IsNewRowNeededTest" storage="c:\users\kumaran_venkataraman\desktop\gameoflife\gameoflifetest\bin\debug\gameoflifetest.dll" id="0a17ab39-6946-b5c3-5bdd-daa86e51c740">
      <Execution id="1bfcb710-d94b-4556-bcfc-44ef5784e300" />
      <TestMethod codeBase="C:/Users/Kumaran_Venkataraman/Desktop/GameOfLife/GameOfLifeTest/bin/Debug/GameOfLifeTest.DLL" adapterTypeName="Microsoft.VisualStudio.TestTools.TestTypes.Unit.UnitTestAdapter, Microsoft.VisualStudio.QualityTools.Tips.UnitTest.Adapter, Version=10.0.0.0, Culture=neutral, PublicKeyToken=b03f5f7f11d50a3a" className="GameOfLifeTest.RowTest, GameOfLifeTest, Version=1.0.0.0, Culture=neutral, PublicKeyToken=null" name="IsNewRowNeededTest" />
    </UnitTest>
    <UnitTest name="IsNewColumnNeededAtLeftTest" storage="c:\users\kumaran_venkataraman\desktop\gameoflife\gameoflifetest\bin\debug\gameoflifetest.dll" id="3444a78d-6ed0-77bc-f380-8049bbaa388d">
      <DeploymentItems>
        <DeploymentItem filename="GameOfLife.exe" />
      </DeploymentItems>
      <Execution id="bed073a4-27aa-4249-a9bf-ac8fc1570168" />
      <TestMethod codeBase="C:/Users/Kumaran_Venkataraman/Desktop/GameOfLife/GameOfLifeTest/bin/Debug/GameOfLifeTest.DLL" adapterTypeName="Microsoft.VisualStudio.TestTools.TestTypes.Unit.UnitTestAdapter, Microsoft.VisualStudio.QualityTools.Tips.UnitTest.Adapter, Version=10.0.0.0, Culture=neutral, PublicKeyToken=b03f5f7f11d50a3a" className="GameOfLifeTest.GridTest, GameOfLifeTest, Version=1.0.0.0, Culture=neutral, PublicKeyToken=null" name="IsNewColumnNeededAtLeftTest" />
    </UnitTest>
    <UnitTest name="IsAliveTest2" storage="c:\users\kumaran_venkataraman\desktop\gameoflife\gameoflifetest\bin\debug\gameoflifetest.dll" id="29c44247-3ad8-d615-778b-c1ec6adcbfa0">
      <Execution id="dfb0ad98-e783-442c-b923-bef63bd497c2" />
      <TestMethod codeBase="C:/Users/Kumaran_Venkataraman/Desktop/GameOfLife/GameOfLifeTest/bin/Debug/GameOfLifeTest.DLL" adapterTypeName="Microsoft.VisualStudio.TestTools.TestTypes.Unit.UnitTestAdapter, Microsoft.VisualStudio.QualityTools.Tips.UnitTest.Adapter, Version=10.0.0.0, Culture=neutral, PublicKeyToken=b03f5f7f11d50a3a" className="GameOfLifeTest.CellTest, GameOfLifeTest, Version=1.0.0.0, Culture=neutral, PublicKeyToken=null" name="IsAliveTest2" />
    </UnitTest>
    <UnitTest name="RowConstructorTest" storage="c:\users\kumaran_venkataraman\desktop\gameoflife\gameoflifetest\bin\debug\gameoflifetest.dll" id="e0a2cea7-fed0-6f35-625a-1cbe1a6564e4">
      <Execution id="6c7523fc-367d-4d81-b2d4-f6a54345ec27" />
      <TestMethod codeBase="C:/Users/Kumaran_Venkataraman/Desktop/GameOfLife/GameOfLifeTest/bin/Debug/GameOfLifeTest.DLL" adapterTypeName="Microsoft.VisualStudio.TestTools.TestTypes.Unit.UnitTestAdapter, Microsoft.VisualStudio.QualityTools.Tips.UnitTest.Adapter, Version=10.0.0.0, Culture=neutral, PublicKeyToken=b03f5f7f11d50a3a" className="GameOfLifeTest.RowTest, GameOfLifeTest, Version=1.0.0.0, Culture=neutral, PublicKeyToken=null" name="RowConstructorTest" />
    </UnitTest>
    <UnitTest name="ToStringTest" storage="c:\users\kumaran_venkataraman\desktop\gameoflife\gameoflifetest\bin\debug\gameoflifetest.dll" id="4e67a92b-ae19-d9e5-0299-f763dfc4b6d8">
      <Execution id="a0e2a9ac-a9b9-4c56-8137-57265ff98542" />
      <TestMethod codeBase="C:/Users/Kumaran_Venkataraman/Desktop/GameOfLife/GameOfLifeTest/bin/Debug/GameOfLifeTest.DLL" adapterTypeName="Microsoft.VisualStudio.TestTools.TestTypes.Unit.UnitTestAdapter, Microsoft.VisualStudio.QualityTools.Tips.UnitTest.Adapter, Version=10.0.0.0, Culture=neutral, PublicKeyToken=b03f5f7f11d50a3a" className="GameOfLifeTest.CellTest, GameOfLifeTest, Version=1.0.0.0, Culture=neutral, PublicKeyToken=null" name="ToStringTest" />
    </UnitTest>
    <UnitTest name="ToStringTest3" storage="c:\users\kumaran_venkataraman\desktop\gameoflife\gameoflifetest\bin\debug\gameoflifetest.dll" id="1d33b44e-569c-2798-5327-5449e017a583">
      <Execution id="36ec2a78-52cc-4549-bc60-914f0537b0d6" />
      <TestMethod codeBase="C:/Users/Kumaran_Venkataraman/Desktop/GameOfLife/GameOfLifeTest/bin/Debug/GameOfLifeTest.DLL" adapterTypeName="Microsoft.VisualStudio.TestTools.TestTypes.Unit.UnitTestAdapter, Microsoft.VisualStudio.QualityTools.Tips.UnitTest.Adapter, Version=10.0.0.0, Culture=neutral, PublicKeyToken=b03f5f7f11d50a3a" className="GameOfLifeTest.GridTest, GameOfLifeTest, Version=1.0.0.0, Culture=neutral, PublicKeyToken=null" name="ToStringTest3" />
    </UnitTest>
    <UnitTest name="ToStringTest2" storage="c:\users\kumaran_venkataraman\desktop\gameoflife\gameoflifetest\bin\debug\gameoflifetest.dll" id="b8ff4e9a-2465-67cd-8dbd-8b9e678b7f10">
      <Execution id="9e79b683-6c5d-482e-8e13-50a30320dd03" />
      <TestMethod codeBase="C:/Users/Kumaran_Venkataraman/Desktop/GameOfLife/GameOfLifeTest/bin/Debug/GameOfLifeTest.DLL" adapterTypeName="Microsoft.VisualStudio.TestTools.TestTypes.Unit.UnitTestAdapter, Microsoft.VisualStudio.QualityTools.Tips.UnitTest.Adapter, Version=10.0.0.0, Culture=neutral, PublicKeyToken=b03f5f7f11d50a3a" className="GameOfLifeTest.GridTest, GameOfLifeTest, Version=1.0.0.0, Culture=neutral, PublicKeyToken=null" name="ToStringTest2" />
    </UnitTest>
    <UnitTest name="ToStringTest6" storage="c:\users\kumaran_venkataraman\desktop\gameoflife\gameoflifetest\bin\debug\gameoflifetest.dll" id="ca373f64-4752-067d-da01-80ebd5e1c37e">
      <Execution id="8ecb7b49-7358-4bf4-9907-5f16dc8a0b46" />
      <TestMethod codeBase="C:/Users/Kumaran_Venkataraman/Desktop/GameOfLife/GameOfLifeTest/bin/Debug/GameOfLifeTest.DLL" adapterTypeName="Microsoft.VisualStudio.TestTools.TestTypes.Unit.UnitTestAdapter, Microsoft.VisualStudio.QualityTools.Tips.UnitTest.Adapter, Version=10.0.0.0, Culture=neutral, PublicKeyToken=b03f5f7f11d50a3a" className="GameOfLifeTest.GridTest, GameOfLifeTest, Version=1.0.0.0, Culture=neutral, PublicKeyToken=null" name="ToStringTest6" />
    </UnitTest>
    <UnitTest name="ToStringTest" storage="c:\users\kumaran_venkataraman\desktop\gameoflife\gameoflifetest\bin\debug\gameoflifetest.dll" id="6b4f5743-f93c-e414-be2f-c2f2fce3a5c2">
      <Execution id="f475782c-1873-4996-974d-15377cbea4a4" />
      <TestMethod codeBase="C:/Users/Kumaran_Venkataraman/Desktop/GameOfLife/GameOfLifeTest/bin/Debug/GameOfLifeTest.DLL" adapterTypeName="Microsoft.VisualStudio.TestTools.TestTypes.Unit.UnitTestAdapter, Microsoft.VisualStudio.QualityTools.Tips.UnitTest.Adapter, Version=10.0.0.0, Culture=neutral, PublicKeyToken=b03f5f7f11d50a3a" className="GameOfLifeTest.RowTest, GameOfLifeTest, Version=1.0.0.0, Culture=neutral, PublicKeyToken=null" name="ToStringTest" />
    </UnitTest>
    <UnitTest name="ToStringTest4" storage="c:\users\kumaran_venkataraman\desktop\gameoflife\gameoflifetest\bin\debug\gameoflifetest.dll" id="df48ed7f-e6c8-b9d2-e542-4837559b246d">
      <Execution id="a3d4ef99-f6ae-4d16-be42-66e9a3f5d45a" />
      <TestMethod codeBase="C:/Users/Kumaran_Venkataraman/Desktop/GameOfLife/GameOfLifeTest/bin/Debug/GameOfLifeTest.DLL" adapterTypeName="Microsoft.VisualStudio.TestTools.TestTypes.Unit.UnitTestAdapter, Microsoft.VisualStudio.QualityTools.Tips.UnitTest.Adapter, Version=10.0.0.0, Culture=neutral, PublicKeyToken=b03f5f7f11d50a3a" className="GameOfLifeTest.GridTest, GameOfLifeTest, Version=1.0.0.0, Culture=neutral, PublicKeyToken=null" name="ToStringTest4" />
    </UnitTest>
    <UnitTest name="ToStringTest5" storage="c:\users\kumaran_venkataraman\desktop\gameoflife\gameoflifetest\bin\debug\gameoflifetest.dll" id="2658872e-3e03-e7fe-ed96-53b63ff4c738">
      <Execution id="4e8116be-208b-4e42-9a5a-d1c50b1948a1" />
      <TestMethod codeBase="C:/Users/Kumaran_Venkataraman/Desktop/GameOfLife/GameOfLifeTest/bin/Debug/GameOfLifeTest.DLL" adapterTypeName="Microsoft.VisualStudio.TestTools.TestTypes.Unit.UnitTestAdapter, Microsoft.VisualStudio.QualityTools.Tips.UnitTest.Adapter, Version=10.0.0.0, Culture=neutral, PublicKeyToken=b03f5f7f11d50a3a" className="GameOfLifeTest.GridTest, GameOfLifeTest, Version=1.0.0.0, Culture=neutral, PublicKeyToken=null" name="ToStringTest5" />
    </UnitTest>
    <UnitTest name="GetColumnCountTest" storage="c:\users\kumaran_venkataraman\desktop\gameoflife\gameoflifetest\bin\debug\gameoflifetest.dll" id="beae48f1-8b10-deea-96c9-33953c80edf1">
      <Execution id="469557a8-d577-4ff0-a2d4-9286ba18ad1e" />
      <TestMethod codeBase="C:/Users/Kumaran_Venkataraman/Desktop/GameOfLife/GameOfLifeTest/bin/Debug/GameOfLifeTest.DLL" adapterTypeName="Microsoft.VisualStudio.TestTools.TestTypes.Unit.UnitTestAdapter, Microsoft.VisualStudio.QualityTools.Tips.UnitTest.Adapter, Version=10.0.0.0, Culture=neutral, PublicKeyToken=b03f5f7f11d50a3a" className="GameOfLifeTest.RowTest, GameOfLifeTest, Version=1.0.0.0, Culture=neutral, PublicKeyToken=null" name="GetColumnCountTest" />
    </UnitTest>
  </TestDefinitions>
  <TestLists>
    <TestList name="Results Not in a List" id="8c84fa94-04c1-424b-9868-57a2d4851a1d" />
    <TestList name="All Loaded Results" id="19431567-8539-422a-85d7-44ee4e166bda" />
  </TestLists>
  <TestEntries>
    <TestEntry testId="dee993b8-67a3-f4e3-ae75-726789bfb67e" executionId="37c18368-25a3-4149-892a-1f3ada775b55" testListId="8c84fa94-04c1-424b-9868-57a2d4851a1d" />
    <TestEntry testId="fc035a48-e9e4-82dd-f1d2-c8aff44b15b0" executionId="52c71c5c-964b-4eeb-98e8-c4186094fbce" testListId="8c84fa94-04c1-424b-9868-57a2d4851a1d" />
    <TestEntry testId="a8c10fb5-c137-e6c1-92f7-8f1fb4c59deb" executionId="644cfa84-010b-4bd4-97b6-f8c5203a86fc" testListId="8c84fa94-04c1-424b-9868-57a2d4851a1d" />
    <TestEntry testId="63c8518e-2439-ebd2-e4e0-6f94830146f5" executionId="a201502c-3ccb-4809-918e-671205bbca33" testListId="8c84fa94-04c1-424b-9868-57a2d4851a1d" />
    <TestEntry testId="29c44247-3ad8-d615-778b-c1ec6adcbfa0" executionId="dfb0ad98-e783-442c-b923-bef63bd497c2" testListId="8c84fa94-04c1-424b-9868-57a2d4851a1d" />
    <TestEntry testId="4e67a92b-ae19-d9e5-0299-f763dfc4b6d8" executionId="a0e2a9ac-a9b9-4c56-8137-57265ff98542" testListId="8c84fa94-04c1-424b-9868-57a2d4851a1d" />
    <TestEntry testId="6b4f5743-f93c-e414-be2f-c2f2fce3a5c2" executionId="f475782c-1873-4996-974d-15377cbea4a4" testListId="8c84fa94-04c1-424b-9868-57a2d4851a1d" />
    <TestEntry testId="e0a2cea7-fed0-6f35-625a-1cbe1a6564e4" executionId="6c7523fc-367d-4d81-b2d4-f6a54345ec27" testListId="8c84fa94-04c1-424b-9868-57a2d4851a1d" />
    <TestEntry testId="beae48f1-8b10-deea-96c9-33953c80edf1" executionId="469557a8-d577-4ff0-a2d4-9286ba18ad1e" testListId="8c84fa94-04c1-424b-9868-57a2d4851a1d" />
    <TestEntry testId="0a17ab39-6946-b5c3-5bdd-daa86e51c740" executionId="1bfcb710-d94b-4556-bcfc-44ef5784e300" testListId="8c84fa94-04c1-424b-9868-57a2d4851a1d" />
    <TestEntry testId="3444a78d-6ed0-77bc-f380-8049bbaa388d" executionId="bed073a4-27aa-4249-a9bf-ac8fc1570168" testListId="8c84fa94-04c1-424b-9868-57a2d4851a1d" />
    <TestEntry testId="f8d721a4-0f11-8174-bc5b-485fc41a33c5" executionId="5e96e652-4d80-4e59-a33d-d61651697527" testListId="8c84fa94-04c1-424b-9868-57a2d4851a1d" />
    <TestEntry testId="b8ff4e9a-2465-67cd-8dbd-8b9e678b7f10" executionId="9e79b683-6c5d-482e-8e13-50a30320dd03" testListId="8c84fa94-04c1-424b-9868-57a2d4851a1d" />
    <TestEntry testId="1d33b44e-569c-2798-5327-5449e017a583" executionId="36ec2a78-52cc-4549-bc60-914f0537b0d6" testListId="8c84fa94-04c1-424b-9868-57a2d4851a1d" />
    <TestEntry testId="df48ed7f-e6c8-b9d2-e542-4837559b246d" executionId="a3d4ef99-f6ae-4d16-be42-66e9a3f5d45a" testListId="8c84fa94-04c1-424b-9868-57a2d4851a1d" />
    <TestEntry testId="2658872e-3e03-e7fe-ed96-53b63ff4c738" executionId="4e8116be-208b-4e42-9a5a-d1c50b1948a1" testListId="8c84fa94-04c1-424b-9868-57a2d4851a1d" />
    <TestEntry testId="ca373f64-4752-067d-da01-80ebd5e1c37e" executionId="8ecb7b49-7358-4bf4-9907-5f16dc8a0b46" testListId="8c84fa94-04c1-424b-9868-57a2d4851a1d" />
  </TestEntries>
  <Results>
    <UnitTestResult executionId="37c18368-25a3-4149-892a-1f3ada775b55" testId="dee993b8-67a3-f4e3-ae75-726789bfb67e" testName="IsNewColumnNeededAtRightTest" computerName="MYSHEC51628L" duration="00:00:00.0558694" startTime="2011-06-11T22:44:37.5649541+05:30" endTime="2011-06-11T22:44:38.3880012+05:30" testType="13cdc9d9-ddb5-4fa4-a97d-d965ccfc6d4b" outcome="Passed" testListId="8c84fa94-04c1-424b-9868-57a2d4851a1d" relativeResultsDirectory="37c18368-25a3-4149-892a-1f3ada775b55">
    </UnitTestResult>
    <UnitTestResult executionId="52c71c5c-964b-4eeb-98e8-c4186094fbce" testId="fc035a48-e9e4-82dd-f1d2-c8aff44b15b0" testName="GridConstructorTest1" computerName="MYSHEC51628L" duration="00:00:00.0014730" startTime="2011-06-11T22:44:38.4050021+05:30" endTime="2011-06-11T22:44:38.4310036+05:30" testType="13cdc9d9-ddb5-4fa4-a97d-d965ccfc6d4b" outcome="Passed" testListId="8c84fa94-04c1-424b-9868-57a2d4851a1d" relativeResultsDirectory="52c71c5c-964b-4eeb-98e8-c4186094fbce">
    </UnitTestResult>
    <UnitTestResult executionId="644cfa84-010b-4bd4-97b6-f8c5203a86fc" testId="a8c10fb5-c137-e6c1-92f7-8f1fb4c59deb" testName="CellConstructorTest" computerName="MYSHEC51628L" duration="00:00:00.0006107" startTime="2011-06-11T22:44:38.4450044+05:30" endTime="2011-06-11T22:44:38.4620054+05:30" testType="13cdc9d9-ddb5-4fa4-a97d-d965ccfc6d4b" outcome="Passed" testListId="8c84fa94-04c1-424b-9868-57a2d4851a1d" relativeResultsDirectory="644cfa84-010b-4bd4-97b6-f8c5203a86fc">
    </UnitTestResult>
    <UnitTestResult executionId="a201502c-3ccb-4809-918e-671205bbca33" testId="63c8518e-2439-ebd2-e4e0-6f94830146f5" testName="IsAliveTest" computerName="MYSHEC51628L" duration="00:00:00.0003192" startTime="2011-06-11T22:44:38.4740061+05:30" endTime="2011-06-11T22:44:38.4890069+05:30" testType="13cdc9d9-ddb5-4fa4-a97d-d965ccfc6d4b" outcome="Passed" testListId="8c84fa94-04c1-424b-9868-57a2d4851a1d" relativeResultsDirectory="a201502c-3ccb-4809-918e-671205bbca33">
    </UnitTestResult>
    <UnitTestResult executionId="dfb0ad98-e783-442c-b923-bef63bd497c2" testId="29c44247-3ad8-d615-778b-c1ec6adcbfa0" testName="IsAliveTest2" computerName="MYSHEC51628L" duration="00:00:00.0003182" startTime="2011-06-11T22:44:38.4990075+05:30" endTime="2011-06-11T22:44:38.5130083+05:30" testType="13cdc9d9-ddb5-4fa4-a97d-d965ccfc6d4b" outcome="Passed" testListId="8c84fa94-04c1-424b-9868-57a2d4851a1d" relativeResultsDirectory="dfb0ad98-e783-442c-b923-bef63bd497c2">
    </UnitTestResult>
    <UnitTestResult executionId="a0e2a9ac-a9b9-4c56-8137-57265ff98542" testId="4e67a92b-ae19-d9e5-0299-f763dfc4b6d8" testName="ToStringTest" computerName="MYSHEC51628L" duration="00:00:00.0003192" startTime="2011-06-11T22:44:38.5340095+05:30" endTime="2011-06-11T22:44:38.5640112+05:30" testType="13cdc9d9-ddb5-4fa4-a97d-d965ccfc6d4b" outcome="Passed" testListId="8c84fa94-04c1-424b-9868-57a2d4851a1d" relativeResultsDirectory="a0e2a9ac-a9b9-4c56-8137-57265ff98542">
    </UnitTestResult>
    <UnitTestResult executionId="f475782c-1873-4996-974d-15377cbea4a4" testId="6b4f5743-f93c-e414-be2f-c2f2fce3a5c2" testName="ToStringTest" computerName="MYSHEC51628L" duration="00:00:00.0005923" startTime="2011-06-11T22:44:38.5910128+05:30" endTime="2011-06-11T22:44:38.6160142+05:30" testType="13cdc9d9-ddb5-4fa4-a97d-d965ccfc6d4b" outcome="Passed" testListId="8c84fa94-04c1-424b-9868-57a2d4851a1d" relativeResultsDirectory="f475782c-1873-4996-974d-15377cbea4a4">
    </UnitTestResult>
    <UnitTestResult executionId="6c7523fc-367d-4d81-b2d4-f6a54345ec27" testId="e0a2cea7-fed0-6f35-625a-1cbe1a6564e4" testName="RowConstructorTest" computerName="MYSHEC51628L" duration="00:00:00.0003197" startTime="2011-06-11T22:44:38.6290149+05:30" endTime="2011-06-11T22:44:38.6470160+05:30" testType="13cdc9d9-ddb5-4fa4-a97d-d965ccfc6d4b" outcome="Passed" testListId="8c84fa94-04c1-424b-9868-57a2d4851a1d" relativeResultsDirectory="6c7523fc-367d-4d81-b2d4-f6a54345ec27">
    </UnitTestResult>
    <UnitTestResult executionId="469557a8-d577-4ff0-a2d4-9286ba18ad1e" testId="beae48f1-8b10-deea-96c9-33953c80edf1" testName="GetColumnCountTest" computerName="MYSHEC51628L" duration="00:00:00.0013586" startTime="2011-06-11T22:44:38.6600167+05:30" endTime="2011-06-11T22:44:38.7000190+05:30" testType="13cdc9d9-ddb5-4fa4-a97d-d965ccfc6d4b" outcome="Passed" testListId="8c84fa94-04c1-424b-9868-57a2d4851a1d" relativeResultsDirectory="469557a8-d577-4ff0-a2d4-9286ba18ad1e">
    </UnitTestResult>
    <UnitTestResult executionId="1bfcb710-d94b-4556-bcfc-44ef5784e300" testId="0a17ab39-6946-b5c3-5bdd-daa86e51c740" testName="IsNewRowNeededTest" computerName="MYSHEC51628L" duration="00:00:00.0005173" startTime="2011-06-11T22:44:38.7140198+05:30" endTime="2011-06-11T22:44:38.7290207+05:30" testType="13cdc9d9-ddb5-4fa4-a97d-d965ccfc6d4b" outcome="Passed" testListId="8c84fa94-04c1-424b-9868-57a2d4851a1d" relativeResultsDirectory="1bfcb710-d94b-4556-bcfc-44ef5784e300">
    </UnitTestResult>
    <UnitTestResult executionId="bed073a4-27aa-4249-a9bf-ac8fc1570168" testId="3444a78d-6ed0-77bc-f380-8049bbaa388d" testName="IsNewColumnNeededAtLeftTest" computerName="MYSHEC51628L" duration="00:00:00.0013540" startTime="2011-06-11T22:44:38.7410214+05:30" endTime="2011-06-11T22:44:38.7600224+05:30" testType="13cdc9d9-ddb5-4fa4-a97d-d965ccfc6d4b" outcome="Passed" testListId="8c84fa94-04c1-424b-9868-57a2d4851a1d" relativeResultsDirectory="bed073a4-27aa-4249-a9bf-ac8fc1570168">
    </UnitTestResult>
    <UnitTestResult executionId="5e96e652-4d80-4e59-a33d-d61651697527" testId="f8d721a4-0f11-8174-bc5b-485fc41a33c5" testName="ToStringTest1" computerName="MYSHEC51628L" duration="00:00:00.0076718" startTime="2011-06-11T22:44:38.7900242+05:30" endTime="2011-06-11T22:44:38.8220260+05:30" testType="13cdc9d9-ddb5-4fa4-a97d-d965ccfc6d4b" outcome="Passed" testListId="8c84fa94-04c1-424b-9868-57a2d4851a1d" relativeResultsDirectory="5e96e652-4d80-4e59-a33d-d61651697527">
    </UnitTestResult>
    <UnitTestResult executionId="9e79b683-6c5d-482e-8e13-50a30320dd03" testId="b8ff4e9a-2465-67cd-8dbd-8b9e678b7f10" testName="ToStringTest2" computerName="MYSHEC51628L" duration="00:00:00.0003572" startTime="2011-06-11T22:44:38.8490275+05:30" endTime="2011-06-11T22:44:38.8650284+05:30" testType="13cdc9d9-ddb5-4fa4-a97d-d965ccfc6d4b" outcome="Passed" testListId="8c84fa94-04c1-424b-9868-57a2d4851a1d" relativeResultsDirectory="9e79b683-6c5d-482e-8e13-50a30320dd03">
    </UnitTestResult>
    <UnitTestResult executionId="36ec2a78-52cc-4549-bc60-914f0537b0d6" testId="1d33b44e-569c-2798-5327-5449e017a583" testName="ToStringTest3" computerName="MYSHEC51628L" duration="00:00:00.0003551" startTime="2011-06-11T22:44:38.8750290+05:30" endTime="2011-06-11T22:44:38.8900299+05:30" testType="13cdc9d9-ddb5-4fa4-a97d-d965ccfc6d4b" outcome="Passed" testListId="8c84fa94-04c1-424b-9868-57a2d4851a1d" relativeResultsDirectory="36ec2a78-52cc-4549-bc60-914f0537b0d6">
    </UnitTestResult>
    <UnitTestResult executionId="a3d4ef99-f6ae-4d16-be42-66e9a3f5d45a" testId="df48ed7f-e6c8-b9d2-e542-4837559b246d" testName="ToStringTest4" computerName="MYSHEC51628L" duration="00:00:18.6240652" startTime="2011-06-11T22:44:38.9010305+05:30" endTime="2011-06-11T22:44:57.5250957+05:30" testType="13cdc9d9-ddb5-4fa4-a97d-d965ccfc6d4b" outcome="Aborted" testListId="8c84fa94-04c1-424b-9868-57a2d4851a1d" relativeResultsDirectory="a3d4ef99-f6ae-4d16-be42-66e9a3f5d45a">
    </UnitTestResult>
    <UnitTestResult executionId="4e8116be-208b-4e42-9a5a-d1c50b1948a1" testId="2658872e-3e03-e7fe-ed96-53b63ff4c738" testName="ToStringTest5" computerName="MYSHEC51628L" testType="13cdc9d9-ddb5-4fa4-a97d-d965ccfc6d4b" outcome="NotExecuted" testListId="8c84fa94-04c1-424b-9868-57a2d4851a1d" relativeResultsDirectory="4e8116be-208b-4e42-9a5a-d1c50b1948a1">
    </UnitTestResult>
    <UnitTestResult executionId="8ecb7b49-7358-4bf4-9907-5f16dc8a0b46" testId="ca373f64-4752-067d-da01-80ebd5e1c37e" testName="ToStringTest6" computerName="MYSHEC51628L" testType="13cdc9d9-ddb5-4fa4-a97d-d965ccfc6d4b" outcome="NotExecuted" testListId="8c84fa94-04c1-424b-9868-57a2d4851a1d" relativeResultsDirectory="8ecb7b49-7358-4bf4-9907-5f16dc8a0b46">
    </UnitTestResult>
  </Results>
</TestRun>