<?xml version="1.0" encoding="UTF-8"?>
<TestRun id="43c5c677-f850-42bd-94c8-d782b453eefa" name="Kumaran_Venkataraman@MYSHEC51628L 2011-06-11 20:48:14" runUser="ITLINFOSYS\Kumaran_Venkataraman" xmlns="http://microsoft.com/schemas/VisualStudio/TeamTest/2010">
  <TestSettings name="Local" id="5734b058-9c95-45c5-97c6-71e8d52a6fdb">
    <Description>These are default test settings for a local test run.</Description>
    <Deployment enabled="false" runDeploymentRoot="Kumaran_Venkataraman_MYSHEC51628L 2011-06-11 20_48_14">
      <DeploymentItem filename="C:\Users\Kumaran_Venkataraman\Desktop\GameOfLife\GameOfLife\bin\Debug\GameOfLife.exe" />
    </Deployment>
    <Execution>
      <TestTypeSpecific />
      <AgentRule name="Execution Agents">
      </AgentRule>
    </Execution>
  </TestSettings>
  <Times creation="2011-06-11T20:48:14.0270308+05:30" queuing="2011-06-11T20:48:15.3841084+05:30" start="2011-06-11T20:48:15.4931146+05:30" finish="2011-06-11T20:48:27.6968126+05:30" />
  <ResultSummary outcome="Error">
    <Counters total="4" executed="4" passed="3" error="0" failed="0" timeout="0" aborted="1" inconclusive="0" passedButRunAborted="0" notRunnable="0" notExecuted="0" disconnected="0" warning="0" completed="0" inProgress="0" pending="0" />
    <RunInfos>
      <RunInfo computerName="MYSHEC51628L" outcome="Warning" timestamp="2011-06-11T20:48:14.0450318+05:30">
        <Text>Deployment is currently disabled. The deployment item 'GameOfLife.exe' on test 'GameOfLifeTest.GridTest.IsNewColumnNeededAtLeftTest' was not deployed.</Text>
      </RunInfo>
      <RunInfo computerName="MYSHEC51628L" outcome="Error" timestamp="2011-06-11T20:48:27.6958126+05:30">
        <Text>Test host process exited unexpectedly.</Text>
      </RunInfo>
    </RunInfos>
  </ResultSummary>
  <TestDefinitions>
    <UnitTest name="IsNewColumnNeededAtLeftTest" storage="c:\users\kumaran_venkataraman\desktop\gameoflife\gameoflifetest\bin\debug\gameoflifetest.dll" id="3444a78d-6ed0-77bc-f380-8049bbaa388d">
      <DeploymentItems>
        <DeploymentItem filename="GameOfLife.exe" />
      </DeploymentItems>
      <Execution id="930ea24a-a01b-41b8-8154-f5a663154dda" />
      <TestMethod codeBase="C:/Users/Kumaran_Venkataraman/Desktop/GameOfLife/GameOfLifeTest/bin/Debug/GameOfLifeTest.DLL" adapterTypeName="Microsoft.VisualStudio.TestTools.TestTypes.Unit.UnitTestAdapter, Microsoft.VisualStudio.QualityTools.Tips.UnitTest.Adapter, Version=10.0.0.0, Culture=neutral, PublicKeyToken=b03f5f7f11d50a3a" className="GameOfLifeTest.GridTest, GameOfLifeTest, Version=1.0.0.0, Culture=neutral, PublicKeyToken=null" name="IsNewColumnNeededAtLeftTest" />
    </UnitTest>
    <UnitTest name="GridConstructorTest1" storage="c:\users\kumaran_venkataraman\desktop\gameoflife\gameoflifetest\bin\debug\gameoflifetest.dll" id="fc035a48-e9e4-82dd-f1d2-c8aff44b15b0">
      <Execution id="3bd9934b-6fad-45b1-965f-7faf77bd4e5e" />
      <TestMethod codeBase="C:/Users/Kumaran_Venkataraman/Desktop/GameOfLife/GameOfLifeTest/bin/Debug/GameOfLifeTest.DLL" adapterTypeName="Microsoft.VisualStudio.TestTools.TestTypes.Unit.UnitTestAdapter, Microsoft.VisualStudio.QualityTools.Tips.UnitTest.Adapter, Version=10.0.0.0, Culture=neutral, PublicKeyToken=b03f5f7f11d50a3a" className="GameOfLifeTest.GridTest, GameOfLifeTest, Version=1.0.0.0, Culture=neutral, PublicKeyToken=null" name="GridConstructorTest1" />
    </UnitTest>
    <UnitTest name="ToStringTest" storage="c:\users\kumaran_venkataraman\desktop\gameoflife\gameoflifetest\bin\debug\gameoflifetest.dll" id="077c4fe5-3ac3-ebf4-09cd-8eb2b1d60143">
      <Execution id="42bbdff7-3458-40f0-9da1-171c6fbe681a" />
      <TestMethod codeBase="C:/Users/Kumaran_Venkataraman/Desktop/GameOfLife/GameOfLifeTest/bin/Debug/GameOfLifeTest.DLL" adapterTypeName="Microsoft.VisualStudio.TestTools.TestTypes.Unit.UnitTestAdapter, Microsoft.VisualStudio.QualityTools.Tips.UnitTest.Adapter, Version=10.0.0.0, Culture=neutral, PublicKeyToken=b03f5f7f11d50a3a" className="GameOfLifeTest.GridTest, GameOfLifeTest, Version=1.0.0.0, Culture=neutral, PublicKeyToken=null" name="ToStringTest" />
    </UnitTest>
    <UnitTest name="IsNewColumnNeededAtRightTest" storage="c:\users\kumaran_venkataraman\desktop\gameoflife\gameoflifetest\bin\debug\gameoflifetest.dll" id="dee993b8-67a3-f4e3-ae75-726789bfb67e">
      <DeploymentItems>
        <DeploymentItem filename="GameOfLife.exe" />
      </DeploymentItems>
      <Execution id="99dcfb9a-5ff9-40f4-8535-f2cb8708ac2f" />
      <TestMethod codeBase="C:/Users/Kumaran_Venkataraman/Desktop/GameOfLife/GameOfLifeTest/bin/Debug/GameOfLifeTest.DLL" adapterTypeName="Microsoft.VisualStudio.TestTools.TestTypes.Unit.UnitTestAdapter, Microsoft.VisualStudio.QualityTools.Tips.UnitTest.Adapter, Version=10.0.0.0, Culture=neutral, PublicKeyToken=b03f5f7f11d50a3a" className="GameOfLifeTest.GridTest, GameOfLifeTest, Version=1.0.0.0, Culture=neutral, PublicKeyToken=null" name="IsNewColumnNeededAtRightTest" />
    </UnitTest>
  </TestDefinitions>
  <TestLists>
    <TestList name="Results Not in a List" id="8c84fa94-04c1-424b-9868-57a2d4851a1d" />
    <TestList name="All Loaded Results" id="19431567-8539-422a-85d7-44ee4e166bda" />
  </TestLists>
  <TestEntries>
    <TestEntry testId="077c4fe5-3ac3-ebf4-09cd-8eb2b1d60143" executionId="42bbdff7-3458-40f0-9da1-171c6fbe681a" testListId="8c84fa94-04c1-424b-9868-57a2d4851a1d" />
    <TestEntry testId="dee993b8-67a3-f4e3-ae75-726789bfb67e" executionId="99dcfb9a-5ff9-40f4-8535-f2cb8708ac2f" testListId="8c84fa94-04c1-424b-9868-57a2d4851a1d" />
    <TestEntry testId="fc035a48-e9e4-82dd-f1d2-c8aff44b15b0" executionId="3bd9934b-6fad-45b1-965f-7faf77bd4e5e" testListId="8c84fa94-04c1-424b-9868-57a2d4851a1d" />
    <TestEntry testId="3444a78d-6ed0-77bc-f380-8049bbaa388d" executionId="930ea24a-a01b-41b8-8154-f5a663154dda" testListId="8c84fa94-04c1-424b-9868-57a2d4851a1d" />
  </TestEntries>
  <Results>
    <UnitTestResult executionId="42bbdff7-3458-40f0-9da1-171c6fbe681a" testId="077c4fe5-3ac3-ebf4-09cd-8eb2b1d60143" testName="ToStringTest" computerName="MYSHEC51628L" duration="00:00:00.0388324" startTime="2011-06-11T20:48:15.5811196+05:30" endTime="2011-06-11T20:48:16.3651645+05:30" testType="13cdc9d9-ddb5-4fa4-a97d-d965ccfc6d4b" outcome="Passed" testListId="8c84fa94-04c1-424b-9868-57a2d4851a1d" relativeResultsDirectory="42bbdff7-3458-40f0-9da1-171c6fbe681a">
    </UnitTestResult>
    <UnitTestResult executionId="99dcfb9a-5ff9-40f4-8535-f2cb8708ac2f" testId="dee993b8-67a3-f4e3-ae75-726789bfb67e" testName="IsNewColumnNeededAtRightTest" computerName="MYSHEC51628L" duration="00:00:00.0175220" startTime="2011-06-11T20:48:16.3791653+05:30" endTime="2011-06-11T20:48:16.4131672+05:30" testType="13cdc9d9-ddb5-4fa4-a97d-d965ccfc6d4b" outcome="Passed" testListId="8c84fa94-04c1-424b-9868-57a2d4851a1d" relativeResultsDirectory="99dcfb9a-5ff9-40f4-8535-f2cb8708ac2f">
    </UnitTestResult>
    <UnitTestResult executionId="3bd9934b-6fad-45b1-965f-7faf77bd4e5e" testId="fc035a48-e9e4-82dd-f1d2-c8aff44b15b0" testName="GridConstructorTest1" computerName="MYSHEC51628L" duration="00:00:00.0004501" startTime="2011-06-11T20:48:16.4281681+05:30" endTime="2011-06-11T20:48:16.4401688+05:30" testType="13cdc9d9-ddb5-4fa4-a97d-d965ccfc6d4b" outcome="Passed" testListId="8c84fa94-04c1-424b-9868-57a2d4851a1d" relativeResultsDirectory="3bd9934b-6fad-45b1-965f-7faf77bd4e5e">
    </UnitTestResult>
    <UnitTestResult executionId="930ea24a-a01b-41b8-8154-f5a663154dda" testId="3444a78d-6ed0-77bc-f380-8049bbaa388d" testName="IsNewColumnNeededAtLeftTest" computerName="MYSHEC51628L" duration="00:00:11.2416430" startTime="2011-06-11T20:48:16.4551696+05:30" endTime="2011-06-11T20:48:27.6968126+05:30" testType="13cdc9d9-ddb5-4fa4-a97d-d965ccfc6d4b" outcome="Aborted" testListId="8c84fa94-04c1-424b-9868-57a2d4851a1d" relativeResultsDirectory="930ea24a-a01b-41b8-8154-f5a663154dda">
    </UnitTestResult>
  </Results>
</TestRun>