<?xml version="1.0" encoding="UTF-8"?>
<TestRun id="d12719e7-e41b-4815-a55b-fc3230b2ade8" name="Kumaran_Venkataraman@MYSHEC51628L 2011-06-11 20:29:38" runUser="ITLINFOSYS\Kumaran_Venkataraman" xmlns="http://microsoft.com/schemas/VisualStudio/TeamTest/2010">
  <TestSettings name="Local" id="5734b058-9c95-45c5-97c6-71e8d52a6fdb">
    <Description>These are default test settings for a local test run.</Description>
    <Deployment enabled="false" runDeploymentRoot="Kumaran_Venkataraman_MYSHEC51628L 2011-06-11 20_29_38">
      <DeploymentItem filename="C:\Users\Kumaran_Venkataraman\Desktop\GameOfLife\GameOfLife\bin\Debug\GameOfLife.exe" />
    </Deployment>
    <Execution>
      <TestTypeSpecific />
      <AgentRule name="Execution Agents">
      </AgentRule>
    </Execution>
  </TestSettings>
  <Times creation="2011-06-11T20:29:38.2952145+05:30" queuing="2011-06-11T20:29:39.7352969+05:30" start="2011-06-11T20:29:39.8943060+05:30" finish="2011-06-11T20:30:01.1365210+05:30" />
  <ResultSummary outcome="Error">
    <Counters total="11" executed="2" passed="1" error="0" failed="0" timeout="0" aborted="1" inconclusive="0" passedButRunAborted="0" notRunnable="0" notExecuted="9" disconnected="0" warning="0" completed="0" inProgress="0" pending="0" />
    <RunInfos>
      <RunInfo computerName="MYSHEC51628L" outcome="Error" timestamp="2011-06-11T20:30:01.1335208+05:30">
        <Text>Test host process exited unexpectedly.</Text>
      </RunInfo>
    </RunInfos>
  </ResultSummary>
  <TestDefinitions>
    <UnitTest name="GridConstructorTest1" storage="c:\users\kumaran_venkataraman\desktop\gameoflife\gameoflifetest\bin\debug\gameoflifetest.dll" id="fc035a48-e9e4-82dd-f1d2-c8aff44b15b0">
      <Execution id="be08c4a6-ff48-407c-9d55-2c91bee2c70f" />
      <TestMethod codeBase="C:/Users/Kumaran_Venkataraman/Desktop/GameOfLife/GameOfLifeTest/bin/Debug/GameOfLifeTest.DLL" adapterTypeName="Microsoft.VisualStudio.TestTools.TestTypes.Unit.UnitTestAdapter, Microsoft.VisualStudio.QualityTools.Tips.UnitTest.Adapter, Version=10.0.0.0, Culture=neutral, PublicKeyToken=b03f5f7f11d50a3a" className="GameOfLifeTest.GridTest, GameOfLifeTest, Version=1.0.0.0, Culture=neutral, PublicKeyToken=null" name="GridConstructorTest1" />
    </UnitTest>
    <UnitTest name="AddNewColumnAtEndTest" storage="c:\users\kumaran_venkataraman\desktop\gameoflife\gameoflifetest\bin\debug\gameoflifetest.dll" id="dd552612-c933-e405-4374-157e220b7be4">
      <DeploymentItems>
        <DeploymentItem filename="GameOfLife.exe" />
      </DeploymentItems>
      <Execution id="195e35c1-18e5-466f-9c41-6619ad8bdb85" />
      <TestMethod codeBase="C:/Users/Kumaran_Venkataraman/Desktop/GameOfLife/GameOfLifeTest/bin/Debug/GameOfLifeTest.DLL" adapterTypeName="Microsoft.VisualStudio.TestTools.TestTypes.Unit.UnitTestAdapter, Microsoft.VisualStudio.QualityTools.Tips.UnitTest.Adapter, Version=10.0.0.0, Culture=neutral, PublicKeyToken=b03f5f7f11d50a3a" className="GameOfLifeTest.GridTest, GameOfLifeTest, Version=1.0.0.0, Culture=neutral, PublicKeyToken=null" name="AddNewColumnAtEndTest" />
    </UnitTest>
    <UnitTest name="ToStringTest" storage="c:\users\kumaran_venkataraman\desktop\gameoflife\gameoflifetest\bin\debug\gameoflifetest.dll" id="077c4fe5-3ac3-ebf4-09cd-8eb2b1d60143">
      <Execution id="804c284f-b85b-4649-b6cf-6a3eb947b61d" />
      <TestMethod codeBase="C:/Users/Kumaran_Venkataraman/Desktop/GameOfLife/GameOfLifeTest/bin/Debug/GameOfLifeTest.DLL" adapterTypeName="Microsoft.VisualStudio.TestTools.TestTypes.Unit.UnitTestAdapter, Microsoft.VisualStudio.QualityTools.Tips.UnitTest.Adapter, Version=10.0.0.0, Culture=neutral, PublicKeyToken=b03f5f7f11d50a3a" className="GameOfLifeTest.GridTest, GameOfLifeTest, Version=1.0.0.0, Culture=neutral, PublicKeyToken=null" name="ToStringTest" />
    </UnitTest>
    <UnitTest name="AdvanceToNextGenerationTest" storage="c:\users\kumaran_venkataraman\desktop\gameoflife\gameoflifetest\bin\debug\gameoflifetest.dll" id="64fe3c99-cebf-af3f-fc86-b5bac408da9f">
      <Execution id="e2b3185d-d76d-45a2-bcf6-71236cec9316" />
      <TestMethod codeBase="C:/Users/Kumaran_Venkataraman/Desktop/GameOfLife/GameOfLifeTest/bin/Debug/GameOfLifeTest.DLL" adapterTypeName="Microsoft.VisualStudio.TestTools.TestTypes.Unit.UnitTestAdapter, Microsoft.VisualStudio.QualityTools.Tips.UnitTest.Adapter, Version=10.0.0.0, Culture=neutral, PublicKeyToken=b03f5f7f11d50a3a" className="GameOfLifeTest.GridTest, GameOfLifeTest, Version=1.0.0.0, Culture=neutral, PublicKeyToken=null" name="AdvanceToNextGenerationTest" />
    </UnitTest>
    <UnitTest name="DecideStatusForNextGenerationTest" storage="c:\users\kumaran_venkataraman\desktop\gameoflife\gameoflifetest\bin\debug\gameoflifetest.dll" id="30597b6e-4943-139e-2fad-9bbfa68cfdf1">
      <DeploymentItems>
        <DeploymentItem filename="GameOfLife.exe" />
      </DeploymentItems>
      <Execution id="0833b6b7-422f-4098-a5c2-004f21874cc7" />
      <TestMethod codeBase="C:/Users/Kumaran_Venkataraman/Desktop/GameOfLife/GameOfLifeTest/bin/Debug/GameOfLifeTest.DLL" adapterTypeName="Microsoft.VisualStudio.TestTools.TestTypes.Unit.UnitTestAdapter, Microsoft.VisualStudio.QualityTools.Tips.UnitTest.Adapter, Version=10.0.0.0, Culture=neutral, PublicKeyToken=b03f5f7f11d50a3a" className="GameOfLifeTest.GridTest, GameOfLifeTest, Version=1.0.0.0, Culture=neutral, PublicKeyToken=null" name="DecideStatusForNextGenerationTest" />
    </UnitTest>
    <UnitTest name="AddRowToEndTest" storage="c:\users\kumaran_venkataraman\desktop\gameoflife\gameoflifetest\bin\debug\gameoflifetest.dll" id="068bdf71-5756-69b8-1c54-ecc15e9bc262">
      <DeploymentItems>
        <DeploymentItem filename="GameOfLife.exe" />
      </DeploymentItems>
      <Execution id="97ad91fc-c3ba-42d1-ad03-aa4cc7f38fe3" />
      <TestMethod codeBase="C:/Users/Kumaran_Venkataraman/Desktop/GameOfLife/GameOfLifeTest/bin/Debug/GameOfLifeTest.DLL" adapterTypeName="Microsoft.VisualStudio.TestTools.TestTypes.Unit.UnitTestAdapter, Microsoft.VisualStudio.QualityTools.Tips.UnitTest.Adapter, Version=10.0.0.0, Culture=neutral, PublicKeyToken=b03f5f7f11d50a3a" className="GameOfLifeTest.GridTest, GameOfLifeTest, Version=1.0.0.0, Culture=neutral, PublicKeyToken=null" name="AddRowToEndTest" />
    </UnitTest>
    <UnitTest name="IsNewColumnNeededAtLeftTest" storage="c:\users\kumaran_venkataraman\desktop\gameoflife\gameoflifetest\bin\debug\gameoflifetest.dll" id="3444a78d-6ed0-77bc-f380-8049bbaa388d">
      <DeploymentItems>
        <DeploymentItem filename="GameOfLife.exe" />
      </DeploymentItems>
      <Execution id="dfae10b3-b8b1-4fce-991a-bcdb10d65721" />
      <TestMethod codeBase="C:/Users/Kumaran_Venkataraman/Desktop/GameOfLife/GameOfLifeTest/bin/Debug/GameOfLifeTest.DLL" adapterTypeName="Microsoft.VisualStudio.TestTools.TestTypes.Unit.UnitTestAdapter, Microsoft.VisualStudio.QualityTools.Tips.UnitTest.Adapter, Version=10.0.0.0, Culture=neutral, PublicKeyToken=b03f5f7f11d50a3a" className="GameOfLifeTest.GridTest, GameOfLifeTest, Version=1.0.0.0, Culture=neutral, PublicKeyToken=null" name="IsNewColumnNeededAtLeftTest" />
    </UnitTest>
    <UnitTest name="GridConstructorTest" storage="c:\users\kumaran_venkataraman\desktop\gameoflife\gameoflifetest\bin\debug\gameoflifetest.dll" id="ce64be22-a672-75d6-5593-b1b5f1ab99f9">
      <Execution id="bcdd38d3-1026-4696-8bd7-084d92375cd5" />
      <TestMethod codeBase="C:/Users/Kumaran_Venkataraman/Desktop/GameOfLife/GameOfLifeTest/bin/Debug/GameOfLifeTest.DLL" adapterTypeName="Microsoft.VisualStudio.TestTools.TestTypes.Unit.UnitTestAdapter, Microsoft.VisualStudio.QualityTools.Tips.UnitTest.Adapter, Version=10.0.0.0, Culture=neutral, PublicKeyToken=b03f5f7f11d50a3a" className="GameOfLifeTest.GridTest, GameOfLifeTest, Version=1.0.0.0, Culture=neutral, PublicKeyToken=null" name="GridConstructorTest" />
    </UnitTest>
    <UnitTest name="AddNewColumnAtStartTest" storage="c:\users\kumaran_venkataraman\desktop\gameoflife\gameoflifetest\bin\debug\gameoflifetest.dll" id="d9f82f26-2828-98fc-9edc-4f69fee344b4">
      <DeploymentItems>
        <DeploymentItem filename="GameOfLife.exe" />
      </DeploymentItems>
      <Execution id="2581f895-04e8-4889-93cf-eed93cb543b5" />
      <TestMethod codeBase="C:/Users/Kumaran_Venkataraman/Desktop/GameOfLife/GameOfLifeTest/bin/Debug/GameOfLifeTest.DLL" adapterTypeName="Microsoft.VisualStudio.TestTools.TestTypes.Unit.UnitTestAdapter, Microsoft.VisualStudio.QualityTools.Tips.UnitTest.Adapter, Version=10.0.0.0, Culture=neutral, PublicKeyToken=b03f5f7f11d50a3a" className="GameOfLifeTest.GridTest, GameOfLifeTest, Version=1.0.0.0, Culture=neutral, PublicKeyToken=null" name="AddNewColumnAtStartTest" />
    </UnitTest>
    <UnitTest name="AddRowToStartTest" storage="c:\users\kumaran_venkataraman\desktop\gameoflife\gameoflifetest\bin\debug\gameoflifetest.dll" id="2cf23f06-8b92-69ab-2984-9cff20f07fa2">
      <DeploymentItems>
        <DeploymentItem filename="GameOfLife.exe" />
      </DeploymentItems>
      <Execution id="49b91ab6-6b86-49e7-a015-03a135866c17" />
      <TestMethod codeBase="C:/Users/Kumaran_Venkataraman/Desktop/GameOfLife/GameOfLifeTest/bin/Debug/GameOfLifeTest.DLL" adapterTypeName="Microsoft.VisualStudio.TestTools.TestTypes.Unit.UnitTestAdapter, Microsoft.VisualStudio.QualityTools.Tips.UnitTest.Adapter, Version=10.0.0.0, Culture=neutral, PublicKeyToken=b03f5f7f11d50a3a" className="GameOfLifeTest.GridTest, GameOfLifeTest, Version=1.0.0.0, Culture=neutral, PublicKeyToken=null" name="AddRowToStartTest" />
    </UnitTest>
    <UnitTest name="IsNewColumnNeededAtRightTest" storage="c:\users\kumaran_venkataraman\desktop\gameoflife\gameoflifetest\bin\debug\gameoflifetest.dll" id="dee993b8-67a3-f4e3-ae75-726789bfb67e">
      <DeploymentItems>
        <DeploymentItem filename="GameOfLife.exe" />
      </DeploymentItems>
      <Execution id="f2113b44-cad4-4af9-93e8-bbc08e6c632d" />
      <TestMethod codeBase="C:/Users/Kumaran_Venkataraman/Desktop/GameOfLife/GameOfLifeTest/bin/Debug/GameOfLifeTest.DLL" adapterTypeName="Microsoft.VisualStudio.TestTools.TestTypes.Unit.UnitTestAdapter, Microsoft.VisualStudio.QualityTools.Tips.UnitTest.Adapter, Version=10.0.0.0, Culture=neutral, PublicKeyToken=b03f5f7f11d50a3a" className="GameOfLifeTest.GridTest, GameOfLifeTest, Version=1.0.0.0, Culture=neutral, PublicKeyToken=null" name="IsNewColumnNeededAtRightTest" />
    </UnitTest>
  </TestDefinitions>
  <TestLists>
    <TestList name="Results Not in a List" id="8c84fa94-04c1-424b-9868-57a2d4851a1d" />
    <TestList name="All Loaded Results" id="19431567-8539-422a-85d7-44ee4e166bda" />
  </TestLists>
  <TestEntries>
    <TestEntry testId="077c4fe5-3ac3-ebf4-09cd-8eb2b1d60143" executionId="804c284f-b85b-4649-b6cf-6a3eb947b61d" testListId="8c84fa94-04c1-424b-9868-57a2d4851a1d" />
    <TestEntry testId="dee993b8-67a3-f4e3-ae75-726789bfb67e" executionId="f2113b44-cad4-4af9-93e8-bbc08e6c632d" testListId="8c84fa94-04c1-424b-9868-57a2d4851a1d" />
    <TestEntry testId="3444a78d-6ed0-77bc-f380-8049bbaa388d" executionId="dfae10b3-b8b1-4fce-991a-bcdb10d65721" testListId="8c84fa94-04c1-424b-9868-57a2d4851a1d" />
    <TestEntry testId="30597b6e-4943-139e-2fad-9bbfa68cfdf1" executionId="0833b6b7-422f-4098-a5c2-004f21874cc7" testListId="8c84fa94-04c1-424b-9868-57a2d4851a1d" />
    <TestEntry testId="64fe3c99-cebf-af3f-fc86-b5bac408da9f" executionId="e2b3185d-d76d-45a2-bcf6-71236cec9316" testListId="8c84fa94-04c1-424b-9868-57a2d4851a1d" />
    <TestEntry testId="2cf23f06-8b92-69ab-2984-9cff20f07fa2" executionId="49b91ab6-6b86-49e7-a015-03a135866c17" testListId="8c84fa94-04c1-424b-9868-57a2d4851a1d" />
    <TestEntry testId="068bdf71-5756-69b8-1c54-ecc15e9bc262" executionId="97ad91fc-c3ba-42d1-ad03-aa4cc7f38fe3" testListId="8c84fa94-04c1-424b-9868-57a2d4851a1d" />
    <TestEntry testId="d9f82f26-2828-98fc-9edc-4f69fee344b4" executionId="2581f895-04e8-4889-93cf-eed93cb543b5" testListId="8c84fa94-04c1-424b-9868-57a2d4851a1d" />
    <TestEntry testId="dd552612-c933-e405-4374-157e220b7be4" executionId="195e35c1-18e5-466f-9c41-6619ad8bdb85" testListId="8c84fa94-04c1-424b-9868-57a2d4851a1d" />
    <TestEntry testId="ce64be22-a672-75d6-5593-b1b5f1ab99f9" executionId="bcdd38d3-1026-4696-8bd7-084d92375cd5" testListId="8c84fa94-04c1-424b-9868-57a2d4851a1d" />
    <TestEntry testId="fc035a48-e9e4-82dd-f1d2-c8aff44b15b0" executionId="be08c4a6-ff48-407c-9d55-2c91bee2c70f" testListId="8c84fa94-04c1-424b-9868-57a2d4851a1d" />
  </TestEntries>
  <Results>
    <UnitTestResult executionId="804c284f-b85b-4649-b6cf-6a3eb947b61d" testId="077c4fe5-3ac3-ebf4-09cd-8eb2b1d60143" testName="ToStringTest" computerName="MYSHEC51628L" duration="00:00:00.0407521" startTime="2011-06-11T20:29:39.9983120+05:30" endTime="2011-06-11T20:29:40.7963576+05:30" testType="13cdc9d9-ddb5-4fa4-a97d-d965ccfc6d4b" outcome="Passed" testListId="8c84fa94-04c1-424b-9868-57a2d4851a1d" relativeResultsDirectory="804c284f-b85b-4649-b6cf-6a3eb947b61d">
    </UnitTestResult>
    <UnitTestResult executionId="f2113b44-cad4-4af9-93e8-bbc08e6c632d" testId="dee993b8-67a3-f4e3-ae75-726789bfb67e" testName="IsNewColumnNeededAtRightTest" computerName="MYSHEC51628L" duration="00:00:20.3221624" startTime="2011-06-11T20:29:40.8123585+05:30" endTime="2011-06-11T20:30:01.1345209+05:30" testType="13cdc9d9-ddb5-4fa4-a97d-d965ccfc6d4b" outcome="Aborted" testListId="8c84fa94-04c1-424b-9868-57a2d4851a1d" relativeResultsDirectory="f2113b44-cad4-4af9-93e8-bbc08e6c632d">
    </UnitTestResult>
    <UnitTestResult executionId="dfae10b3-b8b1-4fce-991a-bcdb10d65721" testId="3444a78d-6ed0-77bc-f380-8049bbaa388d" testName="IsNewColumnNeededAtLeftTest" computerName="MYSHEC51628L" testType="13cdc9d9-ddb5-4fa4-a97d-d965ccfc6d4b" outcome="NotExecuted" testListId="8c84fa94-04c1-424b-9868-57a2d4851a1d" relativeResultsDirectory="dfae10b3-b8b1-4fce-991a-bcdb10d65721">
    </UnitTestResult>
    <UnitTestResult executionId="0833b6b7-422f-4098-a5c2-004f21874cc7" testId="30597b6e-4943-139e-2fad-9bbfa68cfdf1" testName="DecideStatusForNextGenerationTest" computerName="MYSHEC51628L" testType="13cdc9d9-ddb5-4fa4-a97d-d965ccfc6d4b" outcome="NotExecuted" testListId="8c84fa94-04c1-424b-9868-57a2d4851a1d" relativeResultsDirectory="0833b6b7-422f-4098-a5c2-004f21874cc7">
    </UnitTestResult>
    <UnitTestResult executionId="e2b3185d-d76d-45a2-bcf6-71236cec9316" testId="64fe3c99-cebf-af3f-fc86-b5bac408da9f" testName="AdvanceToNextGenerationTest" computerName="MYSHEC51628L" testType="13cdc9d9-ddb5-4fa4-a97d-d965ccfc6d4b" outcome="NotExecuted" testListId="8c84fa94-04c1-424b-9868-57a2d4851a1d" relativeResultsDirectory="e2b3185d-d76d-45a2-bcf6-71236cec9316">
    </UnitTestResult>
    <UnitTestResult executionId="49b91ab6-6b86-49e7-a015-03a135866c17" testId="2cf23f06-8b92-69ab-2984-9cff20f07fa2" testName="AddRowToStartTest" computerName="MYSHEC51628L" testType="13cdc9d9-ddb5-4fa4-a97d-d965ccfc6d4b" outcome="NotExecuted" testListId="8c84fa94-04c1-424b-9868-57a2d4851a1d" relativeResultsDirectory="49b91ab6-6b86-49e7-a015-03a135866c17">
    </UnitTestResult>
    <UnitTestResult executionId="97ad91fc-c3ba-42d1-ad03-aa4cc7f38fe3" testId="068bdf71-5756-69b8-1c54-ecc15e9bc262" testName="AddRowToEndTest" computerName="MYSHEC51628L" testType="13cdc9d9-ddb5-4fa4-a97d-d965ccfc6d4b" outcome="NotExecuted" testListId="8c84fa94-04c1-424b-9868-57a2d4851a1d" relativeResultsDirectory="97ad91fc-c3ba-42d1-ad03-aa4cc7f38fe3">
    </UnitTestResult>
    <UnitTestResult executionId="2581f895-04e8-4889-93cf-eed93cb543b5" testId="d9f82f26-2828-98fc-9edc-4f69fee344b4" testName="AddNewColumnAtStartTest" computerName="MYSHEC51628L" testType="13cdc9d9-ddb5-4fa4-a97d-d965ccfc6d4b" outcome="NotExecuted" testListId="8c84fa94-04c1-424b-9868-57a2d4851a1d" relativeResultsDirectory="2581f895-04e8-4889-93cf-eed93cb543b5">
    </UnitTestResult>
    <UnitTestResult executionId="195e35c1-18e5-466f-9c41-6619ad8bdb85" testId="dd552612-c933-e405-4374-157e220b7be4" testName="AddNewColumnAtEndTest" computerName="MYSHEC51628L" testType="13cdc9d9-ddb5-4fa4-a97d-d965ccfc6d4b" outcome="NotExecuted" testListId="8c84fa94-04c1-424b-9868-57a2d4851a1d" relativeResultsDirectory="195e35c1-18e5-466f-9c41-6619ad8bdb85">
    </UnitTestResult>
    <UnitTestResult executionId="bcdd38d3-1026-4696-8bd7-084d92375cd5" testId="ce64be22-a672-75d6-5593-b1b5f1ab99f9" testName="GridConstructorTest" computerName="MYSHEC51628L" testType="13cdc9d9-ddb5-4fa4-a97d-d965ccfc6d4b" outcome="NotExecuted" testListId="8c84fa94-04c1-424b-9868-57a2d4851a1d" relativeResultsDirectory="bcdd38d3-1026-4696-8bd7-084d92375cd5">
    </UnitTestResult>
    <UnitTestResult executionId="be08c4a6-ff48-407c-9d55-2c91bee2c70f" testId="fc035a48-e9e4-82dd-f1d2-c8aff44b15b0" testName="GridConstructorTest1" computerName="MYSHEC51628L" testType="13cdc9d9-ddb5-4fa4-a97d-d965ccfc6d4b" outcome="NotExecuted" testListId="8c84fa94-04c1-424b-9868-57a2d4851a1d" relativeResultsDirectory="be08c4a6-ff48-407c-9d55-2c91bee2c70f">
    </UnitTestResult>
  </Results>
</TestRun>