<?xml version="1.0" encoding="UTF-8"?>
<TestRun id="31d6afd7-f64e-41cc-a859-5952f3377d58" name="Kumaran_Venkataraman@MYSHEC51628L 2011-06-11 22:57:07" runUser="ITLINFOSYS\Kumaran_Venkataraman" xmlns="http://microsoft.com/schemas/VisualStudio/TeamTest/2010">
  <TestSettings name="Local" id="5734b058-9c95-45c5-97c6-71e8d52a6fdb">
    <Description>These are default test settings for a local test run.</Description>
    <Deployment enabled="false" runDeploymentRoot="Kumaran_Venkataraman_MYSHEC51628L 2011-06-11 22_57_07">
      <DeploymentItem filename="C:\Users\Kumaran_Venkataraman\Desktop\GameOfLife\GameOfLife\bin\Debug\GameOfLife.exe" />
    </Deployment>
    <Execution>
      <TestTypeSpecific />
      <AgentRule name="Execution Agents">
      </AgentRule>
    </Execution>
  </TestSettings>
  <Times creation="2011-06-11T22:57:07.9568740+05:30" queuing="2011-06-11T22:57:11.1550570+05:30" start="2011-06-11T22:57:11.2870645+05:30" finish="2011-06-11T22:57:13.1961737+05:30" />
  <ResultSummary outcome="Warning">
    <Counters total="20" executed="20" passed="20" error="0" failed="0" timeout="0" aborted="0" inconclusive="0" passedButRunAborted="0" notRunnable="0" notExecuted="0" disconnected="0" warning="0" completed="0" inProgress="0" pending="0" />
    <RunInfos>
      <RunInfo computerName="MYSHEC51628L" outcome="Warning" timestamp="2011-06-11T22:57:09.6879731+05:30">
        <Text>Deployment is currently disabled. The deployment item 'GameOfLife.exe' on test 'GameOfLifeTest.GridTest.IsNewColumnNeededAtRightTest' was not deployed.</Text>
      </RunInfo>
    </RunInfos>
  </ResultSummary>
  <TestDefinitions>
    <UnitTest name="IsNewColumnNeededAtRightTest" storage="c:\users\kumaran_venkataraman\desktop\gameoflife\gameoflifetest\bin\debug\gameoflifetest.dll" id="dee993b8-67a3-f4e3-ae75-726789bfb67e">
      <DeploymentItems>
        <DeploymentItem filename="GameOfLife.exe" />
      </DeploymentItems>
      <Execution id="677e9b21-0e15-4ab6-a2ac-5321746accfe" />
      <TestMethod codeBase="C:/Users/Kumaran_Venkataraman/Desktop/GameOfLife/GameOfLifeTest/bin/Debug/GameOfLifeTest.DLL" adapterTypeName="Microsoft.VisualStudio.TestTools.TestTypes.Unit.UnitTestAdapter, Microsoft.VisualStudio.QualityTools.Tips.UnitTest.Adapter, Version=10.0.0.0, Culture=neutral, PublicKeyToken=b03f5f7f11d50a3a" className="GameOfLifeTest.GridTest, GameOfLifeTest, Version=1.0.0.0, Culture=neutral, PublicKeyToken=null" name="IsNewColumnNeededAtRightTest" />
    </UnitTest>
    <UnitTest name="GridConstructorTest1" storage="c:\users\kumaran_venkataraman\desktop\gameoflife\gameoflifetest\bin\debug\gameoflifetest.dll" id="fc035a48-e9e4-82dd-f1d2-c8aff44b15b0">
      <Execution id="75f703e3-ed0f-4200-8491-0696084d7509" />
      <TestMethod codeBase="C:/Users/Kumaran_Venkataraman/Desktop/GameOfLife/GameOfLifeTest/bin/Debug/GameOfLifeTest.DLL" adapterTypeName="Microsoft.VisualStudio.TestTools.TestTypes.Unit.UnitTestAdapter, Microsoft.VisualStudio.QualityTools.Tips.UnitTest.Adapter, Version=10.0.0.0, Culture=neutral, PublicKeyToken=b03f5f7f11d50a3a" className="GameOfLifeTest.GridTest, GameOfLifeTest, Version=1.0.0.0, Culture=neutral, PublicKeyToken=null" name="GridConstructorTest1" />
    </UnitTest>
    <UnitTest name="IsAliveTest" storage="c:\users\kumaran_venkataraman\desktop\gameoflife\gameoflifetest\bin\debug\gameoflifetest.dll" id="63c8518e-2439-ebd2-e4e0-6f94830146f5">
      <Execution id="2f41dc82-f9c9-4764-b8b8-20dfcc86650a" />
      <TestMethod codeBase="C:/Users/Kumaran_Venkataraman/Desktop/GameOfLife/GameOfLifeTest/bin/Debug/GameOfLifeTest.DLL" adapterTypeName="Microsoft.VisualStudio.TestTools.TestTypes.Unit.UnitTestAdapter, Microsoft.VisualStudio.QualityTools.Tips.UnitTest.Adapter, Version=10.0.0.0, Culture=neutral, PublicKeyToken=b03f5f7f11d50a3a" className="GameOfLifeTest.CellTest, GameOfLifeTest, Version=1.0.0.0, Culture=neutral, PublicKeyToken=null" name="IsAliveTest" />
    </UnitTest>
    <UnitTest name="CellConstructorTest" storage="c:\users\kumaran_venkataraman\desktop\gameoflife\gameoflifetest\bin\debug\gameoflifetest.dll" id="a8c10fb5-c137-e6c1-92f7-8f1fb4c59deb">
      <Execution id="9e2ee68e-be34-4d81-83b3-b6d03249856a" />
      <TestMethod codeBase="C:/Users/Kumaran_Venkataraman/Desktop/GameOfLife/GameOfLifeTest/bin/Debug/GameOfLifeTest.DLL" adapterTypeName="Microsoft.VisualStudio.TestTools.TestTypes.Unit.UnitTestAdapter, Microsoft.VisualStudio.QualityTools.Tips.UnitTest.Adapter, Version=10.0.0.0, Culture=neutral, PublicKeyToken=b03f5f7f11d50a3a" className="GameOfLifeTest.CellTest, GameOfLifeTest, Version=1.0.0.0, Culture=neutral, PublicKeyToken=null" name="CellConstructorTest" />
    </UnitTest>
    <UnitTest name="ToStringTest1" storage="c:\users\kumaran_venkataraman\desktop\gameoflife\gameoflifetest\bin\debug\gameoflifetest.dll" id="f8d721a4-0f11-8174-bc5b-485fc41a33c5">
      <Execution id="e3ca57eb-9b4f-4a53-8bf6-c40fd005843a" />
      <TestMethod codeBase="C:/Users/Kumaran_Venkataraman/Desktop/GameOfLife/GameOfLifeTest/bin/Debug/GameOfLifeTest.DLL" adapterTypeName="Microsoft.VisualStudio.TestTools.TestTypes.Unit.UnitTestAdapter, Microsoft.VisualStudio.QualityTools.Tips.UnitTest.Adapter, Version=10.0.0.0, Culture=neutral, PublicKeyToken=b03f5f7f11d50a3a" className="GameOfLifeTest.GridTest, GameOfLifeTest, Version=1.0.0.0, Culture=neutral, PublicKeyToken=null" name="ToStringTest1" />
    </UnitTest>
    <UnitTest name="IsNewRowNeededTest" storage="c:\users\kumaran_venkataraman\desktop\gameoflife\gameoflifetest\bin\debug\gameoflifetest.dll" id="0a17ab39-6946-b5c3-5bdd-daa86e51c740">
      <Execution id="bdc3e667-4922-4d51-9933-dc68a9165f06" />
      <TestMethod codeBase="C:/Users/Kumaran_Venkataraman/Desktop/GameOfLife/GameOfLifeTest/bin/Debug/GameOfLifeTest.DLL" adapterTypeName="Microsoft.VisualStudio.TestTools.TestTypes.Unit.UnitTestAdapter, Microsoft.VisualStudio.QualityTools.Tips.UnitTest.Adapter, Version=10.0.0.0, Culture=neutral, PublicKeyToken=b03f5f7f11d50a3a" className="GameOfLifeTest.RowTest, GameOfLifeTest, Version=1.0.0.0, Culture=neutral, PublicKeyToken=null" name="IsNewRowNeededTest" />
    </UnitTest>
    <UnitTest name="ToStringTest7" storage="c:\users\kumaran_venkataraman\desktop\gameoflife\gameoflifetest\bin\debug\gameoflifetest.dll" id="acf86805-7912-ae76-5e60-498d52ead98f">
      <Execution id="cea9364e-98ea-4dc6-a162-06be6d538df1" />
      <TestMethod codeBase="C:/Users/Kumaran_Venkataraman/Desktop/GameOfLife/GameOfLifeTest/bin/Debug/GameOfLifeTest.DLL" adapterTypeName="Microsoft.VisualStudio.TestTools.TestTypes.Unit.UnitTestAdapter, Microsoft.VisualStudio.QualityTools.Tips.UnitTest.Adapter, Version=10.0.0.0, Culture=neutral, PublicKeyToken=b03f5f7f11d50a3a" className="GameOfLifeTest.GridTest, GameOfLifeTest, Version=1.0.0.0, Culture=neutral, PublicKeyToken=null" name="ToStringTest7" />
    </UnitTest>
    <UnitTest name="IsNewColumnNeededAtLeftTest" storage="c:\users\kumaran_venkataraman\desktop\gameoflife\gameoflifetest\bin\debug\gameoflifetest.dll" id="3444a78d-6ed0-77bc-f380-8049bbaa388d">
      <DeploymentItems>
        <DeploymentItem filename="GameOfLife.exe" />
      </DeploymentItems>
      <Execution id="4a71751d-cea2-4d2c-869b-5744f592a89f" />
      <TestMethod codeBase="C:/Users/Kumaran_Venkataraman/Desktop/GameOfLife/GameOfLifeTest/bin/Debug/GameOfLifeTest.DLL" adapterTypeName="Microsoft.VisualStudio.TestTools.TestTypes.Unit.UnitTestAdapter, Microsoft.VisualStudio.QualityTools.Tips.UnitTest.Adapter, Version=10.0.0.0, Culture=neutral, PublicKeyToken=b03f5f7f11d50a3a" className="GameOfLifeTest.GridTest, GameOfLifeTest, Version=1.0.0.0, Culture=neutral, PublicKeyToken=null" name="IsNewColumnNeededAtLeftTest" />
    </UnitTest>
    <UnitTest name="IsAliveTest2" storage="c:\users\kumaran_venkataraman\desktop\gameoflife\gameoflifetest\bin\debug\gameoflifetest.dll" id="29c44247-3ad8-d615-778b-c1ec6adcbfa0">
      <Execution id="d3037c45-3b5a-49de-b72c-873afd303389" />
      <TestMethod codeBase="C:/Users/Kumaran_Venkataraman/Desktop/GameOfLife/GameOfLifeTest/bin/Debug/GameOfLifeTest.DLL" adapterTypeName="Microsoft.VisualStudio.TestTools.TestTypes.Unit.UnitTestAdapter, Microsoft.VisualStudio.QualityTools.Tips.UnitTest.Adapter, Version=10.0.0.0, Culture=neutral, PublicKeyToken=b03f5f7f11d50a3a" className="GameOfLifeTest.CellTest, GameOfLifeTest, Version=1.0.0.0, Culture=neutral, PublicKeyToken=null" name="IsAliveTest2" />
    </UnitTest>
    <UnitTest name="RowConstructorTest" storage="c:\users\kumaran_venkataraman\desktop\gameoflife\gameoflifetest\bin\debug\gameoflifetest.dll" id="e0a2cea7-fed0-6f35-625a-1cbe1a6564e4">
      <Execution id="ced08cc8-29c9-456d-8ec8-148dca8753a7" />
      <TestMethod codeBase="C:/Users/Kumaran_Venkataraman/Desktop/GameOfLife/GameOfLifeTest/bin/Debug/GameOfLifeTest.DLL" adapterTypeName="Microsoft.VisualStudio.TestTools.TestTypes.Unit.UnitTestAdapter, Microsoft.VisualStudio.QualityTools.Tips.UnitTest.Adapter, Version=10.0.0.0, Culture=neutral, PublicKeyToken=b03f5f7f11d50a3a" className="GameOfLifeTest.RowTest, GameOfLifeTest, Version=1.0.0.0, Culture=neutral, PublicKeyToken=null" name="RowConstructorTest" />
    </UnitTest>
    <UnitTest name="ToStringTest" storage="c:\users\kumaran_venkataraman\desktop\gameoflife\gameoflifetest\bin\debug\gameoflifetest.dll" id="4e67a92b-ae19-d9e5-0299-f763dfc4b6d8">
      <Execution id="75eb3f67-d0f3-40d7-9f37-c5cb9134a35e" />
      <TestMethod codeBase="C:/Users/Kumaran_Venkataraman/Desktop/GameOfLife/GameOfLifeTest/bin/Debug/GameOfLifeTest.DLL" adapterTypeName="Microsoft.VisualStudio.TestTools.TestTypes.Unit.UnitTestAdapter, Microsoft.VisualStudio.QualityTools.Tips.UnitTest.Adapter, Version=10.0.0.0, Culture=neutral, PublicKeyToken=b03f5f7f11d50a3a" className="GameOfLifeTest.CellTest, GameOfLifeTest, Version=1.0.0.0, Culture=neutral, PublicKeyToken=null" name="ToStringTest" />
    </UnitTest>
    <UnitTest name="ToStringTest3" storage="c:\users\kumaran_venkataraman\desktop\gameoflife\gameoflifetest\bin\debug\gameoflifetest.dll" id="1d33b44e-569c-2798-5327-5449e017a583">
      <Execution id="be737a82-d3fa-4791-b364-6edd33e02c37" />
      <TestMethod codeBase="C:/Users/Kumaran_Venkataraman/Desktop/GameOfLife/GameOfLifeTest/bin/Debug/GameOfLifeTest.DLL" adapterTypeName="Microsoft.VisualStudio.TestTools.TestTypes.Unit.UnitTestAdapter, Microsoft.VisualStudio.QualityTools.Tips.UnitTest.Adapter, Version=10.0.0.0, Culture=neutral, PublicKeyToken=b03f5f7f11d50a3a" className="GameOfLifeTest.GridTest, GameOfLifeTest, Version=1.0.0.0, Culture=neutral, PublicKeyToken=null" name="ToStringTest3" />
    </UnitTest>
    <UnitTest name="IsNewColumnNeededAtRightTest1" storage="c:\users\kumaran_venkataraman\desktop\gameoflife\gameoflifetest\bin\debug\gameoflifetest.dll" id="b23fc4bb-6bc1-4a97-081e-2ab90d1dbb11">
      <DeploymentItems>
        <DeploymentItem filename="GameOfLife.exe" />
      </DeploymentItems>
      <Execution id="3e6f7376-43fa-4c65-a131-92bf50a5a238" />
      <TestMethod codeBase="C:/Users/Kumaran_Venkataraman/Desktop/GameOfLife/GameOfLifeTest/bin/Debug/GameOfLifeTest.DLL" adapterTypeName="Microsoft.VisualStudio.TestTools.TestTypes.Unit.UnitTestAdapter, Microsoft.VisualStudio.QualityTools.Tips.UnitTest.Adapter, Version=10.0.0.0, Culture=neutral, PublicKeyToken=b03f5f7f11d50a3a" className="GameOfLifeTest.GridTest, GameOfLifeTest, Version=1.0.0.0, Culture=neutral, PublicKeyToken=null" name="IsNewColumnNeededAtRightTest1" />
    </UnitTest>
    <UnitTest name="ToStringTest2" storage="c:\users\kumaran_venkataraman\desktop\gameoflife\gameoflifetest\bin\debug\gameoflifetest.dll" id="b8ff4e9a-2465-67cd-8dbd-8b9e678b7f10">
      <Execution id="3bb1fef3-e4fd-4127-b5d0-2936d64b1555" />
      <TestMethod codeBase="C:/Users/Kumaran_Venkataraman/Desktop/GameOfLife/GameOfLifeTest/bin/Debug/GameOfLifeTest.DLL" adapterTypeName="Microsoft.VisualStudio.TestTools.TestTypes.Unit.UnitTestAdapter, Microsoft.VisualStudio.QualityTools.Tips.UnitTest.Adapter, Version=10.0.0.0, Culture=neutral, PublicKeyToken=b03f5f7f11d50a3a" className="GameOfLifeTest.GridTest, GameOfLifeTest, Version=1.0.0.0, Culture=neutral, PublicKeyToken=null" name="ToStringTest2" />
    </UnitTest>
    <UnitTest name="ToStringTest6" storage="c:\users\kumaran_venkataraman\desktop\gameoflife\gameoflifetest\bin\debug\gameoflifetest.dll" id="ca373f64-4752-067d-da01-80ebd5e1c37e">
      <Execution id="52ad4e08-9bd1-4537-a702-fb35ff7d99a6" />
      <TestMethod codeBase="C:/Users/Kumaran_Venkataraman/Desktop/GameOfLife/GameOfLifeTest/bin/Debug/GameOfLifeTest.DLL" adapterTypeName="Microsoft.VisualStudio.TestTools.TestTypes.Unit.UnitTestAdapter, Microsoft.VisualStudio.QualityTools.Tips.UnitTest.Adapter, Version=10.0.0.0, Culture=neutral, PublicKeyToken=b03f5f7f11d50a3a" className="GameOfLifeTest.GridTest, GameOfLifeTest, Version=1.0.0.0, Culture=neutral, PublicKeyToken=null" name="ToStringTest6" />
    </UnitTest>
    <UnitTest name="IsNewColumnNeededAtLeftTest1" storage="c:\users\kumaran_venkataraman\desktop\gameoflife\gameoflifetest\bin\debug\gameoflifetest.dll" id="ac032d1b-affc-94c0-c9e0-91dc39a52878">
      <DeploymentItems>
        <DeploymentItem filename="GameOfLife.exe" />
      </DeploymentItems>
      <Execution id="b071fb8a-4a75-49b4-8e7e-77528e278172" />
      <TestMethod codeBase="C:/Users/Kumaran_Venkataraman/Desktop/GameOfLife/GameOfLifeTest/bin/Debug/GameOfLifeTest.DLL" adapterTypeName="Microsoft.VisualStudio.TestTools.TestTypes.Unit.UnitTestAdapter, Microsoft.VisualStudio.QualityTools.Tips.UnitTest.Adapter, Version=10.0.0.0, Culture=neutral, PublicKeyToken=b03f5f7f11d50a3a" className="GameOfLifeTest.GridTest, GameOfLifeTest, Version=1.0.0.0, Culture=neutral, PublicKeyToken=null" name="IsNewColumnNeededAtLeftTest1" />
    </UnitTest>
    <UnitTest name="ToStringTest" storage="c:\users\kumaran_venkataraman\desktop\gameoflife\gameoflifetest\bin\debug\gameoflifetest.dll" id="6b4f5743-f93c-e414-be2f-c2f2fce3a5c2">
      <Execution id="033019c9-044b-4303-9345-dee2fd7f4acc" />
      <TestMethod codeBase="C:/Users/Kumaran_Venkataraman/Desktop/GameOfLife/GameOfLifeTest/bin/Debug/GameOfLifeTest.DLL" adapterTypeName="Microsoft.VisualStudio.TestTools.TestTypes.Unit.UnitTestAdapter, Microsoft.VisualStudio.QualityTools.Tips.UnitTest.Adapter, Version=10.0.0.0, Culture=neutral, PublicKeyToken=b03f5f7f11d50a3a" className="GameOfLifeTest.RowTest, GameOfLifeTest, Version=1.0.0.0, Culture=neutral, PublicKeyToken=null" name="ToStringTest" />
    </UnitTest>
    <UnitTest name="ToStringTest4" storage="c:\users\kumaran_venkataraman\desktop\gameoflife\gameoflifetest\bin\debug\gameoflifetest.dll" id="df48ed7f-e6c8-b9d2-e542-4837559b246d">
      <Execution id="a7981dac-69bc-4fb5-8e3c-59acd549b72f" />
      <TestMethod codeBase="C:/Users/Kumaran_Venkataraman/Desktop/GameOfLife/GameOfLifeTest/bin/Debug/GameOfLifeTest.DLL" adapterTypeName="Microsoft.VisualStudio.TestTools.TestTypes.Unit.UnitTestAdapter, Microsoft.VisualStudio.QualityTools.Tips.UnitTest.Adapter, Version=10.0.0.0, Culture=neutral, PublicKeyToken=b03f5f7f11d50a3a" className="GameOfLifeTest.GridTest, GameOfLifeTest, Version=1.0.0.0, Culture=neutral, PublicKeyToken=null" name="ToStringTest4" />
    </UnitTest>
    <UnitTest name="ToStringTest5" storage="c:\users\kumaran_venkataraman\desktop\gameoflife\gameoflifetest\bin\debug\gameoflifetest.dll" id="2658872e-3e03-e7fe-ed96-53b63ff4c738">
      <Execution id="7d13358b-e34a-4eab-ad6f-5a55ebb2dcd1" />
      <TestMethod codeBase="C:/Users/Kumaran_Venkataraman/Desktop/GameOfLife/GameOfLifeTest/bin/Debug/GameOfLifeTest.DLL" adapterTypeName="Microsoft.VisualStudio.TestTools.TestTypes.Unit.UnitTestAdapter, Microsoft.VisualStudio.QualityTools.Tips.UnitTest.Adapter, Version=10.0.0.0, Culture=neutral, PublicKeyToken=b03f5f7f11d50a3a" className="GameOfLifeTest.GridTest, GameOfLifeTest, Version=1.0.0.0, Culture=neutral, PublicKeyToken=null" name="ToStringTest5" />
    </UnitTest>
    <UnitTest name="GetColumnCountTest" storage="c:\users\kumaran_venkataraman\desktop\gameoflife\gameoflifetest\bin\debug\gameoflifetest.dll" id="beae48f1-8b10-deea-96c9-33953c80edf1">
      <Execution id="23343e65-f5bb-4d68-b979-96ed18bdf7a5" />
      <TestMethod codeBase="C:/Users/Kumaran_Venkataraman/Desktop/GameOfLife/GameOfLifeTest/bin/Debug/GameOfLifeTest.DLL" adapterTypeName="Microsoft.VisualStudio.TestTools.TestTypes.Unit.UnitTestAdapter, Microsoft.VisualStudio.QualityTools.Tips.UnitTest.Adapter, Version=10.0.0.0, Culture=neutral, PublicKeyToken=b03f5f7f11d50a3a" className="GameOfLifeTest.RowTest, GameOfLifeTest, Version=1.0.0.0, Culture=neutral, PublicKeyToken=null" name="GetColumnCountTest" />
    </UnitTest>
  </TestDefinitions>
  <TestLists>
    <TestList name="Results Not in a List" id="8c84fa94-04c1-424b-9868-57a2d4851a1d" />
    <TestList name="All Loaded Results" id="19431567-8539-422a-85d7-44ee4e166bda" />
  </TestLists>
  <TestEntries>
    <TestEntry testId="dee993b8-67a3-f4e3-ae75-726789bfb67e" executionId="677e9b21-0e15-4ab6-a2ac-5321746accfe" testListId="8c84fa94-04c1-424b-9868-57a2d4851a1d" />
    <TestEntry testId="fc035a48-e9e4-82dd-f1d2-c8aff44b15b0" executionId="75f703e3-ed0f-4200-8491-0696084d7509" testListId="8c84fa94-04c1-424b-9868-57a2d4851a1d" />
    <TestEntry testId="a8c10fb5-c137-e6c1-92f7-8f1fb4c59deb" executionId="9e2ee68e-be34-4d81-83b3-b6d03249856a" testListId="8c84fa94-04c1-424b-9868-57a2d4851a1d" />
    <TestEntry testId="63c8518e-2439-ebd2-e4e0-6f94830146f5" executionId="2f41dc82-f9c9-4764-b8b8-20dfcc86650a" testListId="8c84fa94-04c1-424b-9868-57a2d4851a1d" />
    <TestEntry testId="29c44247-3ad8-d615-778b-c1ec6adcbfa0" executionId="d3037c45-3b5a-49de-b72c-873afd303389" testListId="8c84fa94-04c1-424b-9868-57a2d4851a1d" />
    <TestEntry testId="4e67a92b-ae19-d9e5-0299-f763dfc4b6d8" executionId="75eb3f67-d0f3-40d7-9f37-c5cb9134a35e" testListId="8c84fa94-04c1-424b-9868-57a2d4851a1d" />
    <TestEntry testId="6b4f5743-f93c-e414-be2f-c2f2fce3a5c2" executionId="033019c9-044b-4303-9345-dee2fd7f4acc" testListId="8c84fa94-04c1-424b-9868-57a2d4851a1d" />
    <TestEntry testId="e0a2cea7-fed0-6f35-625a-1cbe1a6564e4" executionId="ced08cc8-29c9-456d-8ec8-148dca8753a7" testListId="8c84fa94-04c1-424b-9868-57a2d4851a1d" />
    <TestEntry testId="beae48f1-8b10-deea-96c9-33953c80edf1" executionId="23343e65-f5bb-4d68-b979-96ed18bdf7a5" testListId="8c84fa94-04c1-424b-9868-57a2d4851a1d" />
    <TestEntry testId="0a17ab39-6946-b5c3-5bdd-daa86e51c740" executionId="bdc3e667-4922-4d51-9933-dc68a9165f06" testListId="8c84fa94-04c1-424b-9868-57a2d4851a1d" />
    <TestEntry testId="3444a78d-6ed0-77bc-f380-8049bbaa388d" executionId="4a71751d-cea2-4d2c-869b-5744f592a89f" testListId="8c84fa94-04c1-424b-9868-57a2d4851a1d" />
    <TestEntry testId="f8d721a4-0f11-8174-bc5b-485fc41a33c5" executionId="e3ca57eb-9b4f-4a53-8bf6-c40fd005843a" testListId="8c84fa94-04c1-424b-9868-57a2d4851a1d" />
    <TestEntry testId="b8ff4e9a-2465-67cd-8dbd-8b9e678b7f10" executionId="3bb1fef3-e4fd-4127-b5d0-2936d64b1555" testListId="8c84fa94-04c1-424b-9868-57a2d4851a1d" />
    <TestEntry testId="1d33b44e-569c-2798-5327-5449e017a583" executionId="be737a82-d3fa-4791-b364-6edd33e02c37" testListId="8c84fa94-04c1-424b-9868-57a2d4851a1d" />
    <TestEntry testId="df48ed7f-e6c8-b9d2-e542-4837559b246d" executionId="a7981dac-69bc-4fb5-8e3c-59acd549b72f" testListId="8c84fa94-04c1-424b-9868-57a2d4851a1d" />
    <TestEntry testId="2658872e-3e03-e7fe-ed96-53b63ff4c738" executionId="7d13358b-e34a-4eab-ad6f-5a55ebb2dcd1" testListId="8c84fa94-04c1-424b-9868-57a2d4851a1d" />
    <TestEntry testId="ca373f64-4752-067d-da01-80ebd5e1c37e" executionId="52ad4e08-9bd1-4537-a702-fb35ff7d99a6" testListId="8c84fa94-04c1-424b-9868-57a2d4851a1d" />
    <TestEntry testId="acf86805-7912-ae76-5e60-498d52ead98f" executionId="cea9364e-98ea-4dc6-a162-06be6d538df1" testListId="8c84fa94-04c1-424b-9868-57a2d4851a1d" />
    <TestEntry testId="b23fc4bb-6bc1-4a97-081e-2ab90d1dbb11" executionId="3e6f7376-43fa-4c65-a131-92bf50a5a238" testListId="8c84fa94-04c1-424b-9868-57a2d4851a1d" />
    <TestEntry testId="ac032d1b-affc-94c0-c9e0-91dc39a52878" executionId="b071fb8a-4a75-49b4-8e7e-77528e278172" testListId="8c84fa94-04c1-424b-9868-57a2d4851a1d" />
  </TestEntries>
  <Results>
    <UnitTestResult executionId="677e9b21-0e15-4ab6-a2ac-5321746accfe" testId="dee993b8-67a3-f4e3-ae75-726789bfb67e" testName="IsNewColumnNeededAtRightTest" computerName="MYSHEC51628L" duration="00:00:00.0477336" startTime="2011-06-11T22:57:11.3740695+05:30" endTime="2011-06-11T22:57:12.1701150+05:30" testType="13cdc9d9-ddb5-4fa4-a97d-d965ccfc6d4b" outcome="Passed" testListId="8c84fa94-04c1-424b-9868-57a2d4851a1d" relativeResultsDirectory="677e9b21-0e15-4ab6-a2ac-5321746accfe">
    </UnitTestResult>
    <UnitTestResult executionId="75f703e3-ed0f-4200-8491-0696084d7509" testId="fc035a48-e9e4-82dd-f1d2-c8aff44b15b0" testName="GridConstructorTest1" computerName="MYSHEC51628L" duration="00:00:00.0015967" startTime="2011-06-11T22:57:12.1911162+05:30" endTime="2011-06-11T22:57:12.2141175+05:30" testType="13cdc9d9-ddb5-4fa4-a97d-d965ccfc6d4b" outcome="Passed" testListId="8c84fa94-04c1-424b-9868-57a2d4851a1d" relativeResultsDirectory="75f703e3-ed0f-4200-8491-0696084d7509">
    </UnitTestResult>
    <UnitTestResult executionId="9e2ee68e-be34-4d81-83b3-b6d03249856a" testId="a8c10fb5-c137-e6c1-92f7-8f1fb4c59deb" testName="CellConstructorTest" computerName="MYSHEC51628L" duration="00:00:00.0006102" startTime="2011-06-11T22:57:12.2271183+05:30" endTime="2011-06-11T22:57:12.2421191+05:30" testType="13cdc9d9-ddb5-4fa4-a97d-d965ccfc6d4b" outcome="Passed" testListId="8c84fa94-04c1-424b-9868-57a2d4851a1d" relativeResultsDirectory="9e2ee68e-be34-4d81-83b3-b6d03249856a">
    </UnitTestResult>
    <UnitTestResult executionId="2f41dc82-f9c9-4764-b8b8-20dfcc86650a" testId="63c8518e-2439-ebd2-e4e0-6f94830146f5" testName="IsAliveTest" computerName="MYSHEC51628L" duration="00:00:00.0003187" startTime="2011-06-11T22:57:12.2601202+05:30" endTime="2011-06-11T22:57:12.2741210+05:30" testType="13cdc9d9-ddb5-4fa4-a97d-d965ccfc6d4b" outcome="Passed" testListId="8c84fa94-04c1-424b-9868-57a2d4851a1d" relativeResultsDirectory="2f41dc82-f9c9-4764-b8b8-20dfcc86650a">
    </UnitTestResult>
    <UnitTestResult executionId="d3037c45-3b5a-49de-b72c-873afd303389" testId="29c44247-3ad8-d615-778b-c1ec6adcbfa0" testName="IsAliveTest2" computerName="MYSHEC51628L" duration="00:00:00.0003151" startTime="2011-06-11T22:57:12.2871217+05:30" endTime="2011-06-11T22:57:12.3041227+05:30" testType="13cdc9d9-ddb5-4fa4-a97d-d965ccfc6d4b" outcome="Passed" testListId="8c84fa94-04c1-424b-9868-57a2d4851a1d" relativeResultsDirectory="d3037c45-3b5a-49de-b72c-873afd303389">
    </UnitTestResult>
    <UnitTestResult executionId="75eb3f67-d0f3-40d7-9f37-c5cb9134a35e" testId="4e67a92b-ae19-d9e5-0299-f763dfc4b6d8" testName="ToStringTest" computerName="MYSHEC51628L" duration="00:00:00.0003141" startTime="2011-06-11T22:57:12.3231238+05:30" endTime="2011-06-11T22:57:12.3391247+05:30" testType="13cdc9d9-ddb5-4fa4-a97d-d965ccfc6d4b" outcome="Passed" testListId="8c84fa94-04c1-424b-9868-57a2d4851a1d" relativeResultsDirectory="75eb3f67-d0f3-40d7-9f37-c5cb9134a35e">
    </UnitTestResult>
    <UnitTestResult executionId="033019c9-044b-4303-9345-dee2fd7f4acc" testId="6b4f5743-f93c-e414-be2f-c2f2fce3a5c2" testName="ToStringTest" computerName="MYSHEC51628L" duration="00:00:00.0005882" startTime="2011-06-11T22:57:12.3531255+05:30" endTime="2011-06-11T22:57:12.3761268+05:30" testType="13cdc9d9-ddb5-4fa4-a97d-d965ccfc6d4b" outcome="Passed" testListId="8c84fa94-04c1-424b-9868-57a2d4851a1d" relativeResultsDirectory="033019c9-044b-4303-9345-dee2fd7f4acc">
    </UnitTestResult>
    <UnitTestResult executionId="ced08cc8-29c9-456d-8ec8-148dca8753a7" testId="e0a2cea7-fed0-6f35-625a-1cbe1a6564e4" testName="RowConstructorTest" computerName="MYSHEC51628L" duration="00:00:00.0003449" startTime="2011-06-11T22:57:12.4101288+05:30" endTime="2011-06-11T22:57:12.4371303+05:30" testType="13cdc9d9-ddb5-4fa4-a97d-d965ccfc6d4b" outcome="Passed" testListId="8c84fa94-04c1-424b-9868-57a2d4851a1d" relativeResultsDirectory="ced08cc8-29c9-456d-8ec8-148dca8753a7">
    </UnitTestResult>
    <UnitTestResult executionId="23343e65-f5bb-4d68-b979-96ed18bdf7a5" testId="beae48f1-8b10-deea-96c9-33953c80edf1" testName="GetColumnCountTest" computerName="MYSHEC51628L" duration="00:00:00.0014428" startTime="2011-06-11T22:57:12.4841330+05:30" endTime="2011-06-11T22:57:12.5091344+05:30" testType="13cdc9d9-ddb5-4fa4-a97d-d965ccfc6d4b" outcome="Passed" testListId="8c84fa94-04c1-424b-9868-57a2d4851a1d" relativeResultsDirectory="23343e65-f5bb-4d68-b979-96ed18bdf7a5">
    </UnitTestResult>
    <UnitTestResult executionId="bdc3e667-4922-4d51-9933-dc68a9165f06" testId="0a17ab39-6946-b5c3-5bdd-daa86e51c740" testName="IsNewRowNeededTest" computerName="MYSHEC51628L" duration="00:00:00.0046035" startTime="2011-06-11T22:57:12.5281355+05:30" endTime="2011-06-11T22:57:12.5571372+05:30" testType="13cdc9d9-ddb5-4fa4-a97d-d965ccfc6d4b" outcome="Passed" testListId="8c84fa94-04c1-424b-9868-57a2d4851a1d" relativeResultsDirectory="bdc3e667-4922-4d51-9933-dc68a9165f06">
    </UnitTestResult>
    <UnitTestResult executionId="4a71751d-cea2-4d2c-869b-5744f592a89f" testId="3444a78d-6ed0-77bc-f380-8049bbaa388d" testName="IsNewColumnNeededAtLeftTest" computerName="MYSHEC51628L" duration="00:00:00.0011420" startTime="2011-06-11T22:57:12.6071400+05:30" endTime="2011-06-11T22:57:12.6331415+05:30" testType="13cdc9d9-ddb5-4fa4-a97d-d965ccfc6d4b" outcome="Passed" testListId="8c84fa94-04c1-424b-9868-57a2d4851a1d" relativeResultsDirectory="4a71751d-cea2-4d2c-869b-5744f592a89f">
    </UnitTestResult>
    <UnitTestResult executionId="e3ca57eb-9b4f-4a53-8bf6-c40fd005843a" testId="f8d721a4-0f11-8174-bc5b-485fc41a33c5" testName="ToStringTest1" computerName="MYSHEC51628L" duration="00:00:00.0071714" startTime="2011-06-11T22:57:12.6501425+05:30" endTime="2011-06-11T22:57:12.6841444+05:30" testType="13cdc9d9-ddb5-4fa4-a97d-d965ccfc6d4b" outcome="Passed" testListId="8c84fa94-04c1-424b-9868-57a2d4851a1d" relativeResultsDirectory="e3ca57eb-9b4f-4a53-8bf6-c40fd005843a">
    </UnitTestResult>
    <UnitTestResult executionId="3bb1fef3-e4fd-4127-b5d0-2936d64b1555" testId="b8ff4e9a-2465-67cd-8dbd-8b9e678b7f10" testName="ToStringTest2" computerName="MYSHEC51628L" duration="00:00:00.0005687" startTime="2011-06-11T22:57:12.7071457+05:30" endTime="2011-06-11T22:57:12.7201465+05:30" testType="13cdc9d9-ddb5-4fa4-a97d-d965ccfc6d4b" outcome="Passed" testListId="8c84fa94-04c1-424b-9868-57a2d4851a1d" relativeResultsDirectory="3bb1fef3-e4fd-4127-b5d0-2936d64b1555">
    </UnitTestResult>
    <UnitTestResult executionId="be737a82-d3fa-4791-b364-6edd33e02c37" testId="1d33b44e-569c-2798-5327-5449e017a583" testName="ToStringTest3" computerName="MYSHEC51628L" duration="00:00:00.0003895" startTime="2011-06-11T22:57:12.7391476+05:30" endTime="2011-06-11T22:57:12.7571486+05:30" testType="13cdc9d9-ddb5-4fa4-a97d-d965ccfc6d4b" outcome="Passed" testListId="8c84fa94-04c1-424b-9868-57a2d4851a1d" relativeResultsDirectory="be737a82-d3fa-4791-b364-6edd33e02c37">
    </UnitTestResult>
    <UnitTestResult executionId="a7981dac-69bc-4fb5-8e3c-59acd549b72f" testId="df48ed7f-e6c8-b9d2-e542-4837559b246d" testName="ToStringTest4" computerName="MYSHEC51628L" duration="00:00:00.0011030" startTime="2011-06-11T22:57:12.7801499+05:30" endTime="2011-06-11T22:57:12.8011511+05:30" testType="13cdc9d9-ddb5-4fa4-a97d-d965ccfc6d4b" outcome="Passed" testListId="8c84fa94-04c1-424b-9868-57a2d4851a1d" relativeResultsDirectory="a7981dac-69bc-4fb5-8e3c-59acd549b72f">
    </UnitTestResult>
    <UnitTestResult executionId="7d13358b-e34a-4eab-ad6f-5a55ebb2dcd1" testId="2658872e-3e03-e7fe-ed96-53b63ff4c738" testName="ToStringTest5" computerName="MYSHEC51628L" duration="00:00:00.0014309" startTime="2011-06-11T22:57:12.8291527+05:30" endTime="2011-06-11T22:57:12.8501539+05:30" testType="13cdc9d9-ddb5-4fa4-a97d-d965ccfc6d4b" outcome="Passed" testListId="8c84fa94-04c1-424b-9868-57a2d4851a1d" relativeResultsDirectory="7d13358b-e34a-4eab-ad6f-5a55ebb2dcd1">
    </UnitTestResult>
    <UnitTestResult executionId="52ad4e08-9bd1-4537-a702-fb35ff7d99a6" testId="ca373f64-4752-067d-da01-80ebd5e1c37e" testName="ToStringTest6" computerName="MYSHEC51628L" duration="00:00:00.0005625" startTime="2011-06-11T22:57:12.8701551+05:30" endTime="2011-06-11T22:57:12.8941564+05:30" testType="13cdc9d9-ddb5-4fa4-a97d-d965ccfc6d4b" outcome="Passed" testListId="8c84fa94-04c1-424b-9868-57a2d4851a1d" relativeResultsDirectory="52ad4e08-9bd1-4537-a702-fb35ff7d99a6">
    </UnitTestResult>
    <UnitTestResult executionId="cea9364e-98ea-4dc6-a162-06be6d538df1" testId="acf86805-7912-ae76-5e60-498d52ead98f" testName="ToStringTest7" computerName="MYSHEC51628L" duration="00:00:00.0004516" startTime="2011-06-11T22:57:12.9211580+05:30" endTime="2011-06-11T22:57:12.9651605+05:30" testType="13cdc9d9-ddb5-4fa4-a97d-d965ccfc6d4b" outcome="Passed" testListId="8c84fa94-04c1-424b-9868-57a2d4851a1d" relativeResultsDirectory="cea9364e-98ea-4dc6-a162-06be6d538df1">
    </UnitTestResult>
    <UnitTestResult executionId="3e6f7376-43fa-4c65-a131-92bf50a5a238" testId="b23fc4bb-6bc1-4a97-081e-2ab90d1dbb11" testName="IsNewColumnNeededAtRightTest1" computerName="MYSHEC51628L" duration="00:00:00.0005276" startTime="2011-06-11T22:57:12.9891619+05:30" endTime="2011-06-11T22:57:13.0071629+05:30" testType="13cdc9d9-ddb5-4fa4-a97d-d965ccfc6d4b" outcome="Passed" testListId="8c84fa94-04c1-424b-9868-57a2d4851a1d" relativeResultsDirectory="3e6f7376-43fa-4c65-a131-92bf50a5a238">
    </UnitTestResult>
    <UnitTestResult executionId="b071fb8a-4a75-49b4-8e7e-77528e278172" testId="ac032d1b-affc-94c0-c9e0-91dc39a52878" testName="IsNewColumnNeededAtLeftTest1" computerName="MYSHEC51628L" duration="00:00:00.0004978" startTime="2011-06-11T22:57:13.0211637+05:30" endTime="2011-06-11T22:57:13.0371646+05:30" testType="13cdc9d9-ddb5-4fa4-a97d-d965ccfc6d4b" outcome="Passed" testListId="8c84fa94-04c1-424b-9868-57a2d4851a1d" relativeResultsDirectory="b071fb8a-4a75-49b4-8e7e-77528e278172">
    </UnitTestResult>
  </Results>
</TestRun>