<?xml version="1.0" encoding="UTF-8"?>
<TestRun id="f36590c9-75f2-4835-9471-6174b4ae6866" name="Kumaran_Venkataraman@MYSHEC51628L 2011-06-11 22:58:28" runUser="ITLINFOSYS\Kumaran_Venkataraman" xmlns="http://microsoft.com/schemas/VisualStudio/TeamTest/2010">
  <TestSettings name="Local" id="5734b058-9c95-45c5-97c6-71e8d52a6fdb">
    <Description>These are default test settings for a local test run.</Description>
    <Deployment enabled="false" runDeploymentRoot="Kumaran_Venkataraman_MYSHEC51628L 2011-06-11 22_58_28">
      <DeploymentItem filename="C:\Users\Kumaran_Venkataraman\Desktop\GameOfLife\GameOfLife\bin\Debug\GameOfLife.exe" />
    </Deployment>
    <Execution>
      <TestTypeSpecific />
      <AgentRule name="Execution Agents">
      </AgentRule>
    </Execution>
  </TestSettings>
  <Times creation="2011-06-11T22:58:28.5544840+05:30" queuing="2011-06-11T22:58:31.2046355+05:30" start="2011-06-11T22:58:31.3176420+05:30" finish="2011-06-11T22:58:40.7991843+05:30" />
  <ResultSummary outcome="Error">
    <Counters total="22" executed="22" passed="21" error="0" failed="0" timeout="0" aborted="1" inconclusive="0" passedButRunAborted="0" notRunnable="0" notExecuted="0" disconnected="0" warning="0" completed="0" inProgress="0" pending="0" />
    <RunInfos>
      <RunInfo computerName="MYSHEC51628L" outcome="Warning" timestamp="2011-06-11T22:58:29.8255567+05:30">
        <Text>Deployment is currently disabled. The deployment item 'GameOfLife.exe' on test 'GameOfLifeTest.GridTest.IsNewColumnNeededAtRightTest' was not deployed.</Text>
      </RunInfo>
      <RunInfo computerName="MYSHEC51628L" outcome="Error" timestamp="2011-06-11T22:58:40.7961842+05:30">
        <Text>Test host process exited unexpectedly.</Text>
      </RunInfo>
    </RunInfos>
  </ResultSummary>
  <TestDefinitions>
    <UnitTest name="IsNewColumnNeededAtRightTest" storage="c:\users\kumaran_venkataraman\desktop\gameoflife\gameoflifetest\bin\debug\gameoflifetest.dll" id="dee993b8-67a3-f4e3-ae75-726789bfb67e">
      <DeploymentItems>
        <DeploymentItem filename="GameOfLife.exe" />
      </DeploymentItems>
      <Execution id="e7f55882-2849-4c7f-9006-417250b7155d" />
      <TestMethod codeBase="C:/Users/Kumaran_Venkataraman/Desktop/GameOfLife/GameOfLifeTest/bin/Debug/GameOfLifeTest.DLL" adapterTypeName="Microsoft.VisualStudio.TestTools.TestTypes.Unit.UnitTestAdapter, Microsoft.VisualStudio.QualityTools.Tips.UnitTest.Adapter, Version=10.0.0.0, Culture=neutral, PublicKeyToken=b03f5f7f11d50a3a" className="GameOfLifeTest.GridTest, GameOfLifeTest, Version=1.0.0.0, Culture=neutral, PublicKeyToken=null" name="IsNewColumnNeededAtRightTest" />
    </UnitTest>
    <UnitTest name="GridConstructorTest1" storage="c:\users\kumaran_venkataraman\desktop\gameoflife\gameoflifetest\bin\debug\gameoflifetest.dll" id="fc035a48-e9e4-82dd-f1d2-c8aff44b15b0">
      <Execution id="c389963a-1e9e-4232-8e6e-f8d0cd87d96d" />
      <TestMethod codeBase="C:/Users/Kumaran_Venkataraman/Desktop/GameOfLife/GameOfLifeTest/bin/Debug/GameOfLifeTest.DLL" adapterTypeName="Microsoft.VisualStudio.TestTools.TestTypes.Unit.UnitTestAdapter, Microsoft.VisualStudio.QualityTools.Tips.UnitTest.Adapter, Version=10.0.0.0, Culture=neutral, PublicKeyToken=b03f5f7f11d50a3a" className="GameOfLifeTest.GridTest, GameOfLifeTest, Version=1.0.0.0, Culture=neutral, PublicKeyToken=null" name="GridConstructorTest1" />
    </UnitTest>
    <UnitTest name="IsAliveTest" storage="c:\users\kumaran_venkataraman\desktop\gameoflife\gameoflifetest\bin\debug\gameoflifetest.dll" id="63c8518e-2439-ebd2-e4e0-6f94830146f5">
      <Execution id="260c645e-b248-478e-824f-18475f6d0e24" />
      <TestMethod codeBase="C:/Users/Kumaran_Venkataraman/Desktop/GameOfLife/GameOfLifeTest/bin/Debug/GameOfLifeTest.DLL" adapterTypeName="Microsoft.VisualStudio.TestTools.TestTypes.Unit.UnitTestAdapter, Microsoft.VisualStudio.QualityTools.Tips.UnitTest.Adapter, Version=10.0.0.0, Culture=neutral, PublicKeyToken=b03f5f7f11d50a3a" className="GameOfLifeTest.CellTest, GameOfLifeTest, Version=1.0.0.0, Culture=neutral, PublicKeyToken=null" name="IsAliveTest" />
    </UnitTest>
    <UnitTest name="CellConstructorTest" storage="c:\users\kumaran_venkataraman\desktop\gameoflife\gameoflifetest\bin\debug\gameoflifetest.dll" id="a8c10fb5-c137-e6c1-92f7-8f1fb4c59deb">
      <Execution id="4a32f027-8f44-4271-b12e-3c5e50c8b651" />
      <TestMethod codeBase="C:/Users/Kumaran_Venkataraman/Desktop/GameOfLife/GameOfLifeTest/bin/Debug/GameOfLifeTest.DLL" adapterTypeName="Microsoft.VisualStudio.TestTools.TestTypes.Unit.UnitTestAdapter, Microsoft.VisualStudio.QualityTools.Tips.UnitTest.Adapter, Version=10.0.0.0, Culture=neutral, PublicKeyToken=b03f5f7f11d50a3a" className="GameOfLifeTest.CellTest, GameOfLifeTest, Version=1.0.0.0, Culture=neutral, PublicKeyToken=null" name="CellConstructorTest" />
    </UnitTest>
    <UnitTest name="ToStringTest1" storage="c:\users\kumaran_venkataraman\desktop\gameoflife\gameoflifetest\bin\debug\gameoflifetest.dll" id="f8d721a4-0f11-8174-bc5b-485fc41a33c5">
      <Execution id="212f19dd-5d58-4631-b23a-9e9ed6260775" />
      <TestMethod codeBase="C:/Users/Kumaran_Venkataraman/Desktop/GameOfLife/GameOfLifeTest/bin/Debug/GameOfLifeTest.DLL" adapterTypeName="Microsoft.VisualStudio.TestTools.TestTypes.Unit.UnitTestAdapter, Microsoft.VisualStudio.QualityTools.Tips.UnitTest.Adapter, Version=10.0.0.0, Culture=neutral, PublicKeyToken=b03f5f7f11d50a3a" className="GameOfLifeTest.GridTest, GameOfLifeTest, Version=1.0.0.0, Culture=neutral, PublicKeyToken=null" name="ToStringTest1" />
    </UnitTest>
    <UnitTest name="IsNewRowNeededTest" storage="c:\users\kumaran_venkataraman\desktop\gameoflife\gameoflifetest\bin\debug\gameoflifetest.dll" id="0a17ab39-6946-b5c3-5bdd-daa86e51c740">
      <Execution id="03a7f87e-ed88-44f5-93e0-cf3c766f36c8" />
      <TestMethod codeBase="C:/Users/Kumaran_Venkataraman/Desktop/GameOfLife/GameOfLifeTest/bin/Debug/GameOfLifeTest.DLL" adapterTypeName="Microsoft.VisualStudio.TestTools.TestTypes.Unit.UnitTestAdapter, Microsoft.VisualStudio.QualityTools.Tips.UnitTest.Adapter, Version=10.0.0.0, Culture=neutral, PublicKeyToken=b03f5f7f11d50a3a" className="GameOfLifeTest.RowTest, GameOfLifeTest, Version=1.0.0.0, Culture=neutral, PublicKeyToken=null" name="IsNewRowNeededTest" />
    </UnitTest>
    <UnitTest name="GetColumnCountTest1" storage="c:\users\kumaran_venkataraman\desktop\gameoflife\gameoflifetest\bin\debug\gameoflifetest.dll" id="432f37a5-9508-df5f-9c22-f80ebe5efcc0">
      <Execution id="585da846-26ba-4fc2-abd6-adfca1268a7c" />
      <TestMethod codeBase="C:/Users/Kumaran_Venkataraman/Desktop/GameOfLife/GameOfLifeTest/bin/Debug/GameOfLifeTest.DLL" adapterTypeName="Microsoft.VisualStudio.TestTools.TestTypes.Unit.UnitTestAdapter, Microsoft.VisualStudio.QualityTools.Tips.UnitTest.Adapter, Version=10.0.0.0, Culture=neutral, PublicKeyToken=b03f5f7f11d50a3a" className="GameOfLifeTest.RowTest, GameOfLifeTest, Version=1.0.0.0, Culture=neutral, PublicKeyToken=null" name="GetColumnCountTest1" />
    </UnitTest>
    <UnitTest name="ToStringTest7" storage="c:\users\kumaran_venkataraman\desktop\gameoflife\gameoflifetest\bin\debug\gameoflifetest.dll" id="acf86805-7912-ae76-5e60-498d52ead98f">
      <Execution id="c7c6e023-52c0-4c0f-8d16-abfedc94c120" />
      <TestMethod codeBase="C:/Users/Kumaran_Venkataraman/Desktop/GameOfLife/GameOfLifeTest/bin/Debug/GameOfLifeTest.DLL" adapterTypeName="Microsoft.VisualStudio.TestTools.TestTypes.Unit.UnitTestAdapter, Microsoft.VisualStudio.QualityTools.Tips.UnitTest.Adapter, Version=10.0.0.0, Culture=neutral, PublicKeyToken=b03f5f7f11d50a3a" className="GameOfLifeTest.GridTest, GameOfLifeTest, Version=1.0.0.0, Culture=neutral, PublicKeyToken=null" name="ToStringTest7" />
    </UnitTest>
    <UnitTest name="IsNewColumnNeededAtLeftTest" storage="c:\users\kumaran_venkataraman\desktop\gameoflife\gameoflifetest\bin\debug\gameoflifetest.dll" id="3444a78d-6ed0-77bc-f380-8049bbaa388d">
      <DeploymentItems>
        <DeploymentItem filename="GameOfLife.exe" />
      </DeploymentItems>
      <Execution id="cab7cd6b-a689-4100-89a6-df9ab96d42cc" />
      <TestMethod codeBase="C:/Users/Kumaran_Venkataraman/Desktop/GameOfLife/GameOfLifeTest/bin/Debug/GameOfLifeTest.DLL" adapterTypeName="Microsoft.VisualStudio.TestTools.TestTypes.Unit.UnitTestAdapter, Microsoft.VisualStudio.QualityTools.Tips.UnitTest.Adapter, Version=10.0.0.0, Culture=neutral, PublicKeyToken=b03f5f7f11d50a3a" className="GameOfLifeTest.GridTest, GameOfLifeTest, Version=1.0.0.0, Culture=neutral, PublicKeyToken=null" name="IsNewColumnNeededAtLeftTest" />
    </UnitTest>
    <UnitTest name="IsAliveTest2" storage="c:\users\kumaran_venkataraman\desktop\gameoflife\gameoflifetest\bin\debug\gameoflifetest.dll" id="29c44247-3ad8-d615-778b-c1ec6adcbfa0">
      <Execution id="0c0e2123-2807-4c2c-99cf-8b1038d570fc" />
      <TestMethod codeBase="C:/Users/Kumaran_Venkataraman/Desktop/GameOfLife/GameOfLifeTest/bin/Debug/GameOfLifeTest.DLL" adapterTypeName="Microsoft.VisualStudio.TestTools.TestTypes.Unit.UnitTestAdapter, Microsoft.VisualStudio.QualityTools.Tips.UnitTest.Adapter, Version=10.0.0.0, Culture=neutral, PublicKeyToken=b03f5f7f11d50a3a" className="GameOfLifeTest.CellTest, GameOfLifeTest, Version=1.0.0.0, Culture=neutral, PublicKeyToken=null" name="IsAliveTest2" />
    </UnitTest>
    <UnitTest name="RowConstructorTest" storage="c:\users\kumaran_venkataraman\desktop\gameoflife\gameoflifetest\bin\debug\gameoflifetest.dll" id="e0a2cea7-fed0-6f35-625a-1cbe1a6564e4">
      <Execution id="907edaa1-e3e8-4140-bd1f-01eba62c5ef4" />
      <TestMethod codeBase="C:/Users/Kumaran_Venkataraman/Desktop/GameOfLife/GameOfLifeTest/bin/Debug/GameOfLifeTest.DLL" adapterTypeName="Microsoft.VisualStudio.TestTools.TestTypes.Unit.UnitTestAdapter, Microsoft.VisualStudio.QualityTools.Tips.UnitTest.Adapter, Version=10.0.0.0, Culture=neutral, PublicKeyToken=b03f5f7f11d50a3a" className="GameOfLifeTest.RowTest, GameOfLifeTest, Version=1.0.0.0, Culture=neutral, PublicKeyToken=null" name="RowConstructorTest" />
    </UnitTest>
    <UnitTest name="ToStringTest" storage="c:\users\kumaran_venkataraman\desktop\gameoflife\gameoflifetest\bin\debug\gameoflifetest.dll" id="4e67a92b-ae19-d9e5-0299-f763dfc4b6d8">
      <Execution id="95381899-ad73-40ea-b068-5eead26ffe99" />
      <TestMethod codeBase="C:/Users/Kumaran_Venkataraman/Desktop/GameOfLife/GameOfLifeTest/bin/Debug/GameOfLifeTest.DLL" adapterTypeName="Microsoft.VisualStudio.TestTools.TestTypes.Unit.UnitTestAdapter, Microsoft.VisualStudio.QualityTools.Tips.UnitTest.Adapter, Version=10.0.0.0, Culture=neutral, PublicKeyToken=b03f5f7f11d50a3a" className="GameOfLifeTest.CellTest, GameOfLifeTest, Version=1.0.0.0, Culture=neutral, PublicKeyToken=null" name="ToStringTest" />
    </UnitTest>
    <UnitTest name="ToStringTest3" storage="c:\users\kumaran_venkataraman\desktop\gameoflife\gameoflifetest\bin\debug\gameoflifetest.dll" id="1d33b44e-569c-2798-5327-5449e017a583">
      <Execution id="e7b5ffeb-cf92-45ef-803a-6a0c138cb969" />
      <TestMethod codeBase="C:/Users/Kumaran_Venkataraman/Desktop/GameOfLife/GameOfLifeTest/bin/Debug/GameOfLifeTest.DLL" adapterTypeName="Microsoft.VisualStudio.TestTools.TestTypes.Unit.UnitTestAdapter, Microsoft.VisualStudio.QualityTools.Tips.UnitTest.Adapter, Version=10.0.0.0, Culture=neutral, PublicKeyToken=b03f5f7f11d50a3a" className="GameOfLifeTest.GridTest, GameOfLifeTest, Version=1.0.0.0, Culture=neutral, PublicKeyToken=null" name="ToStringTest3" />
    </UnitTest>
    <UnitTest name="IsNewColumnNeededAtRightTest1" storage="c:\users\kumaran_venkataraman\desktop\gameoflife\gameoflifetest\bin\debug\gameoflifetest.dll" id="b23fc4bb-6bc1-4a97-081e-2ab90d1dbb11">
      <DeploymentItems>
        <DeploymentItem filename="GameOfLife.exe" />
      </DeploymentItems>
      <Execution id="07e60511-0e8a-489c-8bbb-f1937598cadf" />
      <TestMethod codeBase="C:/Users/Kumaran_Venkataraman/Desktop/GameOfLife/GameOfLifeTest/bin/Debug/GameOfLifeTest.DLL" adapterTypeName="Microsoft.VisualStudio.TestTools.TestTypes.Unit.UnitTestAdapter, Microsoft.VisualStudio.QualityTools.Tips.UnitTest.Adapter, Version=10.0.0.0, Culture=neutral, PublicKeyToken=b03f5f7f11d50a3a" className="GameOfLifeTest.GridTest, GameOfLifeTest, Version=1.0.0.0, Culture=neutral, PublicKeyToken=null" name="IsNewColumnNeededAtRightTest1" />
    </UnitTest>
    <UnitTest name="ToStringTest2" storage="c:\users\kumaran_venkataraman\desktop\gameoflife\gameoflifetest\bin\debug\gameoflifetest.dll" id="b8ff4e9a-2465-67cd-8dbd-8b9e678b7f10">
      <Execution id="31ca9177-ce8f-48a9-ada0-43d23a069399" />
      <TestMethod codeBase="C:/Users/Kumaran_Venkataraman/Desktop/GameOfLife/GameOfLifeTest/bin/Debug/GameOfLifeTest.DLL" adapterTypeName="Microsoft.VisualStudio.TestTools.TestTypes.Unit.UnitTestAdapter, Microsoft.VisualStudio.QualityTools.Tips.UnitTest.Adapter, Version=10.0.0.0, Culture=neutral, PublicKeyToken=b03f5f7f11d50a3a" className="GameOfLifeTest.GridTest, GameOfLifeTest, Version=1.0.0.0, Culture=neutral, PublicKeyToken=null" name="ToStringTest2" />
    </UnitTest>
    <UnitTest name="ToStringTest6" storage="c:\users\kumaran_venkataraman\desktop\gameoflife\gameoflifetest\bin\debug\gameoflifetest.dll" id="ca373f64-4752-067d-da01-80ebd5e1c37e">
      <Execution id="d3cfe4aa-7815-4e3e-8fd7-c692a8c479dd" />
      <TestMethod codeBase="C:/Users/Kumaran_Venkataraman/Desktop/GameOfLife/GameOfLifeTest/bin/Debug/GameOfLifeTest.DLL" adapterTypeName="Microsoft.VisualStudio.TestTools.TestTypes.Unit.UnitTestAdapter, Microsoft.VisualStudio.QualityTools.Tips.UnitTest.Adapter, Version=10.0.0.0, Culture=neutral, PublicKeyToken=b03f5f7f11d50a3a" className="GameOfLifeTest.GridTest, GameOfLifeTest, Version=1.0.0.0, Culture=neutral, PublicKeyToken=null" name="ToStringTest6" />
    </UnitTest>
    <UnitTest name="IsNewColumnNeededAtLeftTest1" storage="c:\users\kumaran_venkataraman\desktop\gameoflife\gameoflifetest\bin\debug\gameoflifetest.dll" id="ac032d1b-affc-94c0-c9e0-91dc39a52878">
      <DeploymentItems>
        <DeploymentItem filename="GameOfLife.exe" />
      </DeploymentItems>
      <Execution id="05e4ddf8-0ba3-4fcb-992f-c140f95aa998" />
      <TestMethod codeBase="C:/Users/Kumaran_Venkataraman/Desktop/GameOfLife/GameOfLifeTest/bin/Debug/GameOfLifeTest.DLL" adapterTypeName="Microsoft.VisualStudio.TestTools.TestTypes.Unit.UnitTestAdapter, Microsoft.VisualStudio.QualityTools.Tips.UnitTest.Adapter, Version=10.0.0.0, Culture=neutral, PublicKeyToken=b03f5f7f11d50a3a" className="GameOfLifeTest.GridTest, GameOfLifeTest, Version=1.0.0.0, Culture=neutral, PublicKeyToken=null" name="IsNewColumnNeededAtLeftTest1" />
    </UnitTest>
    <UnitTest name="ToStringTest" storage="c:\users\kumaran_venkataraman\desktop\gameoflife\gameoflifetest\bin\debug\gameoflifetest.dll" id="6b4f5743-f93c-e414-be2f-c2f2fce3a5c2">
      <Execution id="cb69c73e-2dab-4454-b579-8bb6e0d6bc49" />
      <TestMethod codeBase="C:/Users/Kumaran_Venkataraman/Desktop/GameOfLife/GameOfLifeTest/bin/Debug/GameOfLifeTest.DLL" adapterTypeName="Microsoft.VisualStudio.TestTools.TestTypes.Unit.UnitTestAdapter, Microsoft.VisualStudio.QualityTools.Tips.UnitTest.Adapter, Version=10.0.0.0, Culture=neutral, PublicKeyToken=b03f5f7f11d50a3a" className="GameOfLifeTest.RowTest, GameOfLifeTest, Version=1.0.0.0, Culture=neutral, PublicKeyToken=null" name="ToStringTest" />
    </UnitTest>
    <UnitTest name="IsNewRowNeededTest1" storage="c:\users\kumaran_venkataraman\desktop\gameoflife\gameoflifetest\bin\debug\gameoflifetest.dll" id="7074d83c-bec0-987d-6d75-c3da324212d2">
      <Execution id="ff59cbfd-8011-4c59-a51a-13ed2851cce3" />
      <TestMethod codeBase="C:/Users/Kumaran_Venkataraman/Desktop/GameOfLife/GameOfLifeTest/bin/Debug/GameOfLifeTest.DLL" adapterTypeName="Microsoft.VisualStudio.TestTools.TestTypes.Unit.UnitTestAdapter, Microsoft.VisualStudio.QualityTools.Tips.UnitTest.Adapter, Version=10.0.0.0, Culture=neutral, PublicKeyToken=b03f5f7f11d50a3a" className="GameOfLifeTest.RowTest, GameOfLifeTest, Version=1.0.0.0, Culture=neutral, PublicKeyToken=null" name="IsNewRowNeededTest1" />
    </UnitTest>
    <UnitTest name="ToStringTest4" storage="c:\users\kumaran_venkataraman\desktop\gameoflife\gameoflifetest\bin\debug\gameoflifetest.dll" id="df48ed7f-e6c8-b9d2-e542-4837559b246d">
      <Execution id="a8238b98-c63f-42fb-a358-536861677781" />
      <TestMethod codeBase="C:/Users/Kumaran_Venkataraman/Desktop/GameOfLife/GameOfLifeTest/bin/Debug/GameOfLifeTest.DLL" adapterTypeName="Microsoft.VisualStudio.TestTools.TestTypes.Unit.UnitTestAdapter, Microsoft.VisualStudio.QualityTools.Tips.UnitTest.Adapter, Version=10.0.0.0, Culture=neutral, PublicKeyToken=b03f5f7f11d50a3a" className="GameOfLifeTest.GridTest, GameOfLifeTest, Version=1.0.0.0, Culture=neutral, PublicKeyToken=null" name="ToStringTest4" />
    </UnitTest>
    <UnitTest name="ToStringTest5" storage="c:\users\kumaran_venkataraman\desktop\gameoflife\gameoflifetest\bin\debug\gameoflifetest.dll" id="2658872e-3e03-e7fe-ed96-53b63ff4c738">
      <Execution id="74e507f7-f494-4b36-92f2-6219e7059d7b" />
      <TestMethod codeBase="C:/Users/Kumaran_Venkataraman/Desktop/GameOfLife/GameOfLifeTest/bin/Debug/GameOfLifeTest.DLL" adapterTypeName="Microsoft.VisualStudio.TestTools.TestTypes.Unit.UnitTestAdapter, Microsoft.VisualStudio.QualityTools.Tips.UnitTest.Adapter, Version=10.0.0.0, Culture=neutral, PublicKeyToken=b03f5f7f11d50a3a" className="GameOfLifeTest.GridTest, GameOfLifeTest, Version=1.0.0.0, Culture=neutral, PublicKeyToken=null" name="ToStringTest5" />
    </UnitTest>
    <UnitTest name="GetColumnCountTest" storage="c:\users\kumaran_venkataraman\desktop\gameoflife\gameoflifetest\bin\debug\gameoflifetest.dll" id="beae48f1-8b10-deea-96c9-33953c80edf1">
      <Execution id="8dbe1368-9749-4859-99e7-aa47da100d4f" />
      <TestMethod codeBase="C:/Users/Kumaran_Venkataraman/Desktop/GameOfLife/GameOfLifeTest/bin/Debug/GameOfLifeTest.DLL" adapterTypeName="Microsoft.VisualStudio.TestTools.TestTypes.Unit.UnitTestAdapter, Microsoft.VisualStudio.QualityTools.Tips.UnitTest.Adapter, Version=10.0.0.0, Culture=neutral, PublicKeyToken=b03f5f7f11d50a3a" className="GameOfLifeTest.RowTest, GameOfLifeTest, Version=1.0.0.0, Culture=neutral, PublicKeyToken=null" name="GetColumnCountTest" />
    </UnitTest>
  </TestDefinitions>
  <TestLists>
    <TestList name="Results Not in a List" id="8c84fa94-04c1-424b-9868-57a2d4851a1d" />
    <TestList name="All Loaded Results" id="19431567-8539-422a-85d7-44ee4e166bda" />
  </TestLists>
  <TestEntries>
    <TestEntry testId="dee993b8-67a3-f4e3-ae75-726789bfb67e" executionId="e7f55882-2849-4c7f-9006-417250b7155d" testListId="8c84fa94-04c1-424b-9868-57a2d4851a1d" />
    <TestEntry testId="fc035a48-e9e4-82dd-f1d2-c8aff44b15b0" executionId="c389963a-1e9e-4232-8e6e-f8d0cd87d96d" testListId="8c84fa94-04c1-424b-9868-57a2d4851a1d" />
    <TestEntry testId="a8c10fb5-c137-e6c1-92f7-8f1fb4c59deb" executionId="4a32f027-8f44-4271-b12e-3c5e50c8b651" testListId="8c84fa94-04c1-424b-9868-57a2d4851a1d" />
    <TestEntry testId="63c8518e-2439-ebd2-e4e0-6f94830146f5" executionId="260c645e-b248-478e-824f-18475f6d0e24" testListId="8c84fa94-04c1-424b-9868-57a2d4851a1d" />
    <TestEntry testId="29c44247-3ad8-d615-778b-c1ec6adcbfa0" executionId="0c0e2123-2807-4c2c-99cf-8b1038d570fc" testListId="8c84fa94-04c1-424b-9868-57a2d4851a1d" />
    <TestEntry testId="4e67a92b-ae19-d9e5-0299-f763dfc4b6d8" executionId="95381899-ad73-40ea-b068-5eead26ffe99" testListId="8c84fa94-04c1-424b-9868-57a2d4851a1d" />
    <TestEntry testId="6b4f5743-f93c-e414-be2f-c2f2fce3a5c2" executionId="cb69c73e-2dab-4454-b579-8bb6e0d6bc49" testListId="8c84fa94-04c1-424b-9868-57a2d4851a1d" />
    <TestEntry testId="e0a2cea7-fed0-6f35-625a-1cbe1a6564e4" executionId="907edaa1-e3e8-4140-bd1f-01eba62c5ef4" testListId="8c84fa94-04c1-424b-9868-57a2d4851a1d" />
    <TestEntry testId="beae48f1-8b10-deea-96c9-33953c80edf1" executionId="8dbe1368-9749-4859-99e7-aa47da100d4f" testListId="8c84fa94-04c1-424b-9868-57a2d4851a1d" />
    <TestEntry testId="0a17ab39-6946-b5c3-5bdd-daa86e51c740" executionId="03a7f87e-ed88-44f5-93e0-cf3c766f36c8" testListId="8c84fa94-04c1-424b-9868-57a2d4851a1d" />
    <TestEntry testId="3444a78d-6ed0-77bc-f380-8049bbaa388d" executionId="cab7cd6b-a689-4100-89a6-df9ab96d42cc" testListId="8c84fa94-04c1-424b-9868-57a2d4851a1d" />
    <TestEntry testId="f8d721a4-0f11-8174-bc5b-485fc41a33c5" executionId="212f19dd-5d58-4631-b23a-9e9ed6260775" testListId="8c84fa94-04c1-424b-9868-57a2d4851a1d" />
    <TestEntry testId="b8ff4e9a-2465-67cd-8dbd-8b9e678b7f10" executionId="31ca9177-ce8f-48a9-ada0-43d23a069399" testListId="8c84fa94-04c1-424b-9868-57a2d4851a1d" />
    <TestEntry testId="1d33b44e-569c-2798-5327-5449e017a583" executionId="e7b5ffeb-cf92-45ef-803a-6a0c138cb969" testListId="8c84fa94-04c1-424b-9868-57a2d4851a1d" />
    <TestEntry testId="df48ed7f-e6c8-b9d2-e542-4837559b246d" executionId="a8238b98-c63f-42fb-a358-536861677781" testListId="8c84fa94-04c1-424b-9868-57a2d4851a1d" />
    <TestEntry testId="2658872e-3e03-e7fe-ed96-53b63ff4c738" executionId="74e507f7-f494-4b36-92f2-6219e7059d7b" testListId="8c84fa94-04c1-424b-9868-57a2d4851a1d" />
    <TestEntry testId="ca373f64-4752-067d-da01-80ebd5e1c37e" executionId="d3cfe4aa-7815-4e3e-8fd7-c692a8c479dd" testListId="8c84fa94-04c1-424b-9868-57a2d4851a1d" />
    <TestEntry testId="acf86805-7912-ae76-5e60-498d52ead98f" executionId="c7c6e023-52c0-4c0f-8d16-abfedc94c120" testListId="8c84fa94-04c1-424b-9868-57a2d4851a1d" />
    <TestEntry testId="b23fc4bb-6bc1-4a97-081e-2ab90d1dbb11" executionId="07e60511-0e8a-489c-8bbb-f1937598cadf" testListId="8c84fa94-04c1-424b-9868-57a2d4851a1d" />
    <TestEntry testId="ac032d1b-affc-94c0-c9e0-91dc39a52878" executionId="05e4ddf8-0ba3-4fcb-992f-c140f95aa998" testListId="8c84fa94-04c1-424b-9868-57a2d4851a1d" />
    <TestEntry testId="432f37a5-9508-df5f-9c22-f80ebe5efcc0" executionId="585da846-26ba-4fc2-abd6-adfca1268a7c" testListId="8c84fa94-04c1-424b-9868-57a2d4851a1d" />
    <TestEntry testId="7074d83c-bec0-987d-6d75-c3da324212d2" executionId="ff59cbfd-8011-4c59-a51a-13ed2851cce3" testListId="8c84fa94-04c1-424b-9868-57a2d4851a1d" />
  </TestEntries>
  <Results>
    <UnitTestResult executionId="e7f55882-2849-4c7f-9006-417250b7155d" testId="dee993b8-67a3-f4e3-ae75-726789bfb67e" testName="IsNewColumnNeededAtRightTest" computerName="MYSHEC51628L" duration="00:00:00.0474436" startTime="2011-06-11T22:58:31.4246481+05:30" endTime="2011-06-11T22:58:32.2206937+05:30" testType="13cdc9d9-ddb5-4fa4-a97d-d965ccfc6d4b" outcome="Passed" testListId="8c84fa94-04c1-424b-9868-57a2d4851a1d" relativeResultsDirectory="e7f55882-2849-4c7f-9006-417250b7155d">
    </UnitTestResult>
    <UnitTestResult executionId="c389963a-1e9e-4232-8e6e-f8d0cd87d96d" testId="fc035a48-e9e4-82dd-f1d2-c8aff44b15b0" testName="GridConstructorTest1" computerName="MYSHEC51628L" duration="00:00:00.0060037" startTime="2011-06-11T22:58:32.2456951+05:30" endTime="2011-06-11T22:58:32.2666963+05:30" testType="13cdc9d9-ddb5-4fa4-a97d-d965ccfc6d4b" outcome="Passed" testListId="8c84fa94-04c1-424b-9868-57a2d4851a1d" relativeResultsDirectory="c389963a-1e9e-4232-8e6e-f8d0cd87d96d">
    </UnitTestResult>
    <UnitTestResult executionId="4a32f027-8f44-4271-b12e-3c5e50c8b651" testId="a8c10fb5-c137-e6c1-92f7-8f1fb4c59deb" testName="CellConstructorTest" computerName="MYSHEC51628L" duration="00:00:00.0006174" startTime="2011-06-11T22:58:32.2856974+05:30" endTime="2011-06-11T22:58:32.3016983+05:30" testType="13cdc9d9-ddb5-4fa4-a97d-d965ccfc6d4b" outcome="Passed" testListId="8c84fa94-04c1-424b-9868-57a2d4851a1d" relativeResultsDirectory="4a32f027-8f44-4271-b12e-3c5e50c8b651">
    </UnitTestResult>
    <UnitTestResult executionId="260c645e-b248-478e-824f-18475f6d0e24" testId="63c8518e-2439-ebd2-e4e0-6f94830146f5" testName="IsAliveTest" computerName="MYSHEC51628L" duration="00:00:00.0003187" startTime="2011-06-11T22:58:32.3176992+05:30" endTime="2011-06-11T22:58:32.3327001+05:30" testType="13cdc9d9-ddb5-4fa4-a97d-d965ccfc6d4b" outcome="Passed" testListId="8c84fa94-04c1-424b-9868-57a2d4851a1d" relativeResultsDirectory="260c645e-b248-478e-824f-18475f6d0e24">
    </UnitTestResult>
    <UnitTestResult executionId="0c0e2123-2807-4c2c-99cf-8b1038d570fc" testId="29c44247-3ad8-d615-778b-c1ec6adcbfa0" testName="IsAliveTest2" computerName="MYSHEC51628L" duration="00:00:00.0003207" startTime="2011-06-11T22:58:32.3497010+05:30" endTime="2011-06-11T22:58:32.3677021+05:30" testType="13cdc9d9-ddb5-4fa4-a97d-d965ccfc6d4b" outcome="Passed" testListId="8c84fa94-04c1-424b-9868-57a2d4851a1d" relativeResultsDirectory="0c0e2123-2807-4c2c-99cf-8b1038d570fc">
    </UnitTestResult>
    <UnitTestResult executionId="95381899-ad73-40ea-b068-5eead26ffe99" testId="4e67a92b-ae19-d9e5-0299-f763dfc4b6d8" testName="ToStringTest" computerName="MYSHEC51628L" duration="00:00:00.0003161" startTime="2011-06-11T22:58:32.3887033+05:30" endTime="2011-06-11T22:58:32.4057042+05:30" testType="13cdc9d9-ddb5-4fa4-a97d-d965ccfc6d4b" outcome="Passed" testListId="8c84fa94-04c1-424b-9868-57a2d4851a1d" relativeResultsDirectory="95381899-ad73-40ea-b068-5eead26ffe99">
    </UnitTestResult>
    <UnitTestResult executionId="cb69c73e-2dab-4454-b579-8bb6e0d6bc49" testId="6b4f5743-f93c-e414-be2f-c2f2fce3a5c2" testName="ToStringTest" computerName="MYSHEC51628L" duration="00:00:00.0005820" startTime="2011-06-11T22:58:32.4177049+05:30" endTime="2011-06-11T22:58:32.4367060+05:30" testType="13cdc9d9-ddb5-4fa4-a97d-d965ccfc6d4b" outcome="Passed" testListId="8c84fa94-04c1-424b-9868-57a2d4851a1d" relativeResultsDirectory="cb69c73e-2dab-4454-b579-8bb6e0d6bc49">
    </UnitTestResult>
    <UnitTestResult executionId="907edaa1-e3e8-4140-bd1f-01eba62c5ef4" testId="e0a2cea7-fed0-6f35-625a-1cbe1a6564e4" testName="RowConstructorTest" computerName="MYSHEC51628L" duration="00:00:00.0003423" startTime="2011-06-11T22:58:32.4827086+05:30" endTime="2011-06-11T22:58:32.5187107+05:30" testType="13cdc9d9-ddb5-4fa4-a97d-d965ccfc6d4b" outcome="Passed" testListId="8c84fa94-04c1-424b-9868-57a2d4851a1d" relativeResultsDirectory="907edaa1-e3e8-4140-bd1f-01eba62c5ef4">
    </UnitTestResult>
    <UnitTestResult executionId="8dbe1368-9749-4859-99e7-aa47da100d4f" testId="beae48f1-8b10-deea-96c9-33953c80edf1" testName="GetColumnCountTest" computerName="MYSHEC51628L" duration="00:00:00.0013735" startTime="2011-06-11T22:58:32.5637133+05:30" endTime="2011-06-11T22:58:32.5897148+05:30" testType="13cdc9d9-ddb5-4fa4-a97d-d965ccfc6d4b" outcome="Passed" testListId="8c84fa94-04c1-424b-9868-57a2d4851a1d" relativeResultsDirectory="8dbe1368-9749-4859-99e7-aa47da100d4f">
    </UnitTestResult>
    <UnitTestResult executionId="03a7f87e-ed88-44f5-93e0-cf3c766f36c8" testId="0a17ab39-6946-b5c3-5bdd-daa86e51c740" testName="IsNewRowNeededTest" computerName="MYSHEC51628L" duration="00:00:00.0004819" startTime="2011-06-11T22:58:32.6057157+05:30" endTime="2011-06-11T22:58:32.6247168+05:30" testType="13cdc9d9-ddb5-4fa4-a97d-d965ccfc6d4b" outcome="Passed" testListId="8c84fa94-04c1-424b-9868-57a2d4851a1d" relativeResultsDirectory="03a7f87e-ed88-44f5-93e0-cf3c766f36c8">
    </UnitTestResult>
    <UnitTestResult executionId="cab7cd6b-a689-4100-89a6-df9ab96d42cc" testId="3444a78d-6ed0-77bc-f380-8049bbaa388d" testName="IsNewColumnNeededAtLeftTest" computerName="MYSHEC51628L" duration="00:00:00.0011399" startTime="2011-06-11T22:58:32.6407177+05:30" endTime="2011-06-11T22:58:32.6597188+05:30" testType="13cdc9d9-ddb5-4fa4-a97d-d965ccfc6d4b" outcome="Passed" testListId="8c84fa94-04c1-424b-9868-57a2d4851a1d" relativeResultsDirectory="cab7cd6b-a689-4100-89a6-df9ab96d42cc">
    </UnitTestResult>
    <UnitTestResult executionId="212f19dd-5d58-4631-b23a-9e9ed6260775" testId="f8d721a4-0f11-8174-bc5b-485fc41a33c5" testName="ToStringTest1" computerName="MYSHEC51628L" duration="00:00:00.0071385" startTime="2011-06-11T22:58:32.6727195+05:30" endTime="2011-06-11T22:58:32.6947208+05:30" testType="13cdc9d9-ddb5-4fa4-a97d-d965ccfc6d4b" outcome="Passed" testListId="8c84fa94-04c1-424b-9868-57a2d4851a1d" relativeResultsDirectory="212f19dd-5d58-4631-b23a-9e9ed6260775">
    </UnitTestResult>
    <UnitTestResult executionId="31ca9177-ce8f-48a9-ada0-43d23a069399" testId="b8ff4e9a-2465-67cd-8dbd-8b9e678b7f10" testName="ToStringTest2" computerName="MYSHEC51628L" duration="00:00:00.0003613" startTime="2011-06-11T22:58:32.7097216+05:30" endTime="2011-06-11T22:58:32.7257225+05:30" testType="13cdc9d9-ddb5-4fa4-a97d-d965ccfc6d4b" outcome="Passed" testListId="8c84fa94-04c1-424b-9868-57a2d4851a1d" relativeResultsDirectory="31ca9177-ce8f-48a9-ada0-43d23a069399">
    </UnitTestResult>
    <UnitTestResult executionId="e7b5ffeb-cf92-45ef-803a-6a0c138cb969" testId="1d33b44e-569c-2798-5327-5449e017a583" testName="ToStringTest3" computerName="MYSHEC51628L" duration="00:00:00.0005343" startTime="2011-06-11T22:58:32.7427235+05:30" endTime="2011-06-11T22:58:32.7597245+05:30" testType="13cdc9d9-ddb5-4fa4-a97d-d965ccfc6d4b" outcome="Passed" testListId="8c84fa94-04c1-424b-9868-57a2d4851a1d" relativeResultsDirectory="e7b5ffeb-cf92-45ef-803a-6a0c138cb969">
    </UnitTestResult>
    <UnitTestResult executionId="a8238b98-c63f-42fb-a358-536861677781" testId="df48ed7f-e6c8-b9d2-e542-4837559b246d" testName="ToStringTest4" computerName="MYSHEC51628L" duration="00:00:00.0010486" startTime="2011-06-11T22:58:32.7777255+05:30" endTime="2011-06-11T22:58:32.7957266+05:30" testType="13cdc9d9-ddb5-4fa4-a97d-d965ccfc6d4b" outcome="Passed" testListId="8c84fa94-04c1-424b-9868-57a2d4851a1d" relativeResultsDirectory="a8238b98-c63f-42fb-a358-536861677781">
    </UnitTestResult>
    <UnitTestResult executionId="74e507f7-f494-4b36-92f2-6219e7059d7b" testId="2658872e-3e03-e7fe-ed96-53b63ff4c738" testName="ToStringTest5" computerName="MYSHEC51628L" duration="00:00:00.0013406" startTime="2011-06-11T22:58:32.8097274+05:30" endTime="2011-06-11T22:58:32.8267283+05:30" testType="13cdc9d9-ddb5-4fa4-a97d-d965ccfc6d4b" outcome="Passed" testListId="8c84fa94-04c1-424b-9868-57a2d4851a1d" relativeResultsDirectory="74e507f7-f494-4b36-92f2-6219e7059d7b">
    </UnitTestResult>
    <UnitTestResult executionId="d3cfe4aa-7815-4e3e-8fd7-c692a8c479dd" testId="ca373f64-4752-067d-da01-80ebd5e1c37e" testName="ToStringTest6" computerName="MYSHEC51628L" duration="00:00:00.0004018" startTime="2011-06-11T22:58:32.8517298+05:30" endTime="2011-06-11T22:58:32.8647305+05:30" testType="13cdc9d9-ddb5-4fa4-a97d-d965ccfc6d4b" outcome="Passed" testListId="8c84fa94-04c1-424b-9868-57a2d4851a1d" relativeResultsDirectory="d3cfe4aa-7815-4e3e-8fd7-c692a8c479dd">
    </UnitTestResult>
    <UnitTestResult executionId="c7c6e023-52c0-4c0f-8d16-abfedc94c120" testId="acf86805-7912-ae76-5e60-498d52ead98f" testName="ToStringTest7" computerName="MYSHEC51628L" duration="00:00:00.0003536" startTime="2011-06-11T22:58:32.8777312+05:30" endTime="2011-06-11T22:58:32.8957323+05:30" testType="13cdc9d9-ddb5-4fa4-a97d-d965ccfc6d4b" outcome="Passed" testListId="8c84fa94-04c1-424b-9868-57a2d4851a1d" relativeResultsDirectory="c7c6e023-52c0-4c0f-8d16-abfedc94c120">
    </UnitTestResult>
    <UnitTestResult executionId="07e60511-0e8a-489c-8bbb-f1937598cadf" testId="b23fc4bb-6bc1-4a97-081e-2ab90d1dbb11" testName="IsNewColumnNeededAtRightTest1" computerName="MYSHEC51628L" duration="00:00:00.0005527" startTime="2011-06-11T22:58:32.9057328+05:30" endTime="2011-06-11T22:58:32.9207337+05:30" testType="13cdc9d9-ddb5-4fa4-a97d-d965ccfc6d4b" outcome="Passed" testListId="8c84fa94-04c1-424b-9868-57a2d4851a1d" relativeResultsDirectory="07e60511-0e8a-489c-8bbb-f1937598cadf">
    </UnitTestResult>
    <UnitTestResult executionId="05e4ddf8-0ba3-4fcb-992f-c140f95aa998" testId="ac032d1b-affc-94c0-c9e0-91dc39a52878" testName="IsNewColumnNeededAtLeftTest1" computerName="MYSHEC51628L" duration="00:00:00.0004983" startTime="2011-06-11T22:58:32.9337344+05:30" endTime="2011-06-11T22:58:32.9537356+05:30" testType="13cdc9d9-ddb5-4fa4-a97d-d965ccfc6d4b" outcome="Passed" testListId="8c84fa94-04c1-424b-9868-57a2d4851a1d" relativeResultsDirectory="05e4ddf8-0ba3-4fcb-992f-c140f95aa998">
    </UnitTestResult>
    <UnitTestResult executionId="585da846-26ba-4fc2-abd6-adfca1268a7c" testId="432f37a5-9508-df5f-9c22-f80ebe5efcc0" testName="GetColumnCountTest1" computerName="MYSHEC51628L" duration="00:00:00.0003233" startTime="2011-06-11T22:58:32.9697365+05:30" endTime="2011-06-11T22:58:32.9867375+05:30" testType="13cdc9d9-ddb5-4fa4-a97d-d965ccfc6d4b" outcome="Passed" testListId="8c84fa94-04c1-424b-9868-57a2d4851a1d" relativeResultsDirectory="585da846-26ba-4fc2-abd6-adfca1268a7c">
    </UnitTestResult>
    <UnitTestResult executionId="ff59cbfd-8011-4c59-a51a-13ed2851cce3" testId="7074d83c-bec0-987d-6d75-c3da324212d2" testName="IsNewRowNeededTest1" computerName="MYSHEC51628L" duration="00:00:07.7984460" startTime="2011-06-11T22:58:33.0007383+05:30" endTime="2011-06-11T22:58:40.7991843+05:30" testType="13cdc9d9-ddb5-4fa4-a97d-d965ccfc6d4b" outcome="Aborted" testListId="8c84fa94-04c1-424b-9868-57a2d4851a1d" relativeResultsDirectory="ff59cbfd-8011-4c59-a51a-13ed2851cce3">
    </UnitTestResult>
  </Results>
</TestRun>